                                      1 ;--------------------------------------------------------
                                      2 ; File Created by SDCC : free open source ANSI-C Compiler
                                      3 ; Version 4.2.0 #13081 (MINGW64)
                                      4 ;--------------------------------------------------------
                                      5 	.module linked_list
                                      6 	.optsdcc -mmcs51 --model-large
                                      7 	
                                      8 ;--------------------------------------------------------
                                      9 ; Public variables in this module
                                     10 ;--------------------------------------------------------
                                     11 	.globl _free
                                     12 	.globl _remove_from_buffer_list_PARM_2
                                     13 	.globl _append_to_buffer_list_PARM_2
                                     14 	.globl _append_to_buffer_list
                                     15 	.globl _remove_from_buffer_list
                                     16 	.globl _free_all_elems_from_list
                                     17 ;--------------------------------------------------------
                                     18 ; special function registers
                                     19 ;--------------------------------------------------------
                                     20 	.area RSEG    (ABS,DATA)
      000000                         21 	.org 0x0000
                                     22 ;--------------------------------------------------------
                                     23 ; special function bits
                                     24 ;--------------------------------------------------------
                                     25 	.area RSEG    (ABS,DATA)
      000000                         26 	.org 0x0000
                                     27 ;--------------------------------------------------------
                                     28 ; overlayable register banks
                                     29 ;--------------------------------------------------------
                                     30 	.area REG_BANK_0	(REL,OVR,DATA)
      000000                         31 	.ds 8
                                     32 ;--------------------------------------------------------
                                     33 ; internal ram data
                                     34 ;--------------------------------------------------------
                                     35 	.area DSEG    (DATA)
      000000                         36 _remove_from_buffer_list_sloc0_1_0:
      000000                         37 	.ds 3
      000003                         38 _free_all_elems_from_list_sloc0_1_0:
      000003                         39 	.ds 3
                                     40 ;--------------------------------------------------------
                                     41 ; overlayable items in internal ram
                                     42 ;--------------------------------------------------------
                                     43 	.area	OSEG    (OVR,DATA)
      000000                         44 _append_to_buffer_list_sloc0_1_0:
      000000                         45 	.ds 3
                                     46 ;--------------------------------------------------------
                                     47 ; indirectly addressable internal ram data
                                     48 ;--------------------------------------------------------
                                     49 	.area ISEG    (DATA)
                                     50 ;--------------------------------------------------------
                                     51 ; absolute internal ram data
                                     52 ;--------------------------------------------------------
                                     53 	.area IABS    (ABS,DATA)
                                     54 	.area IABS    (ABS,DATA)
                                     55 ;--------------------------------------------------------
                                     56 ; bit data
                                     57 ;--------------------------------------------------------
                                     58 	.area BSEG    (BIT)
                                     59 ;--------------------------------------------------------
                                     60 ; paged external ram data
                                     61 ;--------------------------------------------------------
                                     62 	.area PSEG    (PAG,XDATA)
                                     63 ;--------------------------------------------------------
                                     64 ; external ram data
                                     65 ;--------------------------------------------------------
                                     66 	.area XSEG    (XDATA)
      000000                         67 _append_to_buffer_list_PARM_2:
      000000                         68 	.ds 3
      000003                         69 _append_to_buffer_list_list_65536_45:
      000003                         70 	.ds 3
      000006                         71 _append_to_buffer_list_tail_131072_48:
      000006                         72 	.ds 3
      000009                         73 _remove_from_buffer_list_PARM_2:
      000009                         74 	.ds 2
      00000B                         75 _remove_from_buffer_list_list_65536_50:
      00000B                         76 	.ds 3
      00000E                         77 _remove_from_buffer_list_to_free_65537_52:
      00000E                         78 	.ds 3
      000011                         79 _remove_from_buffer_list_prev_131073_54:
      000011                         80 	.ds 3
      000014                         81 _free_all_elems_from_list_list_65536_57:
      000014                         82 	.ds 3
      000017                         83 _free_all_elems_from_list_buffer_to_free_65536_58:
      000017                         84 	.ds 3
                                     85 ;--------------------------------------------------------
                                     86 ; absolute external ram data
                                     87 ;--------------------------------------------------------
                                     88 	.area XABS    (ABS,XDATA)
                                     89 ;--------------------------------------------------------
                                     90 ; external initialized ram data
                                     91 ;--------------------------------------------------------
                                     92 	.area XISEG   (XDATA)
                                     93 	.area HOME    (CODE)
                                     94 	.area GSINIT0 (CODE)
                                     95 	.area GSINIT1 (CODE)
                                     96 	.area GSINIT2 (CODE)
                                     97 	.area GSINIT3 (CODE)
                                     98 	.area GSINIT4 (CODE)
                                     99 	.area GSINIT5 (CODE)
                                    100 	.area GSINIT  (CODE)
                                    101 	.area GSFINAL (CODE)
                                    102 	.area CSEG    (CODE)
                                    103 ;--------------------------------------------------------
                                    104 ; global & static initialisations
                                    105 ;--------------------------------------------------------
                                    106 	.area HOME    (CODE)
                                    107 	.area GSINIT  (CODE)
                                    108 	.area GSFINAL (CODE)
                                    109 	.area GSINIT  (CODE)
                                    110 ;--------------------------------------------------------
                                    111 ; Home
                                    112 ;--------------------------------------------------------
                                    113 	.area HOME    (CODE)
                                    114 	.area HOME    (CODE)
                                    115 ;--------------------------------------------------------
                                    116 ; code
                                    117 ;--------------------------------------------------------
                                    118 	.area CSEG    (CODE)
                                    119 ;------------------------------------------------------------
                                    120 ;Allocation info for local variables in function 'append_to_buffer_list'
                                    121 ;------------------------------------------------------------
                                    122 ;buffer                    Allocated with name '_append_to_buffer_list_PARM_2'
                                    123 ;list                      Allocated with name '_append_to_buffer_list_list_65536_45'
                                    124 ;tail                      Allocated with name '_append_to_buffer_list_tail_131072_48'
                                    125 ;sloc0                     Allocated with name '_append_to_buffer_list_sloc0_1_0'
                                    126 ;------------------------------------------------------------
                                    127 ;	src/linked_list.c:5: bool append_to_buffer_list(buffer_list_t *list, buffer_t *buffer)
                                    128 ;	-----------------------------------------
                                    129 ;	 function append_to_buffer_list
                                    130 ;	-----------------------------------------
      000000                        131 _append_to_buffer_list:
                           000007   132 	ar7 = 0x07
                           000006   133 	ar6 = 0x06
                           000005   134 	ar5 = 0x05
                           000004   135 	ar4 = 0x04
                           000003   136 	ar3 = 0x03
                           000002   137 	ar2 = 0x02
                           000001   138 	ar1 = 0x01
                           000000   139 	ar0 = 0x00
      000000 AF F0            [24]  140 	mov	r7,b
      000002 AE 83            [24]  141 	mov	r6,dph
      000004 E5 82            [12]  142 	mov	a,dpl
      000006 90r00r03         [24]  143 	mov	dptr,#_append_to_buffer_list_list_65536_45
      000009 F0               [24]  144 	movx	@dptr,a
      00000A EE               [12]  145 	mov	a,r6
      00000B A3               [24]  146 	inc	dptr
      00000C F0               [24]  147 	movx	@dptr,a
      00000D EF               [12]  148 	mov	a,r7
      00000E A3               [24]  149 	inc	dptr
      00000F F0               [24]  150 	movx	@dptr,a
                                    151 ;	src/linked_list.c:7: if (list->head == NULL) 
      000010 90r00r03         [24]  152 	mov	dptr,#_append_to_buffer_list_list_65536_45
      000013 E0               [24]  153 	movx	a,@dptr
      000014 F5*00            [12]  154 	mov	_append_to_buffer_list_sloc0_1_0,a
      000016 A3               [24]  155 	inc	dptr
      000017 E0               [24]  156 	movx	a,@dptr
      000018 F5*01            [12]  157 	mov	(_append_to_buffer_list_sloc0_1_0 + 1),a
      00001A A3               [24]  158 	inc	dptr
      00001B E0               [24]  159 	movx	a,@dptr
      00001C F5*02            [12]  160 	mov	(_append_to_buffer_list_sloc0_1_0 + 2),a
      00001E 85*00 82         [24]  161 	mov	dpl,_append_to_buffer_list_sloc0_1_0
      000021 85*01 83         [24]  162 	mov	dph,(_append_to_buffer_list_sloc0_1_0 + 1)
      000024 85*02 F0         [24]  163 	mov	b,(_append_to_buffer_list_sloc0_1_0 + 2)
      000027 12r00r00         [24]  164 	lcall	__gptrget
      00002A FA               [12]  165 	mov	r2,a
      00002B A3               [24]  166 	inc	dptr
      00002C 12r00r00         [24]  167 	lcall	__gptrget
      00002F FB               [12]  168 	mov	r3,a
      000030 A3               [24]  169 	inc	dptr
      000031 12r00r00         [24]  170 	lcall	__gptrget
      000034 FC               [12]  171 	mov	r4,a
      000035 EA               [12]  172 	mov	a,r2
      000036 4B               [12]  173 	orl	a,r3
      000037 70 24            [24]  174 	jnz	00105$
                                    175 ;	src/linked_list.c:9: list->head = buffer; 
      000039 90r00r00         [24]  176 	mov	dptr,#_append_to_buffer_list_PARM_2
      00003C E0               [24]  177 	movx	a,@dptr
      00003D F8               [12]  178 	mov	r0,a
      00003E A3               [24]  179 	inc	dptr
      00003F E0               [24]  180 	movx	a,@dptr
      000040 F9               [12]  181 	mov	r1,a
      000041 A3               [24]  182 	inc	dptr
      000042 E0               [24]  183 	movx	a,@dptr
      000043 FF               [12]  184 	mov	r7,a
      000044 85*00 82         [24]  185 	mov	dpl,_append_to_buffer_list_sloc0_1_0
      000047 85*01 83         [24]  186 	mov	dph,(_append_to_buffer_list_sloc0_1_0 + 1)
      00004A 85*02 F0         [24]  187 	mov	b,(_append_to_buffer_list_sloc0_1_0 + 2)
      00004D E8               [12]  188 	mov	a,r0
      00004E 12r00r00         [24]  189 	lcall	__gptrput
      000051 A3               [24]  190 	inc	dptr
      000052 E9               [12]  191 	mov	a,r1
      000053 12r00r00         [24]  192 	lcall	__gptrput
      000056 A3               [24]  193 	inc	dptr
      000057 EF               [12]  194 	mov	a,r7
      000058 12r00r00         [24]  195 	lcall	__gptrput
      00005B 80 61            [24]  196 	sjmp	00106$
      00005D                        197 00105$:
                                    198 ;	src/linked_list.c:13: buffer_t *tail = list->head;
      00005D 90r00r06         [24]  199 	mov	dptr,#_append_to_buffer_list_tail_131072_48
      000060 EA               [12]  200 	mov	a,r2
      000061 F0               [24]  201 	movx	@dptr,a
      000062 EB               [12]  202 	mov	a,r3
      000063 A3               [24]  203 	inc	dptr
      000064 F0               [24]  204 	movx	@dptr,a
      000065 EC               [12]  205 	mov	a,r4
      000066 A3               [24]  206 	inc	dptr
      000067 F0               [24]  207 	movx	@dptr,a
                                    208 ;	src/linked_list.c:14: while(tail->next != NULL)
      000068                        209 00101$:
      000068 90r00r06         [24]  210 	mov	dptr,#_append_to_buffer_list_tail_131072_48
      00006B E0               [24]  211 	movx	a,@dptr
      00006C FD               [12]  212 	mov	r5,a
      00006D A3               [24]  213 	inc	dptr
      00006E E0               [24]  214 	movx	a,@dptr
      00006F FE               [12]  215 	mov	r6,a
      000070 A3               [24]  216 	inc	dptr
      000071 E0               [24]  217 	movx	a,@dptr
      000072 FF               [12]  218 	mov	r7,a
      000073 74 08            [12]  219 	mov	a,#0x08
      000075 2D               [12]  220 	add	a,r5
      000076 FD               [12]  221 	mov	r5,a
      000077 E4               [12]  222 	clr	a
      000078 3E               [12]  223 	addc	a,r6
      000079 FE               [12]  224 	mov	r6,a
      00007A 8D 82            [24]  225 	mov	dpl,r5
      00007C 8E 83            [24]  226 	mov	dph,r6
      00007E 8F F0            [24]  227 	mov	b,r7
      000080 12r00r00         [24]  228 	lcall	__gptrget
      000083 FA               [12]  229 	mov	r2,a
      000084 A3               [24]  230 	inc	dptr
      000085 12r00r00         [24]  231 	lcall	__gptrget
      000088 FB               [12]  232 	mov	r3,a
      000089 A3               [24]  233 	inc	dptr
      00008A 12r00r00         [24]  234 	lcall	__gptrget
      00008D FC               [12]  235 	mov	r4,a
      00008E EA               [12]  236 	mov	a,r2
      00008F 4B               [12]  237 	orl	a,r3
      000090 60 0D            [24]  238 	jz	00103$
                                    239 ;	src/linked_list.c:16: tail = tail->next;
      000092 90r00r06         [24]  240 	mov	dptr,#_append_to_buffer_list_tail_131072_48
      000095 EA               [12]  241 	mov	a,r2
      000096 F0               [24]  242 	movx	@dptr,a
      000097 EB               [12]  243 	mov	a,r3
      000098 A3               [24]  244 	inc	dptr
      000099 F0               [24]  245 	movx	@dptr,a
      00009A EC               [12]  246 	mov	a,r4
      00009B A3               [24]  247 	inc	dptr
      00009C F0               [24]  248 	movx	@dptr,a
      00009D 80 C9            [24]  249 	sjmp	00101$
      00009F                        250 00103$:
                                    251 ;	src/linked_list.c:18: tail->next = buffer;
      00009F 90r00r00         [24]  252 	mov	dptr,#_append_to_buffer_list_PARM_2
      0000A2 E0               [24]  253 	movx	a,@dptr
      0000A3 FA               [12]  254 	mov	r2,a
      0000A4 A3               [24]  255 	inc	dptr
      0000A5 E0               [24]  256 	movx	a,@dptr
      0000A6 FB               [12]  257 	mov	r3,a
      0000A7 A3               [24]  258 	inc	dptr
      0000A8 E0               [24]  259 	movx	a,@dptr
      0000A9 FC               [12]  260 	mov	r4,a
      0000AA 8D 82            [24]  261 	mov	dpl,r5
      0000AC 8E 83            [24]  262 	mov	dph,r6
      0000AE 8F F0            [24]  263 	mov	b,r7
      0000B0 EA               [12]  264 	mov	a,r2
      0000B1 12r00r00         [24]  265 	lcall	__gptrput
      0000B4 A3               [24]  266 	inc	dptr
      0000B5 EB               [12]  267 	mov	a,r3
      0000B6 12r00r00         [24]  268 	lcall	__gptrput
      0000B9 A3               [24]  269 	inc	dptr
      0000BA EC               [12]  270 	mov	a,r4
      0000BB 12r00r00         [24]  271 	lcall	__gptrput
      0000BE                        272 00106$:
                                    273 ;	src/linked_list.c:20: buffer->next = NULL; 
      0000BE 90r00r00         [24]  274 	mov	dptr,#_append_to_buffer_list_PARM_2
      0000C1 E0               [24]  275 	movx	a,@dptr
      0000C2 FD               [12]  276 	mov	r5,a
      0000C3 A3               [24]  277 	inc	dptr
      0000C4 E0               [24]  278 	movx	a,@dptr
      0000C5 FE               [12]  279 	mov	r6,a
      0000C6 A3               [24]  280 	inc	dptr
      0000C7 E0               [24]  281 	movx	a,@dptr
      0000C8 FF               [12]  282 	mov	r7,a
      0000C9 74 08            [12]  283 	mov	a,#0x08
      0000CB 2D               [12]  284 	add	a,r5
      0000CC FD               [12]  285 	mov	r5,a
      0000CD E4               [12]  286 	clr	a
      0000CE 3E               [12]  287 	addc	a,r6
      0000CF FE               [12]  288 	mov	r6,a
      0000D0 8D 82            [24]  289 	mov	dpl,r5
      0000D2 8E 83            [24]  290 	mov	dph,r6
      0000D4 8F F0            [24]  291 	mov	b,r7
      0000D6 E4               [12]  292 	clr	a
      0000D7 12r00r00         [24]  293 	lcall	__gptrput
      0000DA A3               [24]  294 	inc	dptr
      0000DB 12r00r00         [24]  295 	lcall	__gptrput
      0000DE A3               [24]  296 	inc	dptr
      0000DF 12r00r00         [24]  297 	lcall	__gptrput
                                    298 ;	src/linked_list.c:21: return true;
      0000E2 75 82 01         [24]  299 	mov	dpl,#0x01
                                    300 ;	src/linked_list.c:22: }
      0000E5 22               [24]  301 	ret
                                    302 ;------------------------------------------------------------
                                    303 ;Allocation info for local variables in function 'remove_from_buffer_list'
                                    304 ;------------------------------------------------------------
                                    305 ;sloc0                     Allocated with name '_remove_from_buffer_list_sloc0_1_0'
                                    306 ;idx                       Allocated with name '_remove_from_buffer_list_PARM_2'
                                    307 ;list                      Allocated with name '_remove_from_buffer_list_list_65536_50'
                                    308 ;to_free                   Allocated with name '_remove_from_buffer_list_to_free_65537_52'
                                    309 ;prev                      Allocated with name '_remove_from_buffer_list_prev_131073_54'
                                    310 ;------------------------------------------------------------
                                    311 ;	src/linked_list.c:25: bool remove_from_buffer_list(buffer_list_t *list, size_t idx)
                                    312 ;	-----------------------------------------
                                    313 ;	 function remove_from_buffer_list
                                    314 ;	-----------------------------------------
      0000E6                        315 _remove_from_buffer_list:
      0000E6 AF F0            [24]  316 	mov	r7,b
      0000E8 AE 83            [24]  317 	mov	r6,dph
      0000EA E5 82            [12]  318 	mov	a,dpl
      0000EC 90r00r0B         [24]  319 	mov	dptr,#_remove_from_buffer_list_list_65536_50
      0000EF F0               [24]  320 	movx	@dptr,a
      0000F0 EE               [12]  321 	mov	a,r6
      0000F1 A3               [24]  322 	inc	dptr
      0000F2 F0               [24]  323 	movx	@dptr,a
      0000F3 EF               [12]  324 	mov	a,r7
      0000F4 A3               [24]  325 	inc	dptr
      0000F5 F0               [24]  326 	movx	@dptr,a
                                    327 ;	src/linked_list.c:27: if (list == NULL) return false;
      0000F6 90r00r0B         [24]  328 	mov	dptr,#_remove_from_buffer_list_list_65536_50
      0000F9 E0               [24]  329 	movx	a,@dptr
      0000FA F5*00            [12]  330 	mov	_remove_from_buffer_list_sloc0_1_0,a
      0000FC A3               [24]  331 	inc	dptr
      0000FD E0               [24]  332 	movx	a,@dptr
      0000FE F5*01            [12]  333 	mov	(_remove_from_buffer_list_sloc0_1_0 + 1),a
      000100 A3               [24]  334 	inc	dptr
      000101 E0               [24]  335 	movx	a,@dptr
      000102 F5*02            [12]  336 	mov	(_remove_from_buffer_list_sloc0_1_0 + 2),a
      000104 E5*00            [12]  337 	mov	a,_remove_from_buffer_list_sloc0_1_0
      000106 45*01            [12]  338 	orl	a,(_remove_from_buffer_list_sloc0_1_0 + 1)
      000108 70 03            [24]  339 	jnz	00102$
      00010A F5 82            [12]  340 	mov	dpl,a
      00010C 22               [24]  341 	ret
      00010D                        342 00102$:
                                    343 ;	src/linked_list.c:28: if (list->head == NULL) return false;
      00010D 85*00 82         [24]  344 	mov	dpl,_remove_from_buffer_list_sloc0_1_0
      000110 85*01 83         [24]  345 	mov	dph,(_remove_from_buffer_list_sloc0_1_0 + 1)
      000113 85*02 F0         [24]  346 	mov	b,(_remove_from_buffer_list_sloc0_1_0 + 2)
      000116 12r00r00         [24]  347 	lcall	__gptrget
      000119 FA               [12]  348 	mov	r2,a
      00011A A3               [24]  349 	inc	dptr
      00011B 12r00r00         [24]  350 	lcall	__gptrget
      00011E FB               [12]  351 	mov	r3,a
      00011F A3               [24]  352 	inc	dptr
      000120 12r00r00         [24]  353 	lcall	__gptrget
      000123 FC               [12]  354 	mov	r4,a
      000124 EA               [12]  355 	mov	a,r2
      000125 4B               [12]  356 	orl	a,r3
      000126 70 03            [24]  357 	jnz	00104$
      000128 F5 82            [12]  358 	mov	dpl,a
      00012A 22               [24]  359 	ret
      00012B                        360 00104$:
                                    361 ;	src/linked_list.c:31: if (idx == 0)
      00012B 90r00r09         [24]  362 	mov	dptr,#_remove_from_buffer_list_PARM_2
      00012E E0               [24]  363 	movx	a,@dptr
      00012F F8               [12]  364 	mov	r0,a
      000130 A3               [24]  365 	inc	dptr
      000131 E0               [24]  366 	movx	a,@dptr
      000132 F9               [12]  367 	mov	r1,a
      000133 90r00r09         [24]  368 	mov	dptr,#_remove_from_buffer_list_PARM_2
      000136 E0               [24]  369 	movx	a,@dptr
      000137 F5 F0            [12]  370 	mov	b,a
      000139 A3               [24]  371 	inc	dptr
      00013A E0               [24]  372 	movx	a,@dptr
      00013B 45 F0            [12]  373 	orl	a,b
      00013D 70 42            [24]  374 	jnz	00112$
                                    375 ;	src/linked_list.c:34: to_free = list->head;
      00013F 90r00r0E         [24]  376 	mov	dptr,#_remove_from_buffer_list_to_free_65537_52
      000142 EA               [12]  377 	mov	a,r2
      000143 F0               [24]  378 	movx	@dptr,a
      000144 EB               [12]  379 	mov	a,r3
      000145 A3               [24]  380 	inc	dptr
      000146 F0               [24]  381 	movx	@dptr,a
      000147 EC               [12]  382 	mov	a,r4
      000148 A3               [24]  383 	inc	dptr
      000149 F0               [24]  384 	movx	@dptr,a
                                    385 ;	src/linked_list.c:35: list->head = list->head->next;  
      00014A 74 08            [12]  386 	mov	a,#0x08
      00014C 2A               [12]  387 	add	a,r2
      00014D FD               [12]  388 	mov	r5,a
      00014E E4               [12]  389 	clr	a
      00014F 3B               [12]  390 	addc	a,r3
      000150 FE               [12]  391 	mov	r6,a
      000151 8C 07            [24]  392 	mov	ar7,r4
      000153 8D 82            [24]  393 	mov	dpl,r5
      000155 8E 83            [24]  394 	mov	dph,r6
      000157 8F F0            [24]  395 	mov	b,r7
      000159 12r00r00         [24]  396 	lcall	__gptrget
      00015C FD               [12]  397 	mov	r5,a
      00015D A3               [24]  398 	inc	dptr
      00015E 12r00r00         [24]  399 	lcall	__gptrget
      000161 FE               [12]  400 	mov	r6,a
      000162 A3               [24]  401 	inc	dptr
      000163 12r00r00         [24]  402 	lcall	__gptrget
      000166 FF               [12]  403 	mov	r7,a
      000167 85*00 82         [24]  404 	mov	dpl,_remove_from_buffer_list_sloc0_1_0
      00016A 85*01 83         [24]  405 	mov	dph,(_remove_from_buffer_list_sloc0_1_0 + 1)
      00016D 85*02 F0         [24]  406 	mov	b,(_remove_from_buffer_list_sloc0_1_0 + 2)
      000170 ED               [12]  407 	mov	a,r5
      000171 12r00r00         [24]  408 	lcall	__gptrput
      000174 A3               [24]  409 	inc	dptr
      000175 EE               [12]  410 	mov	a,r6
      000176 12r00r00         [24]  411 	lcall	__gptrput
      000179 A3               [24]  412 	inc	dptr
      00017A EF               [12]  413 	mov	a,r7
      00017B 12r00r00         [24]  414 	lcall	__gptrput
      00017E 02r02r49         [24]  415 	ljmp	00113$
      000181                        416 00112$:
                                    417 ;	src/linked_list.c:39: buffer_t *prev = list->head;
      000181 90r00r11         [24]  418 	mov	dptr,#_remove_from_buffer_list_prev_131073_54
      000184 EA               [12]  419 	mov	a,r2
      000185 F0               [24]  420 	movx	@dptr,a
      000186 EB               [12]  421 	mov	a,r3
      000187 A3               [24]  422 	inc	dptr
      000188 F0               [24]  423 	movx	@dptr,a
      000189 EC               [12]  424 	mov	a,r4
      00018A A3               [24]  425 	inc	dptr
      00018B F0               [24]  426 	movx	@dptr,a
                                    427 ;	src/linked_list.c:40: idx--;
      00018C 18               [12]  428 	dec	r0
      00018D B8 FF 01         [24]  429 	cjne	r0,#0xff,00160$
      000190 19               [12]  430 	dec	r1
      000191                        431 00160$:
      000191 90r00r09         [24]  432 	mov	dptr,#_remove_from_buffer_list_PARM_2
      000194 E8               [12]  433 	mov	a,r0
      000195 F0               [24]  434 	movx	@dptr,a
      000196 E9               [12]  435 	mov	a,r1
      000197 A3               [24]  436 	inc	dptr
      000198 F0               [24]  437 	movx	@dptr,a
                                    438 ;	src/linked_list.c:41: while(idx > 0 && prev->next != NULL)
      000199 90r00r09         [24]  439 	mov	dptr,#_remove_from_buffer_list_PARM_2
      00019C E0               [24]  440 	movx	a,@dptr
      00019D FE               [12]  441 	mov	r6,a
      00019E A3               [24]  442 	inc	dptr
      00019F E0               [24]  443 	movx	a,@dptr
      0001A0 FF               [12]  444 	mov	r7,a
      0001A1                        445 00106$:
      0001A1 EE               [12]  446 	mov	a,r6
      0001A2 4F               [12]  447 	orl	a,r7
      0001A3 60 3C            [24]  448 	jz	00108$
      0001A5 90r00r11         [24]  449 	mov	dptr,#_remove_from_buffer_list_prev_131073_54
      0001A8 E0               [24]  450 	movx	a,@dptr
      0001A9 FB               [12]  451 	mov	r3,a
      0001AA A3               [24]  452 	inc	dptr
      0001AB E0               [24]  453 	movx	a,@dptr
      0001AC FC               [12]  454 	mov	r4,a
      0001AD A3               [24]  455 	inc	dptr
      0001AE E0               [24]  456 	movx	a,@dptr
      0001AF FD               [12]  457 	mov	r5,a
      0001B0 74 08            [12]  458 	mov	a,#0x08
      0001B2 2B               [12]  459 	add	a,r3
      0001B3 FB               [12]  460 	mov	r3,a
      0001B4 E4               [12]  461 	clr	a
      0001B5 3C               [12]  462 	addc	a,r4
      0001B6 FC               [12]  463 	mov	r4,a
      0001B7 8B 82            [24]  464 	mov	dpl,r3
      0001B9 8C 83            [24]  465 	mov	dph,r4
      0001BB 8D F0            [24]  466 	mov	b,r5
      0001BD 12r00r00         [24]  467 	lcall	__gptrget
      0001C0 FB               [12]  468 	mov	r3,a
      0001C1 A3               [24]  469 	inc	dptr
      0001C2 12r00r00         [24]  470 	lcall	__gptrget
      0001C5 FC               [12]  471 	mov	r4,a
      0001C6 A3               [24]  472 	inc	dptr
      0001C7 12r00r00         [24]  473 	lcall	__gptrget
      0001CA FD               [12]  474 	mov	r5,a
      0001CB EB               [12]  475 	mov	a,r3
      0001CC 4C               [12]  476 	orl	a,r4
      0001CD 60 12            [24]  477 	jz	00108$
                                    478 ;	src/linked_list.c:43: prev = prev->next;
      0001CF 90r00r11         [24]  479 	mov	dptr,#_remove_from_buffer_list_prev_131073_54
      0001D2 EB               [12]  480 	mov	a,r3
      0001D3 F0               [24]  481 	movx	@dptr,a
      0001D4 EC               [12]  482 	mov	a,r4
      0001D5 A3               [24]  483 	inc	dptr
      0001D6 F0               [24]  484 	movx	@dptr,a
      0001D7 ED               [12]  485 	mov	a,r5
      0001D8 A3               [24]  486 	inc	dptr
      0001D9 F0               [24]  487 	movx	@dptr,a
                                    488 ;	src/linked_list.c:44: idx--;
      0001DA 1E               [12]  489 	dec	r6
      0001DB BE FF 01         [24]  490 	cjne	r6,#0xff,00163$
      0001DE 1F               [12]  491 	dec	r7
      0001DF                        492 00163$:
      0001DF 80 C0            [24]  493 	sjmp	00106$
      0001E1                        494 00108$:
                                    495 ;	src/linked_list.c:47: if (idx != 0) return false;
      0001E1 EE               [12]  496 	mov	a,r6
      0001E2 4F               [12]  497 	orl	a,r7
      0001E3 60 04            [24]  498 	jz	00110$
      0001E5 75 82 00         [24]  499 	mov	dpl,#0x00
      0001E8 22               [24]  500 	ret
      0001E9                        501 00110$:
                                    502 ;	src/linked_list.c:48: to_free = prev->next;
      0001E9 90r00r11         [24]  503 	mov	dptr,#_remove_from_buffer_list_prev_131073_54
      0001EC E0               [24]  504 	movx	a,@dptr
      0001ED FD               [12]  505 	mov	r5,a
      0001EE A3               [24]  506 	inc	dptr
      0001EF E0               [24]  507 	movx	a,@dptr
      0001F0 FE               [12]  508 	mov	r6,a
      0001F1 A3               [24]  509 	inc	dptr
      0001F2 E0               [24]  510 	movx	a,@dptr
      0001F3 FF               [12]  511 	mov	r7,a
      0001F4 74 08            [12]  512 	mov	a,#0x08
      0001F6 2D               [12]  513 	add	a,r5
      0001F7 FD               [12]  514 	mov	r5,a
      0001F8 E4               [12]  515 	clr	a
      0001F9 3E               [12]  516 	addc	a,r6
      0001FA FE               [12]  517 	mov	r6,a
      0001FB 8D 82            [24]  518 	mov	dpl,r5
      0001FD 8E 83            [24]  519 	mov	dph,r6
      0001FF 8F F0            [24]  520 	mov	b,r7
      000201 12r00r00         [24]  521 	lcall	__gptrget
      000204 FA               [12]  522 	mov	r2,a
      000205 A3               [24]  523 	inc	dptr
      000206 12r00r00         [24]  524 	lcall	__gptrget
      000209 FB               [12]  525 	mov	r3,a
      00020A A3               [24]  526 	inc	dptr
      00020B 12r00r00         [24]  527 	lcall	__gptrget
      00020E FC               [12]  528 	mov	r4,a
      00020F 90r00r0E         [24]  529 	mov	dptr,#_remove_from_buffer_list_to_free_65537_52
      000212 EA               [12]  530 	mov	a,r2
      000213 F0               [24]  531 	movx	@dptr,a
      000214 EB               [12]  532 	mov	a,r3
      000215 A3               [24]  533 	inc	dptr
      000216 F0               [24]  534 	movx	@dptr,a
      000217 EC               [12]  535 	mov	a,r4
      000218 A3               [24]  536 	inc	dptr
      000219 F0               [24]  537 	movx	@dptr,a
                                    538 ;	src/linked_list.c:49: prev->next = to_free->next;
      00021A 74 08            [12]  539 	mov	a,#0x08
      00021C 2A               [12]  540 	add	a,r2
      00021D FA               [12]  541 	mov	r2,a
      00021E E4               [12]  542 	clr	a
      00021F 3B               [12]  543 	addc	a,r3
      000220 FB               [12]  544 	mov	r3,a
      000221 8A 82            [24]  545 	mov	dpl,r2
      000223 8B 83            [24]  546 	mov	dph,r3
      000225 8C F0            [24]  547 	mov	b,r4
      000227 12r00r00         [24]  548 	lcall	__gptrget
      00022A FA               [12]  549 	mov	r2,a
      00022B A3               [24]  550 	inc	dptr
      00022C 12r00r00         [24]  551 	lcall	__gptrget
      00022F FB               [12]  552 	mov	r3,a
      000230 A3               [24]  553 	inc	dptr
      000231 12r00r00         [24]  554 	lcall	__gptrget
      000234 FC               [12]  555 	mov	r4,a
      000235 8D 82            [24]  556 	mov	dpl,r5
      000237 8E 83            [24]  557 	mov	dph,r6
      000239 8F F0            [24]  558 	mov	b,r7
      00023B EA               [12]  559 	mov	a,r2
      00023C 12r00r00         [24]  560 	lcall	__gptrput
      00023F A3               [24]  561 	inc	dptr
      000240 EB               [12]  562 	mov	a,r3
      000241 12r00r00         [24]  563 	lcall	__gptrput
      000244 A3               [24]  564 	inc	dptr
      000245 EC               [12]  565 	mov	a,r4
      000246 12r00r00         [24]  566 	lcall	__gptrput
      000249                        567 00113$:
                                    568 ;	src/linked_list.c:52: if (to_free == NULL) return false; 
      000249 90r00r0E         [24]  569 	mov	dptr,#_remove_from_buffer_list_to_free_65537_52
      00024C E0               [24]  570 	movx	a,@dptr
      00024D FE               [12]  571 	mov	r6,a
      00024E A3               [24]  572 	inc	dptr
      00024F E0               [24]  573 	movx	a,@dptr
      000250 FD               [12]  574 	mov	r5,a
      000251 A3               [24]  575 	inc	dptr
      000252 E0               [24]  576 	movx	a,@dptr
      000253 FF               [12]  577 	mov	r7,a
      000254 90r00r0E         [24]  578 	mov	dptr,#_remove_from_buffer_list_to_free_65537_52
      000257 E0               [24]  579 	movx	a,@dptr
      000258 F5 F0            [12]  580 	mov	b,a
      00025A A3               [24]  581 	inc	dptr
      00025B E0               [24]  582 	movx	a,@dptr
      00025C 45 F0            [12]  583 	orl	a,b
      00025E 70 03            [24]  584 	jnz	00115$
      000260 F5 82            [12]  585 	mov	dpl,a
      000262 22               [24]  586 	ret
      000263                        587 00115$:
                                    588 ;	src/linked_list.c:53: if (to_free->buffer != NULL) 
      000263 8E 82            [24]  589 	mov	dpl,r6
      000265 8D 83            [24]  590 	mov	dph,r5
      000267 8F F0            [24]  591 	mov	b,r7
      000269 12r00r00         [24]  592 	lcall	__gptrget
      00026C FE               [12]  593 	mov	r6,a
      00026D A3               [24]  594 	inc	dptr
      00026E 12r00r00         [24]  595 	lcall	__gptrget
      000271 FF               [12]  596 	mov	r7,a
      000272 4E               [12]  597 	orl	a,r6
      000273 60 0B            [24]  598 	jz	00117$
                                    599 ;	src/linked_list.c:55: free(to_free->buffer);
      000275 7D 00            [12]  600 	mov	r5,#0x00
      000277 8E 82            [24]  601 	mov	dpl,r6
      000279 8F 83            [24]  602 	mov	dph,r7
      00027B 8D F0            [24]  603 	mov	b,r5
      00027D 12r00r00         [24]  604 	lcall	_free
      000280                        605 00117$:
                                    606 ;	src/linked_list.c:57: free(to_free);
      000280 90r00r0E         [24]  607 	mov	dptr,#_remove_from_buffer_list_to_free_65537_52
      000283 E0               [24]  608 	movx	a,@dptr
      000284 FD               [12]  609 	mov	r5,a
      000285 A3               [24]  610 	inc	dptr
      000286 E0               [24]  611 	movx	a,@dptr
      000287 FE               [12]  612 	mov	r6,a
      000288 A3               [24]  613 	inc	dptr
      000289 E0               [24]  614 	movx	a,@dptr
      00028A FF               [12]  615 	mov	r7,a
      00028B 8D 82            [24]  616 	mov	dpl,r5
      00028D 8E 83            [24]  617 	mov	dph,r6
      00028F 8F F0            [24]  618 	mov	b,r7
      000291 12r00r00         [24]  619 	lcall	_free
                                    620 ;	src/linked_list.c:58: return true; 
      000294 75 82 01         [24]  621 	mov	dpl,#0x01
                                    622 ;	src/linked_list.c:59: }
      000297 22               [24]  623 	ret
                                    624 ;------------------------------------------------------------
                                    625 ;Allocation info for local variables in function 'free_all_elems_from_list'
                                    626 ;------------------------------------------------------------
                                    627 ;sloc0                     Allocated with name '_free_all_elems_from_list_sloc0_1_0'
                                    628 ;list                      Allocated with name '_free_all_elems_from_list_list_65536_57'
                                    629 ;buffer_to_free            Allocated with name '_free_all_elems_from_list_buffer_to_free_65536_58'
                                    630 ;------------------------------------------------------------
                                    631 ;	src/linked_list.c:61: void free_all_elems_from_list(buffer_list_t *list)
                                    632 ;	-----------------------------------------
                                    633 ;	 function free_all_elems_from_list
                                    634 ;	-----------------------------------------
      000298                        635 _free_all_elems_from_list:
      000298 AF F0            [24]  636 	mov	r7,b
      00029A AE 83            [24]  637 	mov	r6,dph
      00029C E5 82            [12]  638 	mov	a,dpl
      00029E 90r00r14         [24]  639 	mov	dptr,#_free_all_elems_from_list_list_65536_57
      0002A1 F0               [24]  640 	movx	@dptr,a
      0002A2 EE               [12]  641 	mov	a,r6
      0002A3 A3               [24]  642 	inc	dptr
      0002A4 F0               [24]  643 	movx	@dptr,a
      0002A5 EF               [12]  644 	mov	a,r7
      0002A6 A3               [24]  645 	inc	dptr
      0002A7 F0               [24]  646 	movx	@dptr,a
                                    647 ;	src/linked_list.c:63: buffer_t *buffer_to_free = list->head;
      0002A8 90r00r14         [24]  648 	mov	dptr,#_free_all_elems_from_list_list_65536_57
      0002AB E0               [24]  649 	movx	a,@dptr
      0002AC FD               [12]  650 	mov	r5,a
      0002AD A3               [24]  651 	inc	dptr
      0002AE E0               [24]  652 	movx	a,@dptr
      0002AF FE               [12]  653 	mov	r6,a
      0002B0 A3               [24]  654 	inc	dptr
      0002B1 E0               [24]  655 	movx	a,@dptr
      0002B2 FF               [12]  656 	mov	r7,a
      0002B3 8D 82            [24]  657 	mov	dpl,r5
      0002B5 8E 83            [24]  658 	mov	dph,r6
      0002B7 8F F0            [24]  659 	mov	b,r7
      0002B9 12r00r00         [24]  660 	lcall	__gptrget
      0002BC FA               [12]  661 	mov	r2,a
      0002BD A3               [24]  662 	inc	dptr
      0002BE 12r00r00         [24]  663 	lcall	__gptrget
      0002C1 FB               [12]  664 	mov	r3,a
      0002C2 A3               [24]  665 	inc	dptr
      0002C3 12r00r00         [24]  666 	lcall	__gptrget
      0002C6 FC               [12]  667 	mov	r4,a
      0002C7 90r00r17         [24]  668 	mov	dptr,#_free_all_elems_from_list_buffer_to_free_65536_58
      0002CA EA               [12]  669 	mov	a,r2
      0002CB F0               [24]  670 	movx	@dptr,a
      0002CC EB               [12]  671 	mov	a,r3
      0002CD A3               [24]  672 	inc	dptr
      0002CE F0               [24]  673 	movx	@dptr,a
      0002CF EC               [12]  674 	mov	a,r4
      0002D0 A3               [24]  675 	inc	dptr
      0002D1 F0               [24]  676 	movx	@dptr,a
                                    677 ;	src/linked_list.c:64: while(list->head != NULL)
      0002D2                        678 00103$:
      0002D2 90r00r14         [24]  679 	mov	dptr,#_free_all_elems_from_list_list_65536_57
      0002D5 E0               [24]  680 	movx	a,@dptr
      0002D6 FA               [12]  681 	mov	r2,a
      0002D7 A3               [24]  682 	inc	dptr
      0002D8 E0               [24]  683 	movx	a,@dptr
      0002D9 FB               [12]  684 	mov	r3,a
      0002DA A3               [24]  685 	inc	dptr
      0002DB E0               [24]  686 	movx	a,@dptr
      0002DC FC               [12]  687 	mov	r4,a
      0002DD 8A 82            [24]  688 	mov	dpl,r2
      0002DF 8B 83            [24]  689 	mov	dph,r3
      0002E1 8C F0            [24]  690 	mov	b,r4
      0002E3 12r00r00         [24]  691 	lcall	__gptrget
      0002E6 F5*03            [12]  692 	mov	_free_all_elems_from_list_sloc0_1_0,a
      0002E8 A3               [24]  693 	inc	dptr
      0002E9 12r00r00         [24]  694 	lcall	__gptrget
      0002EC F5*04            [12]  695 	mov	(_free_all_elems_from_list_sloc0_1_0 + 1),a
      0002EE A3               [24]  696 	inc	dptr
      0002EF 12r00r00         [24]  697 	lcall	__gptrget
      0002F2 F5*05            [12]  698 	mov	(_free_all_elems_from_list_sloc0_1_0 + 2),a
      0002F4 E5*03            [12]  699 	mov	a,_free_all_elems_from_list_sloc0_1_0
      0002F6 45*04            [12]  700 	orl	a,(_free_all_elems_from_list_sloc0_1_0 + 1)
      0002F8 70 01            [24]  701 	jnz	00120$
      0002FA 22               [24]  702 	ret
      0002FB                        703 00120$:
                                    704 ;	src/linked_list.c:66: list->head = list->head->next;
      0002FB C0 05            [24]  705 	push	ar5
      0002FD C0 06            [24]  706 	push	ar6
      0002FF C0 07            [24]  707 	push	ar7
      000301 74 08            [12]  708 	mov	a,#0x08
      000303 25*03            [12]  709 	add	a,_free_all_elems_from_list_sloc0_1_0
      000305 F8               [12]  710 	mov	r0,a
      000306 E4               [12]  711 	clr	a
      000307 35*04            [12]  712 	addc	a,(_free_all_elems_from_list_sloc0_1_0 + 1)
      000309 F9               [12]  713 	mov	r1,a
      00030A AF*05            [24]  714 	mov	r7,(_free_all_elems_from_list_sloc0_1_0 + 2)
      00030C 88 82            [24]  715 	mov	dpl,r0
      00030E 89 83            [24]  716 	mov	dph,r1
      000310 8F F0            [24]  717 	mov	b,r7
      000312 12r00r00         [24]  718 	lcall	__gptrget
      000315 F8               [12]  719 	mov	r0,a
      000316 A3               [24]  720 	inc	dptr
      000317 12r00r00         [24]  721 	lcall	__gptrget
      00031A F9               [12]  722 	mov	r1,a
      00031B A3               [24]  723 	inc	dptr
      00031C 12r00r00         [24]  724 	lcall	__gptrget
      00031F FF               [12]  725 	mov	r7,a
      000320 8A 82            [24]  726 	mov	dpl,r2
      000322 8B 83            [24]  727 	mov	dph,r3
      000324 8C F0            [24]  728 	mov	b,r4
      000326 E8               [12]  729 	mov	a,r0
      000327 12r00r00         [24]  730 	lcall	__gptrput
      00032A A3               [24]  731 	inc	dptr
      00032B E9               [12]  732 	mov	a,r1
      00032C 12r00r00         [24]  733 	lcall	__gptrput
      00032F A3               [24]  734 	inc	dptr
      000330 EF               [12]  735 	mov	a,r7
      000331 12r00r00         [24]  736 	lcall	__gptrput
                                    737 ;	src/linked_list.c:67: if (buffer_to_free->buffer != NULL)
      000334 90r00r17         [24]  738 	mov	dptr,#_free_all_elems_from_list_buffer_to_free_65536_58
      000337 E0               [24]  739 	movx	a,@dptr
      000338 FD               [12]  740 	mov	r5,a
      000339 A3               [24]  741 	inc	dptr
      00033A E0               [24]  742 	movx	a,@dptr
      00033B FE               [12]  743 	mov	r6,a
      00033C A3               [24]  744 	inc	dptr
      00033D E0               [24]  745 	movx	a,@dptr
      00033E FF               [12]  746 	mov	r7,a
      00033F 8D 82            [24]  747 	mov	dpl,r5
      000341 8E 83            [24]  748 	mov	dph,r6
      000343 8F F0            [24]  749 	mov	b,r7
      000345 12r00r00         [24]  750 	lcall	__gptrget
      000348 F5*03            [12]  751 	mov	_free_all_elems_from_list_sloc0_1_0,a
      00034A A3               [24]  752 	inc	dptr
      00034B 12r00r00         [24]  753 	lcall	__gptrget
      00034E F5*04            [12]  754 	mov	(_free_all_elems_from_list_sloc0_1_0 + 1),a
      000350 D0 07            [24]  755 	pop	ar7
      000352 D0 06            [24]  756 	pop	ar6
      000354 D0 05            [24]  757 	pop	ar5
      000356 E5*03            [12]  758 	mov	a,_free_all_elems_from_list_sloc0_1_0
      000358 45*04            [12]  759 	orl	a,(_free_all_elems_from_list_sloc0_1_0 + 1)
      00035A 60 1B            [24]  760 	jz	00102$
                                    761 ;	src/linked_list.c:69: free(buffer_to_free->buffer);
      00035C AB*03            [24]  762 	mov	r3,_free_all_elems_from_list_sloc0_1_0
      00035E AC*04            [24]  763 	mov	r4,(_free_all_elems_from_list_sloc0_1_0 + 1)
      000360 7A 00            [12]  764 	mov	r2,#0x00
      000362 8B 82            [24]  765 	mov	dpl,r3
      000364 8C 83            [24]  766 	mov	dph,r4
      000366 8A F0            [24]  767 	mov	b,r2
      000368 C0 07            [24]  768 	push	ar7
      00036A C0 06            [24]  769 	push	ar6
      00036C C0 05            [24]  770 	push	ar5
      00036E 12r00r00         [24]  771 	lcall	_free
      000371 D0 05            [24]  772 	pop	ar5
      000373 D0 06            [24]  773 	pop	ar6
      000375 D0 07            [24]  774 	pop	ar7
      000377                        775 00102$:
                                    776 ;	src/linked_list.c:71: free(buffer_to_free);
      000377 90r00r17         [24]  777 	mov	dptr,#_free_all_elems_from_list_buffer_to_free_65536_58
      00037A E0               [24]  778 	movx	a,@dptr
      00037B FA               [12]  779 	mov	r2,a
      00037C A3               [24]  780 	inc	dptr
      00037D E0               [24]  781 	movx	a,@dptr
      00037E FB               [12]  782 	mov	r3,a
      00037F A3               [24]  783 	inc	dptr
      000380 E0               [24]  784 	movx	a,@dptr
      000381 FC               [12]  785 	mov	r4,a
      000382 8A 82            [24]  786 	mov	dpl,r2
      000384 8B 83            [24]  787 	mov	dph,r3
      000386 8C F0            [24]  788 	mov	b,r4
      000388 C0 07            [24]  789 	push	ar7
      00038A C0 06            [24]  790 	push	ar6
      00038C C0 05            [24]  791 	push	ar5
      00038E 12r00r00         [24]  792 	lcall	_free
      000391 D0 05            [24]  793 	pop	ar5
      000393 D0 06            [24]  794 	pop	ar6
      000395 D0 07            [24]  795 	pop	ar7
                                    796 ;	src/linked_list.c:72: buffer_to_free = list->head;
      000397 8D 82            [24]  797 	mov	dpl,r5
      000399 8E 83            [24]  798 	mov	dph,r6
      00039B 8F F0            [24]  799 	mov	b,r7
      00039D 12r00r00         [24]  800 	lcall	__gptrget
      0003A0 FA               [12]  801 	mov	r2,a
      0003A1 A3               [24]  802 	inc	dptr
      0003A2 12r00r00         [24]  803 	lcall	__gptrget
      0003A5 FB               [12]  804 	mov	r3,a
      0003A6 A3               [24]  805 	inc	dptr
      0003A7 12r00r00         [24]  806 	lcall	__gptrget
      0003AA FC               [12]  807 	mov	r4,a
      0003AB 90r00r17         [24]  808 	mov	dptr,#_free_all_elems_from_list_buffer_to_free_65536_58
      0003AE EA               [12]  809 	mov	a,r2
      0003AF F0               [24]  810 	movx	@dptr,a
      0003B0 EB               [12]  811 	mov	a,r3
      0003B1 A3               [24]  812 	inc	dptr
      0003B2 F0               [24]  813 	movx	@dptr,a
      0003B3 EC               [12]  814 	mov	a,r4
      0003B4 A3               [24]  815 	inc	dptr
      0003B5 F0               [24]  816 	movx	@dptr,a
                                    817 ;	src/linked_list.c:74: }
      0003B6 02r02rD2         [24]  818 	ljmp	00103$
                                    819 	.area CSEG    (CODE)
                                    820 	.area CONST   (CODE)
                                    821 	.area XINIT   (CODE)
                                    822 	.area CABS    (ABS,CODE)
