                                      1 ;--------------------------------------------------------
                                      2 ; File Created by SDCC : free open source ANSI-C Compiler
                                      3 ; Version 4.2.0 #13081 (MINGW64)
                                      4 ;--------------------------------------------------------
                                      5 	.module main
                                      6 	.optsdcc -mmcs51 --model-large
                                      7 	
                                      8 ;--------------------------------------------------------
                                      9 ; Public variables in this module
                                     10 ;--------------------------------------------------------
                                     11 	.globl _main
                                     12 	.globl _x_command_handler
                                     13 	.globl _print_dashed_line
                                     14 	.globl _r_command_handler
                                     15 	.globl _w_command_handler
                                     16 	.globl __sdcc_external_startup
                                     17 	.globl _eeprom_init
                                     18 	.globl _eepromreadbyte
                                     19 	.globl _eepromwritebyte
                                     20 	.globl _get_hex_value
                                     21 	.globl _putchar
                                     22 	.globl _getchar
                                     23 	.globl _printf
                                     24 	.globl _CY
                                     25 	.globl _AC
                                     26 	.globl _F0
                                     27 	.globl _RS1
                                     28 	.globl _RS0
                                     29 	.globl _OV
                                     30 	.globl _F1
                                     31 	.globl _P
                                     32 	.globl _PS
                                     33 	.globl _PT1
                                     34 	.globl _PX1
                                     35 	.globl _PT0
                                     36 	.globl _PX0
                                     37 	.globl _RD
                                     38 	.globl _WR
                                     39 	.globl _T1
                                     40 	.globl _T0
                                     41 	.globl _INT1
                                     42 	.globl _INT0
                                     43 	.globl _TXD
                                     44 	.globl _RXD
                                     45 	.globl _P3_7
                                     46 	.globl _P3_6
                                     47 	.globl _P3_5
                                     48 	.globl _P3_4
                                     49 	.globl _P3_3
                                     50 	.globl _P3_2
                                     51 	.globl _P3_1
                                     52 	.globl _P3_0
                                     53 	.globl _EA
                                     54 	.globl _ES
                                     55 	.globl _ET1
                                     56 	.globl _EX1
                                     57 	.globl _ET0
                                     58 	.globl _EX0
                                     59 	.globl _P2_7
                                     60 	.globl _P2_6
                                     61 	.globl _P2_5
                                     62 	.globl _P2_4
                                     63 	.globl _P2_3
                                     64 	.globl _P2_2
                                     65 	.globl _P2_1
                                     66 	.globl _P2_0
                                     67 	.globl _SM0
                                     68 	.globl _SM1
                                     69 	.globl _SM2
                                     70 	.globl _REN
                                     71 	.globl _TB8
                                     72 	.globl _RB8
                                     73 	.globl _TI
                                     74 	.globl _RI
                                     75 	.globl _P1_7
                                     76 	.globl _P1_6
                                     77 	.globl _P1_5
                                     78 	.globl _P1_4
                                     79 	.globl _P1_3
                                     80 	.globl _P1_2
                                     81 	.globl _P1_1
                                     82 	.globl _P1_0
                                     83 	.globl _TF1
                                     84 	.globl _TR1
                                     85 	.globl _TF0
                                     86 	.globl _TR0
                                     87 	.globl _IE1
                                     88 	.globl _IT1
                                     89 	.globl _IE0
                                     90 	.globl _IT0
                                     91 	.globl _P0_7
                                     92 	.globl _P0_6
                                     93 	.globl _P0_5
                                     94 	.globl _P0_4
                                     95 	.globl _P0_3
                                     96 	.globl _P0_2
                                     97 	.globl _P0_1
                                     98 	.globl _P0_0
                                     99 	.globl _P5_7
                                    100 	.globl _P5_6
                                    101 	.globl _P5_5
                                    102 	.globl _P5_4
                                    103 	.globl _P5_3
                                    104 	.globl _P5_2
                                    105 	.globl _P5_1
                                    106 	.globl _P5_0
                                    107 	.globl _P4_7
                                    108 	.globl _P4_6
                                    109 	.globl _P4_5
                                    110 	.globl _P4_4
                                    111 	.globl _P4_3
                                    112 	.globl _P4_2
                                    113 	.globl _P4_1
                                    114 	.globl _P4_0
                                    115 	.globl _PX0L
                                    116 	.globl _PT0L
                                    117 	.globl _PX1L
                                    118 	.globl _PT1L
                                    119 	.globl _PSL
                                    120 	.globl _PT2L
                                    121 	.globl _PPCL
                                    122 	.globl _EC
                                    123 	.globl _CCF0
                                    124 	.globl _CCF1
                                    125 	.globl _CCF2
                                    126 	.globl _CCF3
                                    127 	.globl _CCF4
                                    128 	.globl _CR
                                    129 	.globl _CF
                                    130 	.globl _TF2
                                    131 	.globl _EXF2
                                    132 	.globl _RCLK
                                    133 	.globl _TCLK
                                    134 	.globl _EXEN2
                                    135 	.globl _TR2
                                    136 	.globl _C_T2
                                    137 	.globl _CP_RL2
                                    138 	.globl _T2CON_7
                                    139 	.globl _T2CON_6
                                    140 	.globl _T2CON_5
                                    141 	.globl _T2CON_4
                                    142 	.globl _T2CON_3
                                    143 	.globl _T2CON_2
                                    144 	.globl _T2CON_1
                                    145 	.globl _T2CON_0
                                    146 	.globl _PT2
                                    147 	.globl _ET2
                                    148 	.globl _B
                                    149 	.globl _ACC
                                    150 	.globl _PSW
                                    151 	.globl _IP
                                    152 	.globl _P3
                                    153 	.globl _IE
                                    154 	.globl _P2
                                    155 	.globl _SBUF
                                    156 	.globl _SCON
                                    157 	.globl _P1
                                    158 	.globl _TH1
                                    159 	.globl _TH0
                                    160 	.globl _TL1
                                    161 	.globl _TL0
                                    162 	.globl _TMOD
                                    163 	.globl _TCON
                                    164 	.globl _PCON
                                    165 	.globl _DPH
                                    166 	.globl _DPL
                                    167 	.globl _SP
                                    168 	.globl _P0
                                    169 	.globl _EECON
                                    170 	.globl _KBF
                                    171 	.globl _KBE
                                    172 	.globl _KBLS
                                    173 	.globl _BRL
                                    174 	.globl _BDRCON
                                    175 	.globl _T2MOD
                                    176 	.globl _SPDAT
                                    177 	.globl _SPSTA
                                    178 	.globl _SPCON
                                    179 	.globl _SADEN
                                    180 	.globl _SADDR
                                    181 	.globl _WDTPRG
                                    182 	.globl _WDTRST
                                    183 	.globl _P5
                                    184 	.globl _P4
                                    185 	.globl _IPH1
                                    186 	.globl _IPL1
                                    187 	.globl _IPH0
                                    188 	.globl _IPL0
                                    189 	.globl _IEN1
                                    190 	.globl _IEN0
                                    191 	.globl _CMOD
                                    192 	.globl _CL
                                    193 	.globl _CH
                                    194 	.globl _CCON
                                    195 	.globl _CCAPM4
                                    196 	.globl _CCAPM3
                                    197 	.globl _CCAPM2
                                    198 	.globl _CCAPM1
                                    199 	.globl _CCAPM0
                                    200 	.globl _CCAP4L
                                    201 	.globl _CCAP3L
                                    202 	.globl _CCAP2L
                                    203 	.globl _CCAP1L
                                    204 	.globl _CCAP0L
                                    205 	.globl _CCAP4H
                                    206 	.globl _CCAP3H
                                    207 	.globl _CCAP2H
                                    208 	.globl _CCAP1H
                                    209 	.globl _CCAP0H
                                    210 	.globl _CKCON1
                                    211 	.globl _CKCON0
                                    212 	.globl _CKRL
                                    213 	.globl _AUXR1
                                    214 	.globl _AUXR
                                    215 	.globl _TH2
                                    216 	.globl _TL2
                                    217 	.globl _RCAP2H
                                    218 	.globl _RCAP2L
                                    219 	.globl _T2CON
                                    220 ;--------------------------------------------------------
                                    221 ; special function registers
                                    222 ;--------------------------------------------------------
                                    223 	.area RSEG    (ABS,DATA)
      000000                        224 	.org 0x0000
                           0000C8   225 _T2CON	=	0x00c8
                           0000CA   226 _RCAP2L	=	0x00ca
                           0000CB   227 _RCAP2H	=	0x00cb
                           0000CC   228 _TL2	=	0x00cc
                           0000CD   229 _TH2	=	0x00cd
                           00008E   230 _AUXR	=	0x008e
                           0000A2   231 _AUXR1	=	0x00a2
                           000097   232 _CKRL	=	0x0097
                           00008F   233 _CKCON0	=	0x008f
                           0000AF   234 _CKCON1	=	0x00af
                           0000FA   235 _CCAP0H	=	0x00fa
                           0000FB   236 _CCAP1H	=	0x00fb
                           0000FC   237 _CCAP2H	=	0x00fc
                           0000FD   238 _CCAP3H	=	0x00fd
                           0000FE   239 _CCAP4H	=	0x00fe
                           0000EA   240 _CCAP0L	=	0x00ea
                           0000EB   241 _CCAP1L	=	0x00eb
                           0000EC   242 _CCAP2L	=	0x00ec
                           0000ED   243 _CCAP3L	=	0x00ed
                           0000EE   244 _CCAP4L	=	0x00ee
                           0000DA   245 _CCAPM0	=	0x00da
                           0000DB   246 _CCAPM1	=	0x00db
                           0000DC   247 _CCAPM2	=	0x00dc
                           0000DD   248 _CCAPM3	=	0x00dd
                           0000DE   249 _CCAPM4	=	0x00de
                           0000D8   250 _CCON	=	0x00d8
                           0000F9   251 _CH	=	0x00f9
                           0000E9   252 _CL	=	0x00e9
                           0000D9   253 _CMOD	=	0x00d9
                           0000A8   254 _IEN0	=	0x00a8
                           0000B1   255 _IEN1	=	0x00b1
                           0000B8   256 _IPL0	=	0x00b8
                           0000B7   257 _IPH0	=	0x00b7
                           0000B2   258 _IPL1	=	0x00b2
                           0000B3   259 _IPH1	=	0x00b3
                           0000C0   260 _P4	=	0x00c0
                           0000E8   261 _P5	=	0x00e8
                           0000A6   262 _WDTRST	=	0x00a6
                           0000A7   263 _WDTPRG	=	0x00a7
                           0000A9   264 _SADDR	=	0x00a9
                           0000B9   265 _SADEN	=	0x00b9
                           0000C3   266 _SPCON	=	0x00c3
                           0000C4   267 _SPSTA	=	0x00c4
                           0000C5   268 _SPDAT	=	0x00c5
                           0000C9   269 _T2MOD	=	0x00c9
                           00009B   270 _BDRCON	=	0x009b
                           00009A   271 _BRL	=	0x009a
                           00009C   272 _KBLS	=	0x009c
                           00009D   273 _KBE	=	0x009d
                           00009E   274 _KBF	=	0x009e
                           0000D2   275 _EECON	=	0x00d2
                           000080   276 _P0	=	0x0080
                           000081   277 _SP	=	0x0081
                           000082   278 _DPL	=	0x0082
                           000083   279 _DPH	=	0x0083
                           000087   280 _PCON	=	0x0087
                           000088   281 _TCON	=	0x0088
                           000089   282 _TMOD	=	0x0089
                           00008A   283 _TL0	=	0x008a
                           00008B   284 _TL1	=	0x008b
                           00008C   285 _TH0	=	0x008c
                           00008D   286 _TH1	=	0x008d
                           000090   287 _P1	=	0x0090
                           000098   288 _SCON	=	0x0098
                           000099   289 _SBUF	=	0x0099
                           0000A0   290 _P2	=	0x00a0
                           0000A8   291 _IE	=	0x00a8
                           0000B0   292 _P3	=	0x00b0
                           0000B8   293 _IP	=	0x00b8
                           0000D0   294 _PSW	=	0x00d0
                           0000E0   295 _ACC	=	0x00e0
                           0000F0   296 _B	=	0x00f0
                                    297 ;--------------------------------------------------------
                                    298 ; special function bits
                                    299 ;--------------------------------------------------------
                                    300 	.area RSEG    (ABS,DATA)
      000000                        301 	.org 0x0000
                           0000AD   302 _ET2	=	0x00ad
                           0000BD   303 _PT2	=	0x00bd
                           0000C8   304 _T2CON_0	=	0x00c8
                           0000C9   305 _T2CON_1	=	0x00c9
                           0000CA   306 _T2CON_2	=	0x00ca
                           0000CB   307 _T2CON_3	=	0x00cb
                           0000CC   308 _T2CON_4	=	0x00cc
                           0000CD   309 _T2CON_5	=	0x00cd
                           0000CE   310 _T2CON_6	=	0x00ce
                           0000CF   311 _T2CON_7	=	0x00cf
                           0000C8   312 _CP_RL2	=	0x00c8
                           0000C9   313 _C_T2	=	0x00c9
                           0000CA   314 _TR2	=	0x00ca
                           0000CB   315 _EXEN2	=	0x00cb
                           0000CC   316 _TCLK	=	0x00cc
                           0000CD   317 _RCLK	=	0x00cd
                           0000CE   318 _EXF2	=	0x00ce
                           0000CF   319 _TF2	=	0x00cf
                           0000DF   320 _CF	=	0x00df
                           0000DE   321 _CR	=	0x00de
                           0000DC   322 _CCF4	=	0x00dc
                           0000DB   323 _CCF3	=	0x00db
                           0000DA   324 _CCF2	=	0x00da
                           0000D9   325 _CCF1	=	0x00d9
                           0000D8   326 _CCF0	=	0x00d8
                           0000AE   327 _EC	=	0x00ae
                           0000BE   328 _PPCL	=	0x00be
                           0000BD   329 _PT2L	=	0x00bd
                           0000BC   330 _PSL	=	0x00bc
                           0000BB   331 _PT1L	=	0x00bb
                           0000BA   332 _PX1L	=	0x00ba
                           0000B9   333 _PT0L	=	0x00b9
                           0000B8   334 _PX0L	=	0x00b8
                           0000C0   335 _P4_0	=	0x00c0
                           0000C1   336 _P4_1	=	0x00c1
                           0000C2   337 _P4_2	=	0x00c2
                           0000C3   338 _P4_3	=	0x00c3
                           0000C4   339 _P4_4	=	0x00c4
                           0000C5   340 _P4_5	=	0x00c5
                           0000C6   341 _P4_6	=	0x00c6
                           0000C7   342 _P4_7	=	0x00c7
                           0000E8   343 _P5_0	=	0x00e8
                           0000E9   344 _P5_1	=	0x00e9
                           0000EA   345 _P5_2	=	0x00ea
                           0000EB   346 _P5_3	=	0x00eb
                           0000EC   347 _P5_4	=	0x00ec
                           0000ED   348 _P5_5	=	0x00ed
                           0000EE   349 _P5_6	=	0x00ee
                           0000EF   350 _P5_7	=	0x00ef
                           000080   351 _P0_0	=	0x0080
                           000081   352 _P0_1	=	0x0081
                           000082   353 _P0_2	=	0x0082
                           000083   354 _P0_3	=	0x0083
                           000084   355 _P0_4	=	0x0084
                           000085   356 _P0_5	=	0x0085
                           000086   357 _P0_6	=	0x0086
                           000087   358 _P0_7	=	0x0087
                           000088   359 _IT0	=	0x0088
                           000089   360 _IE0	=	0x0089
                           00008A   361 _IT1	=	0x008a
                           00008B   362 _IE1	=	0x008b
                           00008C   363 _TR0	=	0x008c
                           00008D   364 _TF0	=	0x008d
                           00008E   365 _TR1	=	0x008e
                           00008F   366 _TF1	=	0x008f
                           000090   367 _P1_0	=	0x0090
                           000091   368 _P1_1	=	0x0091
                           000092   369 _P1_2	=	0x0092
                           000093   370 _P1_3	=	0x0093
                           000094   371 _P1_4	=	0x0094
                           000095   372 _P1_5	=	0x0095
                           000096   373 _P1_6	=	0x0096
                           000097   374 _P1_7	=	0x0097
                           000098   375 _RI	=	0x0098
                           000099   376 _TI	=	0x0099
                           00009A   377 _RB8	=	0x009a
                           00009B   378 _TB8	=	0x009b
                           00009C   379 _REN	=	0x009c
                           00009D   380 _SM2	=	0x009d
                           00009E   381 _SM1	=	0x009e
                           00009F   382 _SM0	=	0x009f
                           0000A0   383 _P2_0	=	0x00a0
                           0000A1   384 _P2_1	=	0x00a1
                           0000A2   385 _P2_2	=	0x00a2
                           0000A3   386 _P2_3	=	0x00a3
                           0000A4   387 _P2_4	=	0x00a4
                           0000A5   388 _P2_5	=	0x00a5
                           0000A6   389 _P2_6	=	0x00a6
                           0000A7   390 _P2_7	=	0x00a7
                           0000A8   391 _EX0	=	0x00a8
                           0000A9   392 _ET0	=	0x00a9
                           0000AA   393 _EX1	=	0x00aa
                           0000AB   394 _ET1	=	0x00ab
                           0000AC   395 _ES	=	0x00ac
                           0000AF   396 _EA	=	0x00af
                           0000B0   397 _P3_0	=	0x00b0
                           0000B1   398 _P3_1	=	0x00b1
                           0000B2   399 _P3_2	=	0x00b2
                           0000B3   400 _P3_3	=	0x00b3
                           0000B4   401 _P3_4	=	0x00b4
                           0000B5   402 _P3_5	=	0x00b5
                           0000B6   403 _P3_6	=	0x00b6
                           0000B7   404 _P3_7	=	0x00b7
                           0000B0   405 _RXD	=	0x00b0
                           0000B1   406 _TXD	=	0x00b1
                           0000B2   407 _INT0	=	0x00b2
                           0000B3   408 _INT1	=	0x00b3
                           0000B4   409 _T0	=	0x00b4
                           0000B5   410 _T1	=	0x00b5
                           0000B6   411 _WR	=	0x00b6
                           0000B7   412 _RD	=	0x00b7
                           0000B8   413 _PX0	=	0x00b8
                           0000B9   414 _PT0	=	0x00b9
                           0000BA   415 _PX1	=	0x00ba
                           0000BB   416 _PT1	=	0x00bb
                           0000BC   417 _PS	=	0x00bc
                           0000D0   418 _P	=	0x00d0
                           0000D1   419 _F1	=	0x00d1
                           0000D2   420 _OV	=	0x00d2
                           0000D3   421 _RS0	=	0x00d3
                           0000D4   422 _RS1	=	0x00d4
                           0000D5   423 _F0	=	0x00d5
                           0000D6   424 _AC	=	0x00d6
                           0000D7   425 _CY	=	0x00d7
                                    426 ;--------------------------------------------------------
                                    427 ; overlayable register banks
                                    428 ;--------------------------------------------------------
                                    429 	.area REG_BANK_0	(REL,OVR,DATA)
      000000                        430 	.ds 8
                                    431 ;--------------------------------------------------------
                                    432 ; internal ram data
                                    433 ;--------------------------------------------------------
                                    434 	.area DSEG    (DATA)
                                    435 ;--------------------------------------------------------
                                    436 ; overlayable items in internal ram
                                    437 ;--------------------------------------------------------
                                    438 ;--------------------------------------------------------
                                    439 ; Stack segment in internal ram
                                    440 ;--------------------------------------------------------
                                    441 	.area	SSEG
      000000                        442 __start__stack:
      000000                        443 	.ds	1
                                    444 
                                    445 ;--------------------------------------------------------
                                    446 ; indirectly addressable internal ram data
                                    447 ;--------------------------------------------------------
                                    448 	.area ISEG    (DATA)
                                    449 ;--------------------------------------------------------
                                    450 ; absolute internal ram data
                                    451 ;--------------------------------------------------------
                                    452 	.area IABS    (ABS,DATA)
                                    453 	.area IABS    (ABS,DATA)
                                    454 ;--------------------------------------------------------
                                    455 ; bit data
                                    456 ;--------------------------------------------------------
                                    457 	.area BSEG    (BIT)
                                    458 ;--------------------------------------------------------
                                    459 ; paged external ram data
                                    460 ;--------------------------------------------------------
                                    461 	.area PSEG    (PAG,XDATA)
                                    462 ;--------------------------------------------------------
                                    463 ; external ram data
                                    464 ;--------------------------------------------------------
                                    465 	.area XSEG    (XDATA)
      000000                        466 _w_command_handler_address_65537_85:
      000000                        467 	.ds 2
      000002                        468 _w_command_handler_byte_65538_88:
      000002                        469 	.ds 2
      000004                        470 _r_command_handler_address_65537_94:
      000004                        471 	.ds 2
      000006                        472 _r_command_handler_byte_65538_97:
      000006                        473 	.ds 1
      000007                        474 _x_command_handler_start_address_65537_102:
      000007                        475 	.ds 2
      000009                        476 _x_command_handler_end_address_65538_105:
      000009                        477 	.ds 2
      00000B                        478 _x_command_handler_byte_327682_112:
      00000B                        479 	.ds 2
                                    480 ;--------------------------------------------------------
                                    481 ; absolute external ram data
                                    482 ;--------------------------------------------------------
                                    483 	.area XABS    (ABS,XDATA)
                                    484 ;--------------------------------------------------------
                                    485 ; external initialized ram data
                                    486 ;--------------------------------------------------------
                                    487 	.area XISEG   (XDATA)
                                    488 	.area HOME    (CODE)
                                    489 	.area GSINIT0 (CODE)
                                    490 	.area GSINIT1 (CODE)
                                    491 	.area GSINIT2 (CODE)
                                    492 	.area GSINIT3 (CODE)
                                    493 	.area GSINIT4 (CODE)
                                    494 	.area GSINIT5 (CODE)
                                    495 	.area GSINIT  (CODE)
                                    496 	.area GSFINAL (CODE)
                                    497 	.area CSEG    (CODE)
                                    498 ;--------------------------------------------------------
                                    499 ; interrupt vector
                                    500 ;--------------------------------------------------------
                                    501 	.area HOME    (CODE)
      000000                        502 __interrupt_vect:
      000000 02r00r00         [24]  503 	ljmp	__sdcc_gsinit_startup
                                    504 ;--------------------------------------------------------
                                    505 ; global & static initialisations
                                    506 ;--------------------------------------------------------
                                    507 	.area HOME    (CODE)
                                    508 	.area GSINIT  (CODE)
                                    509 	.area GSFINAL (CODE)
                                    510 	.area GSINIT  (CODE)
                                    511 	.globl __sdcc_gsinit_startup
                                    512 	.globl __sdcc_program_startup
                                    513 	.globl __start__stack
                                    514 	.globl __mcs51_genXINIT
                                    515 	.globl __mcs51_genXRAMCLEAR
                                    516 	.globl __mcs51_genRAMCLEAR
                                    517 	.area GSFINAL (CODE)
      000000 02r00r03         [24]  518 	ljmp	__sdcc_program_startup
                                    519 ;--------------------------------------------------------
                                    520 ; Home
                                    521 ;--------------------------------------------------------
                                    522 	.area HOME    (CODE)
                                    523 	.area HOME    (CODE)
      000003                        524 __sdcc_program_startup:
      000003 02r04r33         [24]  525 	ljmp	_main
                                    526 ;	return from main will return to caller
                                    527 ;--------------------------------------------------------
                                    528 ; code
                                    529 ;--------------------------------------------------------
                                    530 	.area CSEG    (CODE)
                                    531 ;------------------------------------------------------------
                                    532 ;Allocation info for local variables in function '_sdcc_external_startup'
                                    533 ;------------------------------------------------------------
                                    534 ;	src/main.c:28: int _sdcc_external_startup()
                                    535 ;	-----------------------------------------
                                    536 ;	 function _sdcc_external_startup
                                    537 ;	-----------------------------------------
      000000                        538 __sdcc_external_startup:
                           000007   539 	ar7 = 0x07
                           000006   540 	ar6 = 0x06
                           000005   541 	ar5 = 0x05
                           000004   542 	ar4 = 0x04
                           000003   543 	ar3 = 0x03
                           000002   544 	ar2 = 0x02
                           000001   545 	ar1 = 0x01
                           000000   546 	ar0 = 0x00
                                    547 ;	src/main.c:31: return 0;
      000000 90 00 00         [24]  548 	mov	dptr,#0x0000
                                    549 ;	src/main.c:32: }
      000003 22               [24]  550 	ret
                                    551 ;------------------------------------------------------------
                                    552 ;Allocation info for local variables in function 'w_command_handler'
                                    553 ;------------------------------------------------------------
                                    554 ;address                   Allocated with name '_w_command_handler_address_65537_85'
                                    555 ;byte                      Allocated with name '_w_command_handler_byte_65538_88'
                                    556 ;------------------------------------------------------------
                                    557 ;	src/main.c:37: void w_command_handler()
                                    558 ;	-----------------------------------------
                                    559 ;	 function w_command_handler
                                    560 ;	-----------------------------------------
      000004                        561 _w_command_handler:
                                    562 ;	src/main.c:39: printf("\r\nEnter an EEPROM address to write to in hex [0,7FF]: ");
      000004 74r00            [12]  563 	mov	a,#___str_0
      000006 C0 E0            [24]  564 	push	acc
      000008 74s00            [12]  565 	mov	a,#(___str_0 >> 8)
      00000A C0 E0            [24]  566 	push	acc
      00000C 74 80            [12]  567 	mov	a,#0x80
      00000E C0 E0            [24]  568 	push	acc
      000010 12r00r00         [24]  569 	lcall	_printf
      000013 15 81            [12]  570 	dec	sp
      000015 15 81            [12]  571 	dec	sp
      000017 15 81            [12]  572 	dec	sp
                                    573 ;	src/main.c:40: int address = 0;
      000019 90r00r00         [24]  574 	mov	dptr,#_w_command_handler_address_65537_85
      00001C E4               [12]  575 	clr	a
      00001D F0               [24]  576 	movx	@dptr,a
      00001E A3               [24]  577 	inc	dptr
      00001F F0               [24]  578 	movx	@dptr,a
                                    579 ;	src/main.c:41: if (0 > get_hex_value(&address))
      000020 90r00r00         [24]  580 	mov	dptr,#_w_command_handler_address_65537_85
      000023 75 F0 00         [24]  581 	mov	b,#0x00
      000026 12r00r00         [24]  582 	lcall	_get_hex_value
      000029 E5 83            [12]  583 	mov	a,dph
      00002B 30 E7 16         [24]  584 	jnb	acc.7,00102$
                                    585 ;	src/main.c:43: printf("\r\n Failed to enter a hex integer, please try again");
      00002E 74r37            [12]  586 	mov	a,#___str_1
      000030 C0 E0            [24]  587 	push	acc
      000032 74s00            [12]  588 	mov	a,#(___str_1 >> 8)
      000034 C0 E0            [24]  589 	push	acc
      000036 74 80            [12]  590 	mov	a,#0x80
      000038 C0 E0            [24]  591 	push	acc
      00003A 12r00r00         [24]  592 	lcall	_printf
      00003D 15 81            [12]  593 	dec	sp
      00003F 15 81            [12]  594 	dec	sp
      000041 15 81            [12]  595 	dec	sp
                                    596 ;	src/main.c:44: return;
      000043 22               [24]  597 	ret
      000044                        598 00102$:
                                    599 ;	src/main.c:46: if(address < 0 || address > 0x7FF)
      000044 90r00r00         [24]  600 	mov	dptr,#_w_command_handler_address_65537_85
      000047 E0               [24]  601 	movx	a,@dptr
      000048 FE               [12]  602 	mov	r6,a
      000049 A3               [24]  603 	inc	dptr
      00004A E0               [24]  604 	movx	a,@dptr
      00004B FF               [12]  605 	mov	r7,a
      00004C 20 E7 0F         [24]  606 	jb	acc.7,00103$
      00004F C3               [12]  607 	clr	c
      000050 74 FF            [12]  608 	mov	a,#0xff
      000052 9E               [12]  609 	subb	a,r6
      000053 74 87            [12]  610 	mov	a,#(0x07 ^ 0x80)
      000055 8F F0            [24]  611 	mov	b,r7
      000057 63 F0 80         [24]  612 	xrl	b,#0x80
      00005A 95 F0            [12]  613 	subb	a,b
      00005C 50 16            [24]  614 	jnc	00104$
      00005E                        615 00103$:
                                    616 ;	src/main.c:48: printf("\r\n Failed to enter an address within range, please try again");
      00005E 74r6A            [12]  617 	mov	a,#___str_2
      000060 C0 E0            [24]  618 	push	acc
      000062 74s00            [12]  619 	mov	a,#(___str_2 >> 8)
      000064 C0 E0            [24]  620 	push	acc
      000066 74 80            [12]  621 	mov	a,#0x80
      000068 C0 E0            [24]  622 	push	acc
      00006A 12r00r00         [24]  623 	lcall	_printf
      00006D 15 81            [12]  624 	dec	sp
      00006F 15 81            [12]  625 	dec	sp
      000071 15 81            [12]  626 	dec	sp
                                    627 ;	src/main.c:49: return;
      000073 22               [24]  628 	ret
      000074                        629 00104$:
                                    630 ;	src/main.c:51: printf("\r\nEnter a byte to write [0, FF]: ");
      000074 74rA7            [12]  631 	mov	a,#___str_3
      000076 C0 E0            [24]  632 	push	acc
      000078 74s00            [12]  633 	mov	a,#(___str_3 >> 8)
      00007A C0 E0            [24]  634 	push	acc
      00007C 74 80            [12]  635 	mov	a,#0x80
      00007E C0 E0            [24]  636 	push	acc
      000080 12r00r00         [24]  637 	lcall	_printf
      000083 15 81            [12]  638 	dec	sp
      000085 15 81            [12]  639 	dec	sp
      000087 15 81            [12]  640 	dec	sp
                                    641 ;	src/main.c:52: int byte = 0;
      000089 90r00r02         [24]  642 	mov	dptr,#_w_command_handler_byte_65538_88
      00008C E4               [12]  643 	clr	a
      00008D F0               [24]  644 	movx	@dptr,a
      00008E A3               [24]  645 	inc	dptr
      00008F F0               [24]  646 	movx	@dptr,a
                                    647 ;	src/main.c:53: if (0 > get_hex_value(&byte))
      000090 90r00r02         [24]  648 	mov	dptr,#_w_command_handler_byte_65538_88
      000093 75 F0 00         [24]  649 	mov	b,#0x00
      000096 12r00r00         [24]  650 	lcall	_get_hex_value
      000099 E5 83            [12]  651 	mov	a,dph
      00009B 30 E7 16         [24]  652 	jnb	acc.7,00107$
                                    653 ;	src/main.c:55: printf("\r\n Failed to enter a hex integer, please try again");
      00009E 74r37            [12]  654 	mov	a,#___str_1
      0000A0 C0 E0            [24]  655 	push	acc
      0000A2 74s00            [12]  656 	mov	a,#(___str_1 >> 8)
      0000A4 C0 E0            [24]  657 	push	acc
      0000A6 74 80            [12]  658 	mov	a,#0x80
      0000A8 C0 E0            [24]  659 	push	acc
      0000AA 12r00r00         [24]  660 	lcall	_printf
      0000AD 15 81            [12]  661 	dec	sp
      0000AF 15 81            [12]  662 	dec	sp
      0000B1 15 81            [12]  663 	dec	sp
                                    664 ;	src/main.c:56: return;
      0000B3 22               [24]  665 	ret
      0000B4                        666 00107$:
                                    667 ;	src/main.c:58: if(byte < 0 || byte > 0xFF)
      0000B4 90r00r02         [24]  668 	mov	dptr,#_w_command_handler_byte_65538_88
      0000B7 E0               [24]  669 	movx	a,@dptr
      0000B8 FE               [12]  670 	mov	r6,a
      0000B9 A3               [24]  671 	inc	dptr
      0000BA E0               [24]  672 	movx	a,@dptr
      0000BB FF               [12]  673 	mov	r7,a
      0000BC 20 E7 0F         [24]  674 	jb	acc.7,00108$
      0000BF C3               [12]  675 	clr	c
      0000C0 74 FF            [12]  676 	mov	a,#0xff
      0000C2 9E               [12]  677 	subb	a,r6
      0000C3 74 80            [12]  678 	mov	a,#(0x00 ^ 0x80)
      0000C5 8F F0            [24]  679 	mov	b,r7
      0000C7 63 F0 80         [24]  680 	xrl	b,#0x80
      0000CA 95 F0            [12]  681 	subb	a,b
      0000CC 50 16            [24]  682 	jnc	00109$
      0000CE                        683 00108$:
                                    684 ;	src/main.c:60: printf("\r\n Failed to enter a value that's byte size, please try again");
      0000CE 74rC9            [12]  685 	mov	a,#___str_4
      0000D0 C0 E0            [24]  686 	push	acc
      0000D2 74s00            [12]  687 	mov	a,#(___str_4 >> 8)
      0000D4 C0 E0            [24]  688 	push	acc
      0000D6 74 80            [12]  689 	mov	a,#0x80
      0000D8 C0 E0            [24]  690 	push	acc
      0000DA 12r00r00         [24]  691 	lcall	_printf
      0000DD 15 81            [12]  692 	dec	sp
      0000DF 15 81            [12]  693 	dec	sp
      0000E1 15 81            [12]  694 	dec	sp
                                    695 ;	src/main.c:61: return;
      0000E3 22               [24]  696 	ret
      0000E4                        697 00109$:
                                    698 ;	src/main.c:63: if (0 != eepromwritebyte(address, (uint8_t)byte))
      0000E4 90r00r00         [24]  699 	mov	dptr,#_w_command_handler_address_65537_85
      0000E7 E0               [24]  700 	movx	a,@dptr
      0000E8 FC               [12]  701 	mov	r4,a
      0000E9 A3               [24]  702 	inc	dptr
      0000EA E0               [24]  703 	movx	a,@dptr
      0000EB FD               [12]  704 	mov	r5,a
      0000EC 90r00r00         [24]  705 	mov	dptr,#_eepromwritebyte_PARM_2
      0000EF EE               [12]  706 	mov	a,r6
      0000F0 F0               [24]  707 	movx	@dptr,a
      0000F1 8C 82            [24]  708 	mov	dpl,r4
      0000F3 8D 83            [24]  709 	mov	dph,r5
      0000F5 12r00r00         [24]  710 	lcall	_eepromwritebyte
      0000F8 E5 82            [12]  711 	mov	a,dpl
      0000FA 85 83 F0         [24]  712 	mov	b,dph
      0000FD 45 F0            [12]  713 	orl	a,b
      0000FF 60 16            [24]  714 	jz	00112$
                                    715 ;	src/main.c:65: printf("\r\nFailed to write to the eeprom");
      000101 74r07            [12]  716 	mov	a,#___str_5
      000103 C0 E0            [24]  717 	push	acc
      000105 74s01            [12]  718 	mov	a,#(___str_5 >> 8)
      000107 C0 E0            [24]  719 	push	acc
      000109 74 80            [12]  720 	mov	a,#0x80
      00010B C0 E0            [24]  721 	push	acc
      00010D 12r00r00         [24]  722 	lcall	_printf
      000110 15 81            [12]  723 	dec	sp
      000112 15 81            [12]  724 	dec	sp
      000114 15 81            [12]  725 	dec	sp
      000116 22               [24]  726 	ret
      000117                        727 00112$:
                                    728 ;	src/main.c:69: printf("\r\n Success: wrote to the eeprom");
      000117 74r27            [12]  729 	mov	a,#___str_6
      000119 C0 E0            [24]  730 	push	acc
      00011B 74s01            [12]  731 	mov	a,#(___str_6 >> 8)
      00011D C0 E0            [24]  732 	push	acc
      00011F 74 80            [12]  733 	mov	a,#0x80
      000121 C0 E0            [24]  734 	push	acc
      000123 12r00r00         [24]  735 	lcall	_printf
      000126 15 81            [12]  736 	dec	sp
      000128 15 81            [12]  737 	dec	sp
      00012A 15 81            [12]  738 	dec	sp
                                    739 ;	src/main.c:71: }
      00012C 22               [24]  740 	ret
                                    741 ;------------------------------------------------------------
                                    742 ;Allocation info for local variables in function 'r_command_handler'
                                    743 ;------------------------------------------------------------
                                    744 ;address                   Allocated with name '_r_command_handler_address_65537_94'
                                    745 ;byte                      Allocated with name '_r_command_handler_byte_65538_97'
                                    746 ;------------------------------------------------------------
                                    747 ;	src/main.c:74: void r_command_handler()
                                    748 ;	-----------------------------------------
                                    749 ;	 function r_command_handler
                                    750 ;	-----------------------------------------
      00012D                        751 _r_command_handler:
                                    752 ;	src/main.c:76: printf("\r\nEnter an EEPROM address to read from in hex [0,7FF]: ");
      00012D 74r47            [12]  753 	mov	a,#___str_7
      00012F C0 E0            [24]  754 	push	acc
      000131 74s01            [12]  755 	mov	a,#(___str_7 >> 8)
      000133 C0 E0            [24]  756 	push	acc
      000135 74 80            [12]  757 	mov	a,#0x80
      000137 C0 E0            [24]  758 	push	acc
      000139 12r00r00         [24]  759 	lcall	_printf
      00013C 15 81            [12]  760 	dec	sp
      00013E 15 81            [12]  761 	dec	sp
      000140 15 81            [12]  762 	dec	sp
                                    763 ;	src/main.c:77: int address = 0;
      000142 90r00r04         [24]  764 	mov	dptr,#_r_command_handler_address_65537_94
      000145 E4               [12]  765 	clr	a
      000146 F0               [24]  766 	movx	@dptr,a
      000147 A3               [24]  767 	inc	dptr
      000148 F0               [24]  768 	movx	@dptr,a
                                    769 ;	src/main.c:78: if (0 > get_hex_value(&address))
      000149 90r00r04         [24]  770 	mov	dptr,#_r_command_handler_address_65537_94
      00014C 75 F0 00         [24]  771 	mov	b,#0x00
      00014F 12r00r00         [24]  772 	lcall	_get_hex_value
      000152 E5 83            [12]  773 	mov	a,dph
      000154 30 E7 16         [24]  774 	jnb	acc.7,00102$
                                    775 ;	src/main.c:80: printf("\r\n Failed to enter a hex integer, please try again");
      000157 74r37            [12]  776 	mov	a,#___str_1
      000159 C0 E0            [24]  777 	push	acc
      00015B 74s00            [12]  778 	mov	a,#(___str_1 >> 8)
      00015D C0 E0            [24]  779 	push	acc
      00015F 74 80            [12]  780 	mov	a,#0x80
      000161 C0 E0            [24]  781 	push	acc
      000163 12r00r00         [24]  782 	lcall	_printf
      000166 15 81            [12]  783 	dec	sp
      000168 15 81            [12]  784 	dec	sp
      00016A 15 81            [12]  785 	dec	sp
                                    786 ;	src/main.c:81: return;
      00016C 22               [24]  787 	ret
      00016D                        788 00102$:
                                    789 ;	src/main.c:83: if(address < 0 || address > 0x7FF)
      00016D 90r00r04         [24]  790 	mov	dptr,#_r_command_handler_address_65537_94
      000170 E0               [24]  791 	movx	a,@dptr
      000171 FE               [12]  792 	mov	r6,a
      000172 A3               [24]  793 	inc	dptr
      000173 E0               [24]  794 	movx	a,@dptr
      000174 FF               [12]  795 	mov	r7,a
      000175 20 E7 0F         [24]  796 	jb	acc.7,00103$
      000178 C3               [12]  797 	clr	c
      000179 74 FF            [12]  798 	mov	a,#0xff
      00017B 9E               [12]  799 	subb	a,r6
      00017C 74 87            [12]  800 	mov	a,#(0x07 ^ 0x80)
      00017E 8F F0            [24]  801 	mov	b,r7
      000180 63 F0 80         [24]  802 	xrl	b,#0x80
      000183 95 F0            [12]  803 	subb	a,b
      000185 50 16            [24]  804 	jnc	00104$
      000187                        805 00103$:
                                    806 ;	src/main.c:85: printf("\r\n Failed to enter an address within range, please try again");
      000187 74r6A            [12]  807 	mov	a,#___str_2
      000189 C0 E0            [24]  808 	push	acc
      00018B 74s00            [12]  809 	mov	a,#(___str_2 >> 8)
      00018D C0 E0            [24]  810 	push	acc
      00018F 74 80            [12]  811 	mov	a,#0x80
      000191 C0 E0            [24]  812 	push	acc
      000193 12r00r00         [24]  813 	lcall	_printf
      000196 15 81            [12]  814 	dec	sp
      000198 15 81            [12]  815 	dec	sp
      00019A 15 81            [12]  816 	dec	sp
                                    817 ;	src/main.c:86: return;
      00019C 22               [24]  818 	ret
      00019D                        819 00104$:
                                    820 ;	src/main.c:89: if (0 != eepromreadbyte(address, &byte))
      00019D 90r00r00         [24]  821 	mov	dptr,#_eepromreadbyte_PARM_2
      0001A0 74r06            [12]  822 	mov	a,#_r_command_handler_byte_65538_97
      0001A2 F0               [24]  823 	movx	@dptr,a
      0001A3 74s00            [12]  824 	mov	a,#(_r_command_handler_byte_65538_97 >> 8)
      0001A5 A3               [24]  825 	inc	dptr
      0001A6 F0               [24]  826 	movx	@dptr,a
      0001A7 E4               [12]  827 	clr	a
      0001A8 A3               [24]  828 	inc	dptr
      0001A9 F0               [24]  829 	movx	@dptr,a
      0001AA 8E 82            [24]  830 	mov	dpl,r6
      0001AC 8F 83            [24]  831 	mov	dph,r7
      0001AE 12r00r00         [24]  832 	lcall	_eepromreadbyte
      0001B1 E5 82            [12]  833 	mov	a,dpl
      0001B3 85 83 F0         [24]  834 	mov	b,dph
      0001B6 45 F0            [12]  835 	orl	a,b
      0001B8 60 16            [24]  836 	jz	00107$
                                    837 ;	src/main.c:91: printf("\r\nFailed to read from the eeprom");
      0001BA 74r7F            [12]  838 	mov	a,#___str_8
      0001BC C0 E0            [24]  839 	push	acc
      0001BE 74s01            [12]  840 	mov	a,#(___str_8 >> 8)
      0001C0 C0 E0            [24]  841 	push	acc
      0001C2 74 80            [12]  842 	mov	a,#0x80
      0001C4 C0 E0            [24]  843 	push	acc
      0001C6 12r00r00         [24]  844 	lcall	_printf
      0001C9 15 81            [12]  845 	dec	sp
      0001CB 15 81            [12]  846 	dec	sp
      0001CD 15 81            [12]  847 	dec	sp
      0001CF 22               [24]  848 	ret
      0001D0                        849 00107$:
                                    850 ;	src/main.c:95: printf("\r\n Success: read 0x%hhx from the eeprom", byte);
      0001D0 90r00r06         [24]  851 	mov	dptr,#_r_command_handler_byte_65538_97
      0001D3 E0               [24]  852 	movx	a,@dptr
      0001D4 FF               [12]  853 	mov	r7,a
      0001D5 7E 00            [12]  854 	mov	r6,#0x00
      0001D7 C0 07            [24]  855 	push	ar7
      0001D9 C0 06            [24]  856 	push	ar6
      0001DB 74rA0            [12]  857 	mov	a,#___str_9
      0001DD C0 E0            [24]  858 	push	acc
      0001DF 74s01            [12]  859 	mov	a,#(___str_9 >> 8)
      0001E1 C0 E0            [24]  860 	push	acc
      0001E3 74 80            [12]  861 	mov	a,#0x80
      0001E5 C0 E0            [24]  862 	push	acc
      0001E7 12r00r00         [24]  863 	lcall	_printf
      0001EA E5 81            [12]  864 	mov	a,sp
      0001EC 24 FB            [12]  865 	add	a,#0xfb
      0001EE F5 81            [12]  866 	mov	sp,a
                                    867 ;	src/main.c:97: }
      0001F0 22               [24]  868 	ret
                                    869 ;------------------------------------------------------------
                                    870 ;Allocation info for local variables in function 'print_dashed_line'
                                    871 ;------------------------------------------------------------
                                    872 ;	src/main.c:99: void print_dashed_line()
                                    873 ;	-----------------------------------------
                                    874 ;	 function print_dashed_line
                                    875 ;	-----------------------------------------
      0001F1                        876 _print_dashed_line:
                                    877 ;	src/main.c:101: printf("\r\n---------------------------------------------------");
      0001F1 74rC8            [12]  878 	mov	a,#___str_10
      0001F3 C0 E0            [24]  879 	push	acc
      0001F5 74s01            [12]  880 	mov	a,#(___str_10 >> 8)
      0001F7 C0 E0            [24]  881 	push	acc
      0001F9 74 80            [12]  882 	mov	a,#0x80
      0001FB C0 E0            [24]  883 	push	acc
      0001FD 12r00r00         [24]  884 	lcall	_printf
      000200 15 81            [12]  885 	dec	sp
      000202 15 81            [12]  886 	dec	sp
      000204 15 81            [12]  887 	dec	sp
                                    888 ;	src/main.c:102: }
      000206 22               [24]  889 	ret
                                    890 ;------------------------------------------------------------
                                    891 ;Allocation info for local variables in function 'x_command_handler'
                                    892 ;------------------------------------------------------------
                                    893 ;start_address             Allocated with name '_x_command_handler_start_address_65537_102'
                                    894 ;end_address               Allocated with name '_x_command_handler_end_address_65538_105'
                                    895 ;row_start                 Allocated with name '_x_command_handler_row_start_131074_109'
                                    896 ;i                         Allocated with name '_x_command_handler_i_262146_111'
                                    897 ;byte                      Allocated with name '_x_command_handler_byte_327682_112'
                                    898 ;------------------------------------------------------------
                                    899 ;	src/main.c:104: void x_command_handler()
                                    900 ;	-----------------------------------------
                                    901 ;	 function x_command_handler
                                    902 ;	-----------------------------------------
      000207                        903 _x_command_handler:
                                    904 ;	src/main.c:106: printf("\r\nEnter a valid starting hex address [0, 7FF]: ");
      000207 74rFE            [12]  905 	mov	a,#___str_11
      000209 C0 E0            [24]  906 	push	acc
      00020B 74s01            [12]  907 	mov	a,#(___str_11 >> 8)
      00020D C0 E0            [24]  908 	push	acc
      00020F 74 80            [12]  909 	mov	a,#0x80
      000211 C0 E0            [24]  910 	push	acc
      000213 12r00r00         [24]  911 	lcall	_printf
      000216 15 81            [12]  912 	dec	sp
      000218 15 81            [12]  913 	dec	sp
      00021A 15 81            [12]  914 	dec	sp
                                    915 ;	src/main.c:107: int start_address = 0;
      00021C 90r00r07         [24]  916 	mov	dptr,#_x_command_handler_start_address_65537_102
      00021F E4               [12]  917 	clr	a
      000220 F0               [24]  918 	movx	@dptr,a
      000221 A3               [24]  919 	inc	dptr
      000222 F0               [24]  920 	movx	@dptr,a
                                    921 ;	src/main.c:108: if (0 > get_hex_value(&start_address))
      000223 90r00r07         [24]  922 	mov	dptr,#_x_command_handler_start_address_65537_102
      000226 75 F0 00         [24]  923 	mov	b,#0x00
      000229 12r00r00         [24]  924 	lcall	_get_hex_value
      00022C E5 83            [12]  925 	mov	a,dph
      00022E 30 E7 16         [24]  926 	jnb	acc.7,00102$
                                    927 ;	src/main.c:110: printf("\r\n Failed to enter a hex integer, please try again");
      000231 74r37            [12]  928 	mov	a,#___str_1
      000233 C0 E0            [24]  929 	push	acc
      000235 74s00            [12]  930 	mov	a,#(___str_1 >> 8)
      000237 C0 E0            [24]  931 	push	acc
      000239 74 80            [12]  932 	mov	a,#0x80
      00023B C0 E0            [24]  933 	push	acc
      00023D 12r00r00         [24]  934 	lcall	_printf
      000240 15 81            [12]  935 	dec	sp
      000242 15 81            [12]  936 	dec	sp
      000244 15 81            [12]  937 	dec	sp
                                    938 ;	src/main.c:111: return;
      000246 22               [24]  939 	ret
      000247                        940 00102$:
                                    941 ;	src/main.c:113: if(start_address < 0 || start_address > 0x7FF)
      000247 90r00r07         [24]  942 	mov	dptr,#_x_command_handler_start_address_65537_102
      00024A E0               [24]  943 	movx	a,@dptr
      00024B FE               [12]  944 	mov	r6,a
      00024C A3               [24]  945 	inc	dptr
      00024D E0               [24]  946 	movx	a,@dptr
      00024E FF               [12]  947 	mov	r7,a
      00024F 20 E7 0F         [24]  948 	jb	acc.7,00103$
      000252 C3               [12]  949 	clr	c
      000253 74 FF            [12]  950 	mov	a,#0xff
      000255 9E               [12]  951 	subb	a,r6
      000256 74 87            [12]  952 	mov	a,#(0x07 ^ 0x80)
      000258 8F F0            [24]  953 	mov	b,r7
      00025A 63 F0 80         [24]  954 	xrl	b,#0x80
      00025D 95 F0            [12]  955 	subb	a,b
      00025F 50 16            [24]  956 	jnc	00104$
      000261                        957 00103$:
                                    958 ;	src/main.c:115: printf("\r\n Failed to enter an address within range, please try again");
      000261 74r6A            [12]  959 	mov	a,#___str_2
      000263 C0 E0            [24]  960 	push	acc
      000265 74s00            [12]  961 	mov	a,#(___str_2 >> 8)
      000267 C0 E0            [24]  962 	push	acc
      000269 74 80            [12]  963 	mov	a,#0x80
      00026B C0 E0            [24]  964 	push	acc
      00026D 12r00r00         [24]  965 	lcall	_printf
      000270 15 81            [12]  966 	dec	sp
      000272 15 81            [12]  967 	dec	sp
      000274 15 81            [12]  968 	dec	sp
                                    969 ;	src/main.c:116: return;
      000276 22               [24]  970 	ret
      000277                        971 00104$:
                                    972 ;	src/main.c:119: printf("\r\nEnter a valid ending hex address [0,7FF]");
      000277 74r2E            [12]  973 	mov	a,#___str_12
      000279 C0 E0            [24]  974 	push	acc
      00027B 74s02            [12]  975 	mov	a,#(___str_12 >> 8)
      00027D C0 E0            [24]  976 	push	acc
      00027F 74 80            [12]  977 	mov	a,#0x80
      000281 C0 E0            [24]  978 	push	acc
      000283 12r00r00         [24]  979 	lcall	_printf
      000286 15 81            [12]  980 	dec	sp
      000288 15 81            [12]  981 	dec	sp
      00028A 15 81            [12]  982 	dec	sp
                                    983 ;	src/main.c:120: int end_address = 0;
      00028C 90r00r09         [24]  984 	mov	dptr,#_x_command_handler_end_address_65538_105
      00028F E4               [12]  985 	clr	a
      000290 F0               [24]  986 	movx	@dptr,a
      000291 A3               [24]  987 	inc	dptr
      000292 F0               [24]  988 	movx	@dptr,a
                                    989 ;	src/main.c:121: if (0 > get_hex_value(&end_address))
      000293 90r00r09         [24]  990 	mov	dptr,#_x_command_handler_end_address_65538_105
      000296 75 F0 00         [24]  991 	mov	b,#0x00
      000299 12r00r00         [24]  992 	lcall	_get_hex_value
      00029C E5 83            [12]  993 	mov	a,dph
      00029E 30 E7 16         [24]  994 	jnb	acc.7,00107$
                                    995 ;	src/main.c:123: printf("\r\n Failed to enter a hex integer, please try again");
      0002A1 74r37            [12]  996 	mov	a,#___str_1
      0002A3 C0 E0            [24]  997 	push	acc
      0002A5 74s00            [12]  998 	mov	a,#(___str_1 >> 8)
      0002A7 C0 E0            [24]  999 	push	acc
      0002A9 74 80            [12] 1000 	mov	a,#0x80
      0002AB C0 E0            [24] 1001 	push	acc
      0002AD 12r00r00         [24] 1002 	lcall	_printf
      0002B0 15 81            [12] 1003 	dec	sp
      0002B2 15 81            [12] 1004 	dec	sp
      0002B4 15 81            [12] 1005 	dec	sp
                                   1006 ;	src/main.c:124: return;
      0002B6 22               [24] 1007 	ret
      0002B7                       1008 00107$:
                                   1009 ;	src/main.c:126: if(end_address < 0 || end_address > 0x7FF)
      0002B7 90r00r09         [24] 1010 	mov	dptr,#_x_command_handler_end_address_65538_105
      0002BA E0               [24] 1011 	movx	a,@dptr
      0002BB FE               [12] 1012 	mov	r6,a
      0002BC A3               [24] 1013 	inc	dptr
      0002BD E0               [24] 1014 	movx	a,@dptr
      0002BE FF               [12] 1015 	mov	r7,a
      0002BF 20 E7 0F         [24] 1016 	jb	acc.7,00108$
      0002C2 C3               [12] 1017 	clr	c
      0002C3 74 FF            [12] 1018 	mov	a,#0xff
      0002C5 9E               [12] 1019 	subb	a,r6
      0002C6 74 87            [12] 1020 	mov	a,#(0x07 ^ 0x80)
      0002C8 8F F0            [24] 1021 	mov	b,r7
      0002CA 63 F0 80         [24] 1022 	xrl	b,#0x80
      0002CD 95 F0            [12] 1023 	subb	a,b
      0002CF 50 16            [24] 1024 	jnc	00109$
      0002D1                       1025 00108$:
                                   1026 ;	src/main.c:128: printf("\r\n Failed to enter an address within range, please try again");
      0002D1 74r6A            [12] 1027 	mov	a,#___str_2
      0002D3 C0 E0            [24] 1028 	push	acc
      0002D5 74s00            [12] 1029 	mov	a,#(___str_2 >> 8)
      0002D7 C0 E0            [24] 1030 	push	acc
      0002D9 74 80            [12] 1031 	mov	a,#0x80
      0002DB C0 E0            [24] 1032 	push	acc
      0002DD 12r00r00         [24] 1033 	lcall	_printf
      0002E0 15 81            [12] 1034 	dec	sp
      0002E2 15 81            [12] 1035 	dec	sp
      0002E4 15 81            [12] 1036 	dec	sp
                                   1037 ;	src/main.c:129: return;
      0002E6 22               [24] 1038 	ret
      0002E7                       1039 00109$:
                                   1040 ;	src/main.c:132: if (start_address > end_address)
      0002E7 90r00r07         [24] 1041 	mov	dptr,#_x_command_handler_start_address_65537_102
      0002EA E0               [24] 1042 	movx	a,@dptr
      0002EB FC               [12] 1043 	mov	r4,a
      0002EC A3               [24] 1044 	inc	dptr
      0002ED E0               [24] 1045 	movx	a,@dptr
      0002EE FD               [12] 1046 	mov	r5,a
      0002EF C3               [12] 1047 	clr	c
      0002F0 EE               [12] 1048 	mov	a,r6
      0002F1 9C               [12] 1049 	subb	a,r4
      0002F2 EF               [12] 1050 	mov	a,r7
      0002F3 64 80            [12] 1051 	xrl	a,#0x80
      0002F5 8D F0            [24] 1052 	mov	b,r5
      0002F7 63 F0 80         [24] 1053 	xrl	b,#0x80
      0002FA 95 F0            [12] 1054 	subb	a,b
      0002FC 50 16            [24] 1055 	jnc	00112$
                                   1056 ;	src/main.c:134: printf("\r\n start_address is greater than end address; please try again");
      0002FE 74r59            [12] 1057 	mov	a,#___str_13
      000300 C0 E0            [24] 1058 	push	acc
      000302 74s02            [12] 1059 	mov	a,#(___str_13 >> 8)
      000304 C0 E0            [24] 1060 	push	acc
      000306 74 80            [12] 1061 	mov	a,#0x80
      000308 C0 E0            [24] 1062 	push	acc
      00030A 12r00r00         [24] 1063 	lcall	_printf
      00030D 15 81            [12] 1064 	dec	sp
      00030F 15 81            [12] 1065 	dec	sp
      000311 15 81            [12] 1066 	dec	sp
                                   1067 ;	src/main.c:135: return; 
      000313 22               [24] 1068 	ret
      000314                       1069 00112$:
                                   1070 ;	src/main.c:138: start_address &= ~(0xF);
      000314 90r00r07         [24] 1071 	mov	dptr,#_x_command_handler_start_address_65537_102
      000317 74 F0            [12] 1072 	mov	a,#0xf0
      000319 5C               [12] 1073 	anl	a,r4
      00031A F0               [24] 1074 	movx	@dptr,a
      00031B ED               [12] 1075 	mov	a,r5
      00031C A3               [24] 1076 	inc	dptr
      00031D F0               [24] 1077 	movx	@dptr,a
                                   1078 ;	src/main.c:139: end_address &= ~(0xF);
      00031E 90r00r09         [24] 1079 	mov	dptr,#_x_command_handler_end_address_65538_105
      000321 74 F0            [12] 1080 	mov	a,#0xf0
      000323 5E               [12] 1081 	anl	a,r6
      000324 F0               [24] 1082 	movx	@dptr,a
      000325 EF               [12] 1083 	mov	a,r7
      000326 A3               [24] 1084 	inc	dptr
      000327 F0               [24] 1085 	movx	@dptr,a
                                   1086 ;	src/main.c:140: end_address += 0x10;
      000328 90r00r09         [24] 1087 	mov	dptr,#_x_command_handler_end_address_65538_105
      00032B E0               [24] 1088 	movx	a,@dptr
      00032C FE               [12] 1089 	mov	r6,a
      00032D A3               [24] 1090 	inc	dptr
      00032E E0               [24] 1091 	movx	a,@dptr
      00032F FF               [12] 1092 	mov	r7,a
      000330 90r00r09         [24] 1093 	mov	dptr,#_x_command_handler_end_address_65538_105
      000333 74 10            [12] 1094 	mov	a,#0x10
      000335 2E               [12] 1095 	add	a,r6
      000336 F0               [24] 1096 	movx	@dptr,a
      000337 E4               [12] 1097 	clr	a
      000338 3F               [12] 1098 	addc	a,r7
      000339 A3               [24] 1099 	inc	dptr
      00033A F0               [24] 1100 	movx	@dptr,a
                                   1101 ;	src/main.c:143: for(int row_start = start_address; row_start < end_address; row_start+=16)
      00033B 90r00r07         [24] 1102 	mov	dptr,#_x_command_handler_start_address_65537_102
      00033E E0               [24] 1103 	movx	a,@dptr
      00033F FE               [12] 1104 	mov	r6,a
      000340 A3               [24] 1105 	inc	dptr
      000341 E0               [24] 1106 	movx	a,@dptr
      000342 FF               [12] 1107 	mov	r7,a
      000343                       1108 00121$:
      000343 90r00r09         [24] 1109 	mov	dptr,#_x_command_handler_end_address_65538_105
      000346 E0               [24] 1110 	movx	a,@dptr
      000347 FC               [12] 1111 	mov	r4,a
      000348 A3               [24] 1112 	inc	dptr
      000349 E0               [24] 1113 	movx	a,@dptr
      00034A FD               [12] 1114 	mov	r5,a
      00034B C3               [12] 1115 	clr	c
      00034C EE               [12] 1116 	mov	a,r6
      00034D 9C               [12] 1117 	subb	a,r4
      00034E EF               [12] 1118 	mov	a,r7
      00034F 64 80            [12] 1119 	xrl	a,#0x80
      000351 8D F0            [24] 1120 	mov	b,r5
      000353 63 F0 80         [24] 1121 	xrl	b,#0x80
      000356 95 F0            [12] 1122 	subb	a,b
      000358 40 01            [24] 1123 	jc	00172$
      00035A 22               [24] 1124 	ret
      00035B                       1125 00172$:
                                   1126 ;	src/main.c:145: printf("\r\n%03X: ", row_start);
      00035B C0 07            [24] 1127 	push	ar7
      00035D C0 06            [24] 1128 	push	ar6
      00035F C0 06            [24] 1129 	push	ar6
      000361 C0 07            [24] 1130 	push	ar7
      000363 74r98            [12] 1131 	mov	a,#___str_14
      000365 C0 E0            [24] 1132 	push	acc
      000367 74s02            [12] 1133 	mov	a,#(___str_14 >> 8)
      000369 C0 E0            [24] 1134 	push	acc
      00036B 74 80            [12] 1135 	mov	a,#0x80
      00036D C0 E0            [24] 1136 	push	acc
      00036F 12r00r00         [24] 1137 	lcall	_printf
      000372 E5 81            [12] 1138 	mov	a,sp
      000374 24 FB            [12] 1139 	add	a,#0xfb
      000376 F5 81            [12] 1140 	mov	sp,a
      000378 D0 06            [24] 1141 	pop	ar6
      00037A D0 07            [24] 1142 	pop	ar7
                                   1143 ;	src/main.c:146: for(int i = 0; i < 16; i++)
      00037C 8E 04            [24] 1144 	mov	ar4,r6
      00037E 8F 05            [24] 1145 	mov	ar5,r7
      000380 7A 00            [12] 1146 	mov	r2,#0x00
      000382 7B 00            [12] 1147 	mov	r3,#0x00
      000384                       1148 00118$:
      000384 C3               [12] 1149 	clr	c
      000385 EA               [12] 1150 	mov	a,r2
      000386 94 10            [12] 1151 	subb	a,#0x10
      000388 EB               [12] 1152 	mov	a,r3
      000389 64 80            [12] 1153 	xrl	a,#0x80
      00038B 94 80            [12] 1154 	subb	a,#0x80
      00038D 40 03            [24] 1155 	jc	00173$
      00038F 02r04r29         [24] 1156 	ljmp	00122$
      000392                       1157 00173$:
                                   1158 ;	src/main.c:148: int byte = 0;
      000392 90r00r0B         [24] 1159 	mov	dptr,#_x_command_handler_byte_327682_112
      000395 E4               [12] 1160 	clr	a
      000396 F0               [24] 1161 	movx	@dptr,a
      000397 A3               [24] 1162 	inc	dptr
      000398 F0               [24] 1163 	movx	@dptr,a
                                   1164 ;	src/main.c:149: if(0 != eepromreadbyte(row_start + i, &byte))
      000399 EA               [12] 1165 	mov	a,r2
      00039A 2C               [12] 1166 	add	a,r4
      00039B F8               [12] 1167 	mov	r0,a
      00039C EB               [12] 1168 	mov	a,r3
      00039D 3D               [12] 1169 	addc	a,r5
      00039E F9               [12] 1170 	mov	r1,a
      00039F 90r00r00         [24] 1171 	mov	dptr,#_eepromreadbyte_PARM_2
      0003A2 74r0B            [12] 1172 	mov	a,#_x_command_handler_byte_327682_112
      0003A4 F0               [24] 1173 	movx	@dptr,a
      0003A5 74s00            [12] 1174 	mov	a,#(_x_command_handler_byte_327682_112 >> 8)
      0003A7 A3               [24] 1175 	inc	dptr
      0003A8 F0               [24] 1176 	movx	@dptr,a
      0003A9 E4               [12] 1177 	clr	a
      0003AA A3               [24] 1178 	inc	dptr
      0003AB F0               [24] 1179 	movx	@dptr,a
      0003AC 88 82            [24] 1180 	mov	dpl,r0
      0003AE 89 83            [24] 1181 	mov	dph,r1
      0003B0 C0 07            [24] 1182 	push	ar7
      0003B2 C0 06            [24] 1183 	push	ar6
      0003B4 C0 05            [24] 1184 	push	ar5
      0003B6 C0 04            [24] 1185 	push	ar4
      0003B8 C0 03            [24] 1186 	push	ar3
      0003BA C0 02            [24] 1187 	push	ar2
      0003BC 12r00r00         [24] 1188 	lcall	_eepromreadbyte
      0003BF E5 82            [12] 1189 	mov	a,dpl
      0003C1 85 83 F0         [24] 1190 	mov	b,dph
      0003C4 D0 02            [24] 1191 	pop	ar2
      0003C6 D0 03            [24] 1192 	pop	ar3
      0003C8 D0 04            [24] 1193 	pop	ar4
      0003CA D0 05            [24] 1194 	pop	ar5
      0003CC D0 06            [24] 1195 	pop	ar6
      0003CE D0 07            [24] 1196 	pop	ar7
      0003D0 45 F0            [12] 1197 	orl	a,b
      0003D2 60 16            [24] 1198 	jz	00114$
                                   1199 ;	src/main.c:151: printf("\r\n Failed to read byte from eeprom, ending command \r\n");
      0003D4 74rA1            [12] 1200 	mov	a,#___str_15
      0003D6 C0 E0            [24] 1201 	push	acc
      0003D8 74s02            [12] 1202 	mov	a,#(___str_15 >> 8)
      0003DA C0 E0            [24] 1203 	push	acc
      0003DC 74 80            [12] 1204 	mov	a,#0x80
      0003DE C0 E0            [24] 1205 	push	acc
      0003E0 12r00r00         [24] 1206 	lcall	_printf
      0003E3 15 81            [12] 1207 	dec	sp
      0003E5 15 81            [12] 1208 	dec	sp
      0003E7 15 81            [12] 1209 	dec	sp
                                   1210 ;	src/main.c:152: return;
      0003E9 22               [24] 1211 	ret
      0003EA                       1212 00114$:
                                   1213 ;	src/main.c:154: printf("%02X ", byte);
      0003EA C0 07            [24] 1214 	push	ar7
      0003EC C0 06            [24] 1215 	push	ar6
      0003EE C0 05            [24] 1216 	push	ar5
      0003F0 C0 04            [24] 1217 	push	ar4
      0003F2 C0 03            [24] 1218 	push	ar3
      0003F4 C0 02            [24] 1219 	push	ar2
      0003F6 90r00r0B         [24] 1220 	mov	dptr,#_x_command_handler_byte_327682_112
      0003F9 E0               [24] 1221 	movx	a,@dptr
      0003FA C0 E0            [24] 1222 	push	acc
      0003FC A3               [24] 1223 	inc	dptr
      0003FD E0               [24] 1224 	movx	a,@dptr
      0003FE C0 E0            [24] 1225 	push	acc
      000400 74rD7            [12] 1226 	mov	a,#___str_16
      000402 C0 E0            [24] 1227 	push	acc
      000404 74s02            [12] 1228 	mov	a,#(___str_16 >> 8)
      000406 C0 E0            [24] 1229 	push	acc
      000408 74 80            [12] 1230 	mov	a,#0x80
      00040A C0 E0            [24] 1231 	push	acc
      00040C 12r00r00         [24] 1232 	lcall	_printf
      00040F E5 81            [12] 1233 	mov	a,sp
      000411 24 FB            [12] 1234 	add	a,#0xfb
      000413 F5 81            [12] 1235 	mov	sp,a
      000415 D0 02            [24] 1236 	pop	ar2
      000417 D0 03            [24] 1237 	pop	ar3
      000419 D0 04            [24] 1238 	pop	ar4
      00041B D0 05            [24] 1239 	pop	ar5
      00041D D0 06            [24] 1240 	pop	ar6
      00041F D0 07            [24] 1241 	pop	ar7
                                   1242 ;	src/main.c:146: for(int i = 0; i < 16; i++)
      000421 0A               [12] 1243 	inc	r2
      000422 BA 00 01         [24] 1244 	cjne	r2,#0x00,00175$
      000425 0B               [12] 1245 	inc	r3
      000426                       1246 00175$:
      000426 02r03r84         [24] 1247 	ljmp	00118$
      000429                       1248 00122$:
                                   1249 ;	src/main.c:143: for(int row_start = start_address; row_start < end_address; row_start+=16)
      000429 74 10            [12] 1250 	mov	a,#0x10
      00042B 2E               [12] 1251 	add	a,r6
      00042C FE               [12] 1252 	mov	r6,a
      00042D E4               [12] 1253 	clr	a
      00042E 3F               [12] 1254 	addc	a,r7
      00042F FF               [12] 1255 	mov	r7,a
                                   1256 ;	src/main.c:157: }
      000430 02r03r43         [24] 1257 	ljmp	00121$
                                   1258 ;------------------------------------------------------------
                                   1259 ;Allocation info for local variables in function 'main'
                                   1260 ;------------------------------------------------------------
                                   1261 ;received_char             Allocated with name '_main_received_char_196609_117'
                                   1262 ;------------------------------------------------------------
                                   1263 ;	src/main.c:161: void main()
                                   1264 ;	-----------------------------------------
                                   1265 ;	 function main
                                   1266 ;	-----------------------------------------
      000433                       1267 _main:
                                   1268 ;	src/main.c:163: eeprom_init();
      000433 12r00r00         [24] 1269 	lcall	_eeprom_init
      000436                       1270 00109$:
                                   1271 ;	src/main.c:166: printf("\r\nEnter a command char (? for help): ");
      000436 74rDD            [12] 1272 	mov	a,#___str_17
      000438 C0 E0            [24] 1273 	push	acc
      00043A 74s02            [12] 1274 	mov	a,#(___str_17 >> 8)
      00043C C0 E0            [24] 1275 	push	acc
      00043E 74 80            [12] 1276 	mov	a,#0x80
      000440 C0 E0            [24] 1277 	push	acc
      000442 12r00r00         [24] 1278 	lcall	_printf
      000445 15 81            [12] 1279 	dec	sp
      000447 15 81            [12] 1280 	dec	sp
      000449 15 81            [12] 1281 	dec	sp
                                   1282 ;	src/main.c:167: char received_char = getchar();
      00044B 12r00r00         [24] 1283 	lcall	_getchar
      00044E AE 82            [24] 1284 	mov	r6,dpl
                                   1285 ;	src/main.c:168: putchar(received_char);
      000450 8E 05            [24] 1286 	mov	ar5,r6
      000452 7F 00            [12] 1287 	mov	r7,#0x00
      000454 8D 82            [24] 1288 	mov	dpl,r5
      000456 8F 83            [24] 1289 	mov	dph,r7
      000458 C0 06            [24] 1290 	push	ar6
      00045A 12r00r00         [24] 1291 	lcall	_putchar
      00045D D0 06            [24] 1292 	pop	ar6
                                   1293 ;	src/main.c:169: switch(received_char)
      00045F BE 3F 02         [24] 1294 	cjne	r6,#0x3f,00132$
      000462 80 0F            [24] 1295 	sjmp	00101$
      000464                       1296 00132$:
      000464 BE 72 02         [24] 1297 	cjne	r6,#0x72,00133$
      000467 80 50            [24] 1298 	sjmp	00103$
      000469                       1299 00133$:
      000469 BE 77 02         [24] 1300 	cjne	r6,#0x77,00134$
      00046C 80 46            [24] 1301 	sjmp	00102$
      00046E                       1302 00134$:
                                   1303 ;	src/main.c:171: case '?':
      00046E BE 78 52         [24] 1304 	cjne	r6,#0x78,00105$
      000471 80 4B            [24] 1305 	sjmp	00104$
      000473                       1306 00101$:
                                   1307 ;	src/main.c:172: printf("\r\nw - write a byte");
      000473 74r03            [12] 1308 	mov	a,#___str_18
      000475 C0 E0            [24] 1309 	push	acc
      000477 74s03            [12] 1310 	mov	a,#(___str_18 >> 8)
      000479 C0 E0            [24] 1311 	push	acc
      00047B 74 80            [12] 1312 	mov	a,#0x80
      00047D C0 E0            [24] 1313 	push	acc
      00047F 12r00r00         [24] 1314 	lcall	_printf
      000482 15 81            [12] 1315 	dec	sp
      000484 15 81            [12] 1316 	dec	sp
      000486 15 81            [12] 1317 	dec	sp
                                   1318 ;	src/main.c:173: printf("\r\nr - read a byte");
      000488 74r16            [12] 1319 	mov	a,#___str_19
      00048A C0 E0            [24] 1320 	push	acc
      00048C 74s03            [12] 1321 	mov	a,#(___str_19 >> 8)
      00048E C0 E0            [24] 1322 	push	acc
      000490 74 80            [12] 1323 	mov	a,#0x80
      000492 C0 E0            [24] 1324 	push	acc
      000494 12r00r00         [24] 1325 	lcall	_printf
      000497 15 81            [12] 1326 	dec	sp
      000499 15 81            [12] 1327 	dec	sp
      00049B 15 81            [12] 1328 	dec	sp
                                   1329 ;	src/main.c:174: printf("\r\nx - hex dump");
      00049D 74r28            [12] 1330 	mov	a,#___str_20
      00049F C0 E0            [24] 1331 	push	acc
      0004A1 74s03            [12] 1332 	mov	a,#(___str_20 >> 8)
      0004A3 C0 E0            [24] 1333 	push	acc
      0004A5 74 80            [12] 1334 	mov	a,#0x80
      0004A7 C0 E0            [24] 1335 	push	acc
      0004A9 12r00r00         [24] 1336 	lcall	_printf
      0004AC 15 81            [12] 1337 	dec	sp
      0004AE 15 81            [12] 1338 	dec	sp
      0004B0 15 81            [12] 1339 	dec	sp
                                   1340 ;	src/main.c:175: break;
                                   1341 ;	src/main.c:176: case 'w':
      0004B2 80 27            [24] 1342 	sjmp	00106$
      0004B4                       1343 00102$:
                                   1344 ;	src/main.c:177: w_command_handler();
      0004B4 12r00r04         [24] 1345 	lcall	_w_command_handler
                                   1346 ;	src/main.c:178: break;
                                   1347 ;	src/main.c:179: case 'r':
      0004B7 80 22            [24] 1348 	sjmp	00106$
      0004B9                       1349 00103$:
                                   1350 ;	src/main.c:180: r_command_handler();
      0004B9 12r01r2D         [24] 1351 	lcall	_r_command_handler
                                   1352 ;	src/main.c:181: break;
                                   1353 ;	src/main.c:182: case 'x':
      0004BC 80 1D            [24] 1354 	sjmp	00106$
      0004BE                       1355 00104$:
                                   1356 ;	src/main.c:183: x_command_handler();
      0004BE 12r02r07         [24] 1357 	lcall	_x_command_handler
                                   1358 ;	src/main.c:184: break;
                                   1359 ;	src/main.c:185: default:
      0004C1 80 18            [24] 1360 	sjmp	00106$
      0004C3                       1361 00105$:
                                   1362 ;	src/main.c:186: printf("\r\nUnrecognized command, please enter a valid command char");
      0004C3 74r37            [12] 1363 	mov	a,#___str_21
      0004C5 C0 E0            [24] 1364 	push	acc
      0004C7 74s03            [12] 1365 	mov	a,#(___str_21 >> 8)
      0004C9 C0 E0            [24] 1366 	push	acc
      0004CB 74 80            [12] 1367 	mov	a,#0x80
      0004CD C0 E0            [24] 1368 	push	acc
      0004CF 12r00r00         [24] 1369 	lcall	_printf
      0004D2 15 81            [12] 1370 	dec	sp
      0004D4 15 81            [12] 1371 	dec	sp
      0004D6 15 81            [12] 1372 	dec	sp
                                   1373 ;	src/main.c:187: continue; //no command, don't print the end command line
      0004D8 02r04r36         [24] 1374 	ljmp	00109$
                                   1375 ;	src/main.c:188: }
      0004DB                       1376 00106$:
                                   1377 ;	src/main.c:189: printf("\r\nEND COMMAND");
      0004DB 74r71            [12] 1378 	mov	a,#___str_22
      0004DD C0 E0            [24] 1379 	push	acc
      0004DF 74s03            [12] 1380 	mov	a,#(___str_22 >> 8)
      0004E1 C0 E0            [24] 1381 	push	acc
      0004E3 74 80            [12] 1382 	mov	a,#0x80
      0004E5 C0 E0            [24] 1383 	push	acc
      0004E7 12r00r00         [24] 1384 	lcall	_printf
      0004EA 15 81            [12] 1385 	dec	sp
      0004EC 15 81            [12] 1386 	dec	sp
      0004EE 15 81            [12] 1387 	dec	sp
                                   1388 ;	src/main.c:190: print_dashed_line();
      0004F0 12r01rF1         [24] 1389 	lcall	_print_dashed_line
                                   1390 ;	src/main.c:192: }
      0004F3 02r04r36         [24] 1391 	ljmp	00109$
                                   1392 	.area CSEG    (CODE)
                                   1393 	.area CONST   (CODE)
                                   1394 	.area CONST   (CODE)
      000000                       1395 ___str_0:
      000000 0D                    1396 	.db 0x0d
      000001 0A                    1397 	.db 0x0a
      000002 45 6E 74 65 72 20 61  1398 	.ascii "Enter an EEPROM address to write to in hex [0,7FF]: "
             6E 20 45 45 50 52 4F
             4D 20 61 64 64 72 65
             73 73 20 74 6F 20 77
             72 69 74 65 20 74 6F
             20 69 6E 20 68 65 78
             20 5B 30 2C 37 46 46
             5D 3A 20
      000036 00                    1399 	.db 0x00
                                   1400 	.area CSEG    (CODE)
                                   1401 	.area CONST   (CODE)
      000037                       1402 ___str_1:
      000037 0D                    1403 	.db 0x0d
      000038 0A                    1404 	.db 0x0a
      000039 20 46 61 69 6C 65 64  1405 	.ascii " Failed to enter a hex integer, please try again"
             20 74 6F 20 65 6E 74
             65 72 20 61 20 68 65
             78 20 69 6E 74 65 67
             65 72 2C 20 70 6C 65
             61 73 65 20 74 72 79
             20 61 67 61 69 6E
      000069 00                    1406 	.db 0x00
                                   1407 	.area CSEG    (CODE)
                                   1408 	.area CONST   (CODE)
      00006A                       1409 ___str_2:
      00006A 0D                    1410 	.db 0x0d
      00006B 0A                    1411 	.db 0x0a
      00006C 20 46 61 69 6C 65 64  1412 	.ascii " Failed to enter an address within range, please try again"
             20 74 6F 20 65 6E 74
             65 72 20 61 6E 20 61
             64 64 72 65 73 73 20
             77 69 74 68 69 6E 20
             72 61 6E 67 65 2C 20
             70 6C 65 61 73 65 20
             74 72 79 20 61 67 61
             69 6E
      0000A6 00                    1413 	.db 0x00
                                   1414 	.area CSEG    (CODE)
                                   1415 	.area CONST   (CODE)
      0000A7                       1416 ___str_3:
      0000A7 0D                    1417 	.db 0x0d
      0000A8 0A                    1418 	.db 0x0a
      0000A9 45 6E 74 65 72 20 61  1419 	.ascii "Enter a byte to write [0, FF]: "
             20 62 79 74 65 20 74
             6F 20 77 72 69 74 65
             20 5B 30 2C 20 46 46
             5D 3A 20
      0000C8 00                    1420 	.db 0x00
                                   1421 	.area CSEG    (CODE)
                                   1422 	.area CONST   (CODE)
      0000C9                       1423 ___str_4:
      0000C9 0D                    1424 	.db 0x0d
      0000CA 0A                    1425 	.db 0x0a
      0000CB 20 46 61 69 6C 65 64  1426 	.ascii " Failed to enter a value that's byte size, please try again"
             20 74 6F 20 65 6E 74
             65 72 20 61 20 76 61
             6C 75 65 20 74 68 61
             74 27 73 20 62 79 74
             65 20 73 69 7A 65 2C
             20 70 6C 65 61 73 65
             20 74 72 79 20 61 67
             61 69 6E
      000106 00                    1427 	.db 0x00
                                   1428 	.area CSEG    (CODE)
                                   1429 	.area CONST   (CODE)
      000107                       1430 ___str_5:
      000107 0D                    1431 	.db 0x0d
      000108 0A                    1432 	.db 0x0a
      000109 46 61 69 6C 65 64 20  1433 	.ascii "Failed to write to the eeprom"
             74 6F 20 77 72 69 74
             65 20 74 6F 20 74 68
             65 20 65 65 70 72 6F
             6D
      000126 00                    1434 	.db 0x00
                                   1435 	.area CSEG    (CODE)
                                   1436 	.area CONST   (CODE)
      000127                       1437 ___str_6:
      000127 0D                    1438 	.db 0x0d
      000128 0A                    1439 	.db 0x0a
      000129 20 53 75 63 63 65 73  1440 	.ascii " Success: wrote to the eeprom"
             73 3A 20 77 72 6F 74
             65 20 74 6F 20 74 68
             65 20 65 65 70 72 6F
             6D
      000146 00                    1441 	.db 0x00
                                   1442 	.area CSEG    (CODE)
                                   1443 	.area CONST   (CODE)
      000147                       1444 ___str_7:
      000147 0D                    1445 	.db 0x0d
      000148 0A                    1446 	.db 0x0a
      000149 45 6E 74 65 72 20 61  1447 	.ascii "Enter an EEPROM address to read from in hex [0,7FF]: "
             6E 20 45 45 50 52 4F
             4D 20 61 64 64 72 65
             73 73 20 74 6F 20 72
             65 61 64 20 66 72 6F
             6D 20 69 6E 20 68 65
             78 20 5B 30 2C 37 46
             46 5D 3A 20
      00017E 00                    1448 	.db 0x00
                                   1449 	.area CSEG    (CODE)
                                   1450 	.area CONST   (CODE)
      00017F                       1451 ___str_8:
      00017F 0D                    1452 	.db 0x0d
      000180 0A                    1453 	.db 0x0a
      000181 46 61 69 6C 65 64 20  1454 	.ascii "Failed to read from the eeprom"
             74 6F 20 72 65 61 64
             20 66 72 6F 6D 20 74
             68 65 20 65 65 70 72
             6F 6D
      00019F 00                    1455 	.db 0x00
                                   1456 	.area CSEG    (CODE)
                                   1457 	.area CONST   (CODE)
      0001A0                       1458 ___str_9:
      0001A0 0D                    1459 	.db 0x0d
      0001A1 0A                    1460 	.db 0x0a
      0001A2 20 53 75 63 63 65 73  1461 	.ascii " Success: read 0x%hhx from the eeprom"
             73 3A 20 72 65 61 64
             20 30 78 25 68 68 78
             20 66 72 6F 6D 20 74
             68 65 20 65 65 70 72
             6F 6D
      0001C7 00                    1462 	.db 0x00
                                   1463 	.area CSEG    (CODE)
                                   1464 	.area CONST   (CODE)
      0001C8                       1465 ___str_10:
      0001C8 0D                    1466 	.db 0x0d
      0001C9 0A                    1467 	.db 0x0a
      0001CA 2D 2D 2D 2D 2D 2D 2D  1468 	.ascii "---------------------------------------------------"
             2D 2D 2D 2D 2D 2D 2D
             2D 2D 2D 2D 2D 2D 2D
             2D 2D 2D 2D 2D 2D 2D
             2D 2D 2D 2D 2D 2D 2D
             2D 2D 2D 2D 2D 2D 2D
             2D 2D 2D 2D 2D 2D 2D
             2D 2D
      0001FD 00                    1469 	.db 0x00
                                   1470 	.area CSEG    (CODE)
                                   1471 	.area CONST   (CODE)
      0001FE                       1472 ___str_11:
      0001FE 0D                    1473 	.db 0x0d
      0001FF 0A                    1474 	.db 0x0a
      000200 45 6E 74 65 72 20 61  1475 	.ascii "Enter a valid starting hex address [0, 7FF]: "
             20 76 61 6C 69 64 20
             73 74 61 72 74 69 6E
             67 20 68 65 78 20 61
             64 64 72 65 73 73 20
             5B 30 2C 20 37 46 46
             5D 3A 20
      00022D 00                    1476 	.db 0x00
                                   1477 	.area CSEG    (CODE)
                                   1478 	.area CONST   (CODE)
      00022E                       1479 ___str_12:
      00022E 0D                    1480 	.db 0x0d
      00022F 0A                    1481 	.db 0x0a
      000230 45 6E 74 65 72 20 61  1482 	.ascii "Enter a valid ending hex address [0,7FF]"
             20 76 61 6C 69 64 20
             65 6E 64 69 6E 67 20
             68 65 78 20 61 64 64
             72 65 73 73 20 5B 30
             2C 37 46 46 5D
      000258 00                    1483 	.db 0x00
                                   1484 	.area CSEG    (CODE)
                                   1485 	.area CONST   (CODE)
      000259                       1486 ___str_13:
      000259 0D                    1487 	.db 0x0d
      00025A 0A                    1488 	.db 0x0a
      00025B 20 73 74 61 72 74 5F  1489 	.ascii " start_address is greater than end address; please try again"
             61 64 64 72 65 73 73
             20 69 73 20 67 72 65
             61 74 65 72 20 74 68
             61 6E 20 65 6E 64 20
             61 64 64 72 65 73 73
             3B 20 70 6C 65 61 73
             65 20 74 72 79 20 61
             67 61 69 6E
      000297 00                    1490 	.db 0x00
                                   1491 	.area CSEG    (CODE)
                                   1492 	.area CONST   (CODE)
      000298                       1493 ___str_14:
      000298 0D                    1494 	.db 0x0d
      000299 0A                    1495 	.db 0x0a
      00029A 25 30 33 58 3A 20     1496 	.ascii "%03X: "
      0002A0 00                    1497 	.db 0x00
                                   1498 	.area CSEG    (CODE)
                                   1499 	.area CONST   (CODE)
      0002A1                       1500 ___str_15:
      0002A1 0D                    1501 	.db 0x0d
      0002A2 0A                    1502 	.db 0x0a
      0002A3 20 46 61 69 6C 65 64  1503 	.ascii " Failed to read byte from eeprom, ending command "
             20 74 6F 20 72 65 61
             64 20 62 79 74 65 20
             66 72 6F 6D 20 65 65
             70 72 6F 6D 2C 20 65
             6E 64 69 6E 67 20 63
             6F 6D 6D 61 6E 64 20
      0002D4 0D                    1504 	.db 0x0d
      0002D5 0A                    1505 	.db 0x0a
      0002D6 00                    1506 	.db 0x00
                                   1507 	.area CSEG    (CODE)
                                   1508 	.area CONST   (CODE)
      0002D7                       1509 ___str_16:
      0002D7 25 30 32 58 20        1510 	.ascii "%02X "
      0002DC 00                    1511 	.db 0x00
                                   1512 	.area CSEG    (CODE)
                                   1513 	.area CONST   (CODE)
      0002DD                       1514 ___str_17:
      0002DD 0D                    1515 	.db 0x0d
      0002DE 0A                    1516 	.db 0x0a
      0002DF 45 6E 74 65 72 20 61  1517 	.ascii "Enter a command char (? for help): "
             20 63 6F 6D 6D 61 6E
             64 20 63 68 61 72 20
             28 3F 20 66 6F 72 20
             68 65 6C 70 29 3A 20
      000302 00                    1518 	.db 0x00
                                   1519 	.area CSEG    (CODE)
                                   1520 	.area CONST   (CODE)
      000303                       1521 ___str_18:
      000303 0D                    1522 	.db 0x0d
      000304 0A                    1523 	.db 0x0a
      000305 77 20 2D 20 77 72 69  1524 	.ascii "w - write a byte"
             74 65 20 61 20 62 79
             74 65
      000315 00                    1525 	.db 0x00
                                   1526 	.area CSEG    (CODE)
                                   1527 	.area CONST   (CODE)
      000316                       1528 ___str_19:
      000316 0D                    1529 	.db 0x0d
      000317 0A                    1530 	.db 0x0a
      000318 72 20 2D 20 72 65 61  1531 	.ascii "r - read a byte"
             64 20 61 20 62 79 74
             65
      000327 00                    1532 	.db 0x00
                                   1533 	.area CSEG    (CODE)
                                   1534 	.area CONST   (CODE)
      000328                       1535 ___str_20:
      000328 0D                    1536 	.db 0x0d
      000329 0A                    1537 	.db 0x0a
      00032A 78 20 2D 20 68 65 78  1538 	.ascii "x - hex dump"
             20 64 75 6D 70
      000336 00                    1539 	.db 0x00
                                   1540 	.area CSEG    (CODE)
                                   1541 	.area CONST   (CODE)
      000337                       1542 ___str_21:
      000337 0D                    1543 	.db 0x0d
      000338 0A                    1544 	.db 0x0a
      000339 55 6E 72 65 63 6F 67  1545 	.ascii "Unrecognized command, please enter a valid command char"
             6E 69 7A 65 64 20 63
             6F 6D 6D 61 6E 64 2C
             20 70 6C 65 61 73 65
             20 65 6E 74 65 72 20
             61 20 76 61 6C 69 64
             20 63 6F 6D 6D 61 6E
             64 20 63 68 61 72
      000370 00                    1546 	.db 0x00
                                   1547 	.area CSEG    (CODE)
                                   1548 	.area CONST   (CODE)
      000371                       1549 ___str_22:
      000371 0D                    1550 	.db 0x0d
      000372 0A                    1551 	.db 0x0a
      000373 45 4E 44 20 43 4F 4D  1552 	.ascii "END COMMAND"
             4D 41 4E 44
      00037E 00                    1553 	.db 0x00
                                   1554 	.area CSEG    (CODE)
                                   1555 	.area XINIT   (CODE)
                                   1556 	.area CABS    (ABS,CODE)
