                                      1 ;--------------------------------------------------------
                                      2 ; File Created by SDCC : free open source ANSI-C Compiler
                                      3 ; Version 4.2.0 #13081 (MINGW64)
                                      4 ;--------------------------------------------------------
                                      5 	.module linked_list
                                      6 	.optsdcc -mmcs51 --model-large
                                      7 	
                                      8 ;--------------------------------------------------------
                                      9 ; Public variables in this module
                                     10 ;--------------------------------------------------------
                                     11 	.globl _free
                                     12 	.globl _ll_get_elem_PARM_2
                                     13 	.globl _remove_from_buffer_list_PARM_2
                                     14 	.globl _append_to_buffer_list_PARM_2
                                     15 	.globl _append_to_buffer_list
                                     16 	.globl _remove_from_buffer_list
                                     17 	.globl _free_all_elems_from_list
                                     18 	.globl _ll_length
                                     19 	.globl _ll_get_elem
                                     20 ;--------------------------------------------------------
                                     21 ; special function registers
                                     22 ;--------------------------------------------------------
                                     23 	.area RSEG    (ABS,DATA)
      000000                         24 	.org 0x0000
                                     25 ;--------------------------------------------------------
                                     26 ; special function bits
                                     27 ;--------------------------------------------------------
                                     28 	.area RSEG    (ABS,DATA)
      000000                         29 	.org 0x0000
                                     30 ;--------------------------------------------------------
                                     31 ; overlayable register banks
                                     32 ;--------------------------------------------------------
                                     33 	.area REG_BANK_0	(REL,OVR,DATA)
      000000                         34 	.ds 8
                                     35 ;--------------------------------------------------------
                                     36 ; internal ram data
                                     37 ;--------------------------------------------------------
                                     38 	.area DSEG    (DATA)
      000000                         39 _remove_from_buffer_list_sloc0_1_0:
      000000                         40 	.ds 3
      000003                         41 _free_all_elems_from_list_sloc0_1_0:
      000003                         42 	.ds 3
                                     43 ;--------------------------------------------------------
                                     44 ; overlayable items in internal ram
                                     45 ;--------------------------------------------------------
                                     46 	.area	OSEG    (OVR,DATA)
      000000                         47 _append_to_buffer_list_sloc0_1_0:
      000000                         48 	.ds 3
                                     49 ;--------------------------------------------------------
                                     50 ; indirectly addressable internal ram data
                                     51 ;--------------------------------------------------------
                                     52 	.area ISEG    (DATA)
                                     53 ;--------------------------------------------------------
                                     54 ; absolute internal ram data
                                     55 ;--------------------------------------------------------
                                     56 	.area IABS    (ABS,DATA)
                                     57 	.area IABS    (ABS,DATA)
                                     58 ;--------------------------------------------------------
                                     59 ; bit data
                                     60 ;--------------------------------------------------------
                                     61 	.area BSEG    (BIT)
                                     62 ;--------------------------------------------------------
                                     63 ; paged external ram data
                                     64 ;--------------------------------------------------------
                                     65 	.area PSEG    (PAG,XDATA)
                                     66 ;--------------------------------------------------------
                                     67 ; external ram data
                                     68 ;--------------------------------------------------------
                                     69 	.area XSEG    (XDATA)
      000000                         70 _append_to_buffer_list_PARM_2:
      000000                         71 	.ds 3
      000003                         72 _append_to_buffer_list_list_65536_47:
      000003                         73 	.ds 3
      000006                         74 _append_to_buffer_list_tail_131072_50:
      000006                         75 	.ds 3
      000009                         76 _remove_from_buffer_list_PARM_2:
      000009                         77 	.ds 2
      00000B                         78 _remove_from_buffer_list_list_65536_52:
      00000B                         79 	.ds 3
      00000E                         80 _remove_from_buffer_list_to_free_65537_54:
      00000E                         81 	.ds 3
      000011                         82 _remove_from_buffer_list_prev_131073_56:
      000011                         83 	.ds 3
      000014                         84 _free_all_elems_from_list_list_65536_59:
      000014                         85 	.ds 3
      000017                         86 _free_all_elems_from_list_buffer_to_free_65536_60:
      000017                         87 	.ds 3
      00001A                         88 _ll_length_list_65536_63:
      00001A                         89 	.ds 3
      00001D                         90 _ll_length_size_65536_64:
      00001D                         91 	.ds 2
      00001F                         92 _ll_length_curr_65536_64:
      00001F                         93 	.ds 3
      000022                         94 _ll_get_elem_PARM_2:
      000022                         95 	.ds 2
      000024                         96 _ll_get_elem_list_65536_66:
      000024                         97 	.ds 3
      000027                         98 _ll_get_elem_curr_65536_67:
      000027                         99 	.ds 3
                                    100 ;--------------------------------------------------------
                                    101 ; absolute external ram data
                                    102 ;--------------------------------------------------------
                                    103 	.area XABS    (ABS,XDATA)
                                    104 ;--------------------------------------------------------
                                    105 ; external initialized ram data
                                    106 ;--------------------------------------------------------
                                    107 	.area XISEG   (XDATA)
                                    108 	.area HOME    (CODE)
                                    109 	.area GSINIT0 (CODE)
                                    110 	.area GSINIT1 (CODE)
                                    111 	.area GSINIT2 (CODE)
                                    112 	.area GSINIT3 (CODE)
                                    113 	.area GSINIT4 (CODE)
                                    114 	.area GSINIT5 (CODE)
                                    115 	.area GSINIT  (CODE)
                                    116 	.area GSFINAL (CODE)
                                    117 	.area CSEG    (CODE)
                                    118 ;--------------------------------------------------------
                                    119 ; global & static initialisations
                                    120 ;--------------------------------------------------------
                                    121 	.area HOME    (CODE)
                                    122 	.area GSINIT  (CODE)
                                    123 	.area GSFINAL (CODE)
                                    124 	.area GSINIT  (CODE)
                                    125 ;--------------------------------------------------------
                                    126 ; Home
                                    127 ;--------------------------------------------------------
                                    128 	.area HOME    (CODE)
                                    129 	.area HOME    (CODE)
                                    130 ;--------------------------------------------------------
                                    131 ; code
                                    132 ;--------------------------------------------------------
                                    133 	.area CSEG    (CODE)
                                    134 ;------------------------------------------------------------
                                    135 ;Allocation info for local variables in function 'append_to_buffer_list'
                                    136 ;------------------------------------------------------------
                                    137 ;buffer                    Allocated with name '_append_to_buffer_list_PARM_2'
                                    138 ;list                      Allocated with name '_append_to_buffer_list_list_65536_47'
                                    139 ;tail                      Allocated with name '_append_to_buffer_list_tail_131072_50'
                                    140 ;sloc0                     Allocated with name '_append_to_buffer_list_sloc0_1_0'
                                    141 ;------------------------------------------------------------
                                    142 ;	src/linked_list.c:14: bool append_to_buffer_list(buffer_list_t *list, buffer_t *buffer)
                                    143 ;	-----------------------------------------
                                    144 ;	 function append_to_buffer_list
                                    145 ;	-----------------------------------------
      000000                        146 _append_to_buffer_list:
                           000007   147 	ar7 = 0x07
                           000006   148 	ar6 = 0x06
                           000005   149 	ar5 = 0x05
                           000004   150 	ar4 = 0x04
                           000003   151 	ar3 = 0x03
                           000002   152 	ar2 = 0x02
                           000001   153 	ar1 = 0x01
                           000000   154 	ar0 = 0x00
      000000 AF F0            [24]  155 	mov	r7,b
      000002 AE 83            [24]  156 	mov	r6,dph
      000004 E5 82            [12]  157 	mov	a,dpl
      000006 90r00r03         [24]  158 	mov	dptr,#_append_to_buffer_list_list_65536_47
      000009 F0               [24]  159 	movx	@dptr,a
      00000A EE               [12]  160 	mov	a,r6
      00000B A3               [24]  161 	inc	dptr
      00000C F0               [24]  162 	movx	@dptr,a
      00000D EF               [12]  163 	mov	a,r7
      00000E A3               [24]  164 	inc	dptr
      00000F F0               [24]  165 	movx	@dptr,a
                                    166 ;	src/linked_list.c:16: if (list->head == NULL) 
      000010 90r00r03         [24]  167 	mov	dptr,#_append_to_buffer_list_list_65536_47
      000013 E0               [24]  168 	movx	a,@dptr
      000014 F5*00            [12]  169 	mov	_append_to_buffer_list_sloc0_1_0,a
      000016 A3               [24]  170 	inc	dptr
      000017 E0               [24]  171 	movx	a,@dptr
      000018 F5*01            [12]  172 	mov	(_append_to_buffer_list_sloc0_1_0 + 1),a
      00001A A3               [24]  173 	inc	dptr
      00001B E0               [24]  174 	movx	a,@dptr
      00001C F5*02            [12]  175 	mov	(_append_to_buffer_list_sloc0_1_0 + 2),a
      00001E 85*00 82         [24]  176 	mov	dpl,_append_to_buffer_list_sloc0_1_0
      000021 85*01 83         [24]  177 	mov	dph,(_append_to_buffer_list_sloc0_1_0 + 1)
      000024 85*02 F0         [24]  178 	mov	b,(_append_to_buffer_list_sloc0_1_0 + 2)
      000027 12r00r00         [24]  179 	lcall	__gptrget
      00002A FA               [12]  180 	mov	r2,a
      00002B A3               [24]  181 	inc	dptr
      00002C 12r00r00         [24]  182 	lcall	__gptrget
      00002F FB               [12]  183 	mov	r3,a
      000030 A3               [24]  184 	inc	dptr
      000031 12r00r00         [24]  185 	lcall	__gptrget
      000034 FC               [12]  186 	mov	r4,a
      000035 EA               [12]  187 	mov	a,r2
      000036 4B               [12]  188 	orl	a,r3
      000037 70 24            [24]  189 	jnz	00105$
                                    190 ;	src/linked_list.c:18: list->head = buffer; 
      000039 90r00r00         [24]  191 	mov	dptr,#_append_to_buffer_list_PARM_2
      00003C E0               [24]  192 	movx	a,@dptr
      00003D F8               [12]  193 	mov	r0,a
      00003E A3               [24]  194 	inc	dptr
      00003F E0               [24]  195 	movx	a,@dptr
      000040 F9               [12]  196 	mov	r1,a
      000041 A3               [24]  197 	inc	dptr
      000042 E0               [24]  198 	movx	a,@dptr
      000043 FF               [12]  199 	mov	r7,a
      000044 85*00 82         [24]  200 	mov	dpl,_append_to_buffer_list_sloc0_1_0
      000047 85*01 83         [24]  201 	mov	dph,(_append_to_buffer_list_sloc0_1_0 + 1)
      00004A 85*02 F0         [24]  202 	mov	b,(_append_to_buffer_list_sloc0_1_0 + 2)
      00004D E8               [12]  203 	mov	a,r0
      00004E 12r00r00         [24]  204 	lcall	__gptrput
      000051 A3               [24]  205 	inc	dptr
      000052 E9               [12]  206 	mov	a,r1
      000053 12r00r00         [24]  207 	lcall	__gptrput
      000056 A3               [24]  208 	inc	dptr
      000057 EF               [12]  209 	mov	a,r7
      000058 12r00r00         [24]  210 	lcall	__gptrput
      00005B 80 61            [24]  211 	sjmp	00106$
      00005D                        212 00105$:
                                    213 ;	src/linked_list.c:22: buffer_t *tail = list->head;
      00005D 90r00r06         [24]  214 	mov	dptr,#_append_to_buffer_list_tail_131072_50
      000060 EA               [12]  215 	mov	a,r2
      000061 F0               [24]  216 	movx	@dptr,a
      000062 EB               [12]  217 	mov	a,r3
      000063 A3               [24]  218 	inc	dptr
      000064 F0               [24]  219 	movx	@dptr,a
      000065 EC               [12]  220 	mov	a,r4
      000066 A3               [24]  221 	inc	dptr
      000067 F0               [24]  222 	movx	@dptr,a
                                    223 ;	src/linked_list.c:23: while(tail->next != NULL)
      000068                        224 00101$:
      000068 90r00r06         [24]  225 	mov	dptr,#_append_to_buffer_list_tail_131072_50
      00006B E0               [24]  226 	movx	a,@dptr
      00006C FD               [12]  227 	mov	r5,a
      00006D A3               [24]  228 	inc	dptr
      00006E E0               [24]  229 	movx	a,@dptr
      00006F FE               [12]  230 	mov	r6,a
      000070 A3               [24]  231 	inc	dptr
      000071 E0               [24]  232 	movx	a,@dptr
      000072 FF               [12]  233 	mov	r7,a
      000073 74 08            [12]  234 	mov	a,#0x08
      000075 2D               [12]  235 	add	a,r5
      000076 FD               [12]  236 	mov	r5,a
      000077 E4               [12]  237 	clr	a
      000078 3E               [12]  238 	addc	a,r6
      000079 FE               [12]  239 	mov	r6,a
      00007A 8D 82            [24]  240 	mov	dpl,r5
      00007C 8E 83            [24]  241 	mov	dph,r6
      00007E 8F F0            [24]  242 	mov	b,r7
      000080 12r00r00         [24]  243 	lcall	__gptrget
      000083 FA               [12]  244 	mov	r2,a
      000084 A3               [24]  245 	inc	dptr
      000085 12r00r00         [24]  246 	lcall	__gptrget
      000088 FB               [12]  247 	mov	r3,a
      000089 A3               [24]  248 	inc	dptr
      00008A 12r00r00         [24]  249 	lcall	__gptrget
      00008D FC               [12]  250 	mov	r4,a
      00008E EA               [12]  251 	mov	a,r2
      00008F 4B               [12]  252 	orl	a,r3
      000090 60 0D            [24]  253 	jz	00103$
                                    254 ;	src/linked_list.c:25: tail = tail->next;
      000092 90r00r06         [24]  255 	mov	dptr,#_append_to_buffer_list_tail_131072_50
      000095 EA               [12]  256 	mov	a,r2
      000096 F0               [24]  257 	movx	@dptr,a
      000097 EB               [12]  258 	mov	a,r3
      000098 A3               [24]  259 	inc	dptr
      000099 F0               [24]  260 	movx	@dptr,a
      00009A EC               [12]  261 	mov	a,r4
      00009B A3               [24]  262 	inc	dptr
      00009C F0               [24]  263 	movx	@dptr,a
      00009D 80 C9            [24]  264 	sjmp	00101$
      00009F                        265 00103$:
                                    266 ;	src/linked_list.c:27: tail->next = buffer;
      00009F 90r00r00         [24]  267 	mov	dptr,#_append_to_buffer_list_PARM_2
      0000A2 E0               [24]  268 	movx	a,@dptr
      0000A3 FA               [12]  269 	mov	r2,a
      0000A4 A3               [24]  270 	inc	dptr
      0000A5 E0               [24]  271 	movx	a,@dptr
      0000A6 FB               [12]  272 	mov	r3,a
      0000A7 A3               [24]  273 	inc	dptr
      0000A8 E0               [24]  274 	movx	a,@dptr
      0000A9 FC               [12]  275 	mov	r4,a
      0000AA 8D 82            [24]  276 	mov	dpl,r5
      0000AC 8E 83            [24]  277 	mov	dph,r6
      0000AE 8F F0            [24]  278 	mov	b,r7
      0000B0 EA               [12]  279 	mov	a,r2
      0000B1 12r00r00         [24]  280 	lcall	__gptrput
      0000B4 A3               [24]  281 	inc	dptr
      0000B5 EB               [12]  282 	mov	a,r3
      0000B6 12r00r00         [24]  283 	lcall	__gptrput
      0000B9 A3               [24]  284 	inc	dptr
      0000BA EC               [12]  285 	mov	a,r4
      0000BB 12r00r00         [24]  286 	lcall	__gptrput
      0000BE                        287 00106$:
                                    288 ;	src/linked_list.c:29: buffer->next = NULL; 
      0000BE 90r00r00         [24]  289 	mov	dptr,#_append_to_buffer_list_PARM_2
      0000C1 E0               [24]  290 	movx	a,@dptr
      0000C2 FD               [12]  291 	mov	r5,a
      0000C3 A3               [24]  292 	inc	dptr
      0000C4 E0               [24]  293 	movx	a,@dptr
      0000C5 FE               [12]  294 	mov	r6,a
      0000C6 A3               [24]  295 	inc	dptr
      0000C7 E0               [24]  296 	movx	a,@dptr
      0000C8 FF               [12]  297 	mov	r7,a
      0000C9 74 08            [12]  298 	mov	a,#0x08
      0000CB 2D               [12]  299 	add	a,r5
      0000CC FD               [12]  300 	mov	r5,a
      0000CD E4               [12]  301 	clr	a
      0000CE 3E               [12]  302 	addc	a,r6
      0000CF FE               [12]  303 	mov	r6,a
      0000D0 8D 82            [24]  304 	mov	dpl,r5
      0000D2 8E 83            [24]  305 	mov	dph,r6
      0000D4 8F F0            [24]  306 	mov	b,r7
      0000D6 E4               [12]  307 	clr	a
      0000D7 12r00r00         [24]  308 	lcall	__gptrput
      0000DA A3               [24]  309 	inc	dptr
      0000DB 12r00r00         [24]  310 	lcall	__gptrput
      0000DE A3               [24]  311 	inc	dptr
      0000DF 12r00r00         [24]  312 	lcall	__gptrput
                                    313 ;	src/linked_list.c:30: return true;
      0000E2 75 82 01         [24]  314 	mov	dpl,#0x01
                                    315 ;	src/linked_list.c:31: }
      0000E5 22               [24]  316 	ret
                                    317 ;------------------------------------------------------------
                                    318 ;Allocation info for local variables in function 'remove_from_buffer_list'
                                    319 ;------------------------------------------------------------
                                    320 ;sloc0                     Allocated with name '_remove_from_buffer_list_sloc0_1_0'
                                    321 ;idx                       Allocated with name '_remove_from_buffer_list_PARM_2'
                                    322 ;list                      Allocated with name '_remove_from_buffer_list_list_65536_52'
                                    323 ;to_free                   Allocated with name '_remove_from_buffer_list_to_free_65537_54'
                                    324 ;prev                      Allocated with name '_remove_from_buffer_list_prev_131073_56'
                                    325 ;------------------------------------------------------------
                                    326 ;	src/linked_list.c:34: bool remove_from_buffer_list(buffer_list_t *list, size_t idx)
                                    327 ;	-----------------------------------------
                                    328 ;	 function remove_from_buffer_list
                                    329 ;	-----------------------------------------
      0000E6                        330 _remove_from_buffer_list:
      0000E6 AF F0            [24]  331 	mov	r7,b
      0000E8 AE 83            [24]  332 	mov	r6,dph
      0000EA E5 82            [12]  333 	mov	a,dpl
      0000EC 90r00r0B         [24]  334 	mov	dptr,#_remove_from_buffer_list_list_65536_52
      0000EF F0               [24]  335 	movx	@dptr,a
      0000F0 EE               [12]  336 	mov	a,r6
      0000F1 A3               [24]  337 	inc	dptr
      0000F2 F0               [24]  338 	movx	@dptr,a
      0000F3 EF               [12]  339 	mov	a,r7
      0000F4 A3               [24]  340 	inc	dptr
      0000F5 F0               [24]  341 	movx	@dptr,a
                                    342 ;	src/linked_list.c:36: if (list == NULL) return false;
      0000F6 90r00r0B         [24]  343 	mov	dptr,#_remove_from_buffer_list_list_65536_52
      0000F9 E0               [24]  344 	movx	a,@dptr
      0000FA F5*00            [12]  345 	mov	_remove_from_buffer_list_sloc0_1_0,a
      0000FC A3               [24]  346 	inc	dptr
      0000FD E0               [24]  347 	movx	a,@dptr
      0000FE F5*01            [12]  348 	mov	(_remove_from_buffer_list_sloc0_1_0 + 1),a
      000100 A3               [24]  349 	inc	dptr
      000101 E0               [24]  350 	movx	a,@dptr
      000102 F5*02            [12]  351 	mov	(_remove_from_buffer_list_sloc0_1_0 + 2),a
      000104 E5*00            [12]  352 	mov	a,_remove_from_buffer_list_sloc0_1_0
      000106 45*01            [12]  353 	orl	a,(_remove_from_buffer_list_sloc0_1_0 + 1)
      000108 70 03            [24]  354 	jnz	00102$
      00010A F5 82            [12]  355 	mov	dpl,a
      00010C 22               [24]  356 	ret
      00010D                        357 00102$:
                                    358 ;	src/linked_list.c:37: if (list->head == NULL) return false;
      00010D 85*00 82         [24]  359 	mov	dpl,_remove_from_buffer_list_sloc0_1_0
      000110 85*01 83         [24]  360 	mov	dph,(_remove_from_buffer_list_sloc0_1_0 + 1)
      000113 85*02 F0         [24]  361 	mov	b,(_remove_from_buffer_list_sloc0_1_0 + 2)
      000116 12r00r00         [24]  362 	lcall	__gptrget
      000119 FA               [12]  363 	mov	r2,a
      00011A A3               [24]  364 	inc	dptr
      00011B 12r00r00         [24]  365 	lcall	__gptrget
      00011E FB               [12]  366 	mov	r3,a
      00011F A3               [24]  367 	inc	dptr
      000120 12r00r00         [24]  368 	lcall	__gptrget
      000123 FC               [12]  369 	mov	r4,a
      000124 EA               [12]  370 	mov	a,r2
      000125 4B               [12]  371 	orl	a,r3
      000126 70 03            [24]  372 	jnz	00104$
      000128 F5 82            [12]  373 	mov	dpl,a
      00012A 22               [24]  374 	ret
      00012B                        375 00104$:
                                    376 ;	src/linked_list.c:40: if (idx == 0)
      00012B 90r00r09         [24]  377 	mov	dptr,#_remove_from_buffer_list_PARM_2
      00012E E0               [24]  378 	movx	a,@dptr
      00012F F8               [12]  379 	mov	r0,a
      000130 A3               [24]  380 	inc	dptr
      000131 E0               [24]  381 	movx	a,@dptr
      000132 F9               [12]  382 	mov	r1,a
      000133 90r00r09         [24]  383 	mov	dptr,#_remove_from_buffer_list_PARM_2
      000136 E0               [24]  384 	movx	a,@dptr
      000137 F5 F0            [12]  385 	mov	b,a
      000139 A3               [24]  386 	inc	dptr
      00013A E0               [24]  387 	movx	a,@dptr
      00013B 45 F0            [12]  388 	orl	a,b
      00013D 70 42            [24]  389 	jnz	00112$
                                    390 ;	src/linked_list.c:43: to_free = list->head;
      00013F 90r00r0E         [24]  391 	mov	dptr,#_remove_from_buffer_list_to_free_65537_54
      000142 EA               [12]  392 	mov	a,r2
      000143 F0               [24]  393 	movx	@dptr,a
      000144 EB               [12]  394 	mov	a,r3
      000145 A3               [24]  395 	inc	dptr
      000146 F0               [24]  396 	movx	@dptr,a
      000147 EC               [12]  397 	mov	a,r4
      000148 A3               [24]  398 	inc	dptr
      000149 F0               [24]  399 	movx	@dptr,a
                                    400 ;	src/linked_list.c:44: list->head = list->head->next;  
      00014A 74 08            [12]  401 	mov	a,#0x08
      00014C 2A               [12]  402 	add	a,r2
      00014D FD               [12]  403 	mov	r5,a
      00014E E4               [12]  404 	clr	a
      00014F 3B               [12]  405 	addc	a,r3
      000150 FE               [12]  406 	mov	r6,a
      000151 8C 07            [24]  407 	mov	ar7,r4
      000153 8D 82            [24]  408 	mov	dpl,r5
      000155 8E 83            [24]  409 	mov	dph,r6
      000157 8F F0            [24]  410 	mov	b,r7
      000159 12r00r00         [24]  411 	lcall	__gptrget
      00015C FD               [12]  412 	mov	r5,a
      00015D A3               [24]  413 	inc	dptr
      00015E 12r00r00         [24]  414 	lcall	__gptrget
      000161 FE               [12]  415 	mov	r6,a
      000162 A3               [24]  416 	inc	dptr
      000163 12r00r00         [24]  417 	lcall	__gptrget
      000166 FF               [12]  418 	mov	r7,a
      000167 85*00 82         [24]  419 	mov	dpl,_remove_from_buffer_list_sloc0_1_0
      00016A 85*01 83         [24]  420 	mov	dph,(_remove_from_buffer_list_sloc0_1_0 + 1)
      00016D 85*02 F0         [24]  421 	mov	b,(_remove_from_buffer_list_sloc0_1_0 + 2)
      000170 ED               [12]  422 	mov	a,r5
      000171 12r00r00         [24]  423 	lcall	__gptrput
      000174 A3               [24]  424 	inc	dptr
      000175 EE               [12]  425 	mov	a,r6
      000176 12r00r00         [24]  426 	lcall	__gptrput
      000179 A3               [24]  427 	inc	dptr
      00017A EF               [12]  428 	mov	a,r7
      00017B 12r00r00         [24]  429 	lcall	__gptrput
      00017E 02r02r49         [24]  430 	ljmp	00113$
      000181                        431 00112$:
                                    432 ;	src/linked_list.c:48: buffer_t *prev = list->head;
      000181 90r00r11         [24]  433 	mov	dptr,#_remove_from_buffer_list_prev_131073_56
      000184 EA               [12]  434 	mov	a,r2
      000185 F0               [24]  435 	movx	@dptr,a
      000186 EB               [12]  436 	mov	a,r3
      000187 A3               [24]  437 	inc	dptr
      000188 F0               [24]  438 	movx	@dptr,a
      000189 EC               [12]  439 	mov	a,r4
      00018A A3               [24]  440 	inc	dptr
      00018B F0               [24]  441 	movx	@dptr,a
                                    442 ;	src/linked_list.c:49: idx--;
      00018C 18               [12]  443 	dec	r0
      00018D B8 FF 01         [24]  444 	cjne	r0,#0xff,00160$
      000190 19               [12]  445 	dec	r1
      000191                        446 00160$:
      000191 90r00r09         [24]  447 	mov	dptr,#_remove_from_buffer_list_PARM_2
      000194 E8               [12]  448 	mov	a,r0
      000195 F0               [24]  449 	movx	@dptr,a
      000196 E9               [12]  450 	mov	a,r1
      000197 A3               [24]  451 	inc	dptr
      000198 F0               [24]  452 	movx	@dptr,a
                                    453 ;	src/linked_list.c:50: while(idx > 0 && prev->next != NULL)
      000199 90r00r09         [24]  454 	mov	dptr,#_remove_from_buffer_list_PARM_2
      00019C E0               [24]  455 	movx	a,@dptr
      00019D FE               [12]  456 	mov	r6,a
      00019E A3               [24]  457 	inc	dptr
      00019F E0               [24]  458 	movx	a,@dptr
      0001A0 FF               [12]  459 	mov	r7,a
      0001A1                        460 00106$:
      0001A1 EE               [12]  461 	mov	a,r6
      0001A2 4F               [12]  462 	orl	a,r7
      0001A3 60 3C            [24]  463 	jz	00108$
      0001A5 90r00r11         [24]  464 	mov	dptr,#_remove_from_buffer_list_prev_131073_56
      0001A8 E0               [24]  465 	movx	a,@dptr
      0001A9 FB               [12]  466 	mov	r3,a
      0001AA A3               [24]  467 	inc	dptr
      0001AB E0               [24]  468 	movx	a,@dptr
      0001AC FC               [12]  469 	mov	r4,a
      0001AD A3               [24]  470 	inc	dptr
      0001AE E0               [24]  471 	movx	a,@dptr
      0001AF FD               [12]  472 	mov	r5,a
      0001B0 74 08            [12]  473 	mov	a,#0x08
      0001B2 2B               [12]  474 	add	a,r3
      0001B3 FB               [12]  475 	mov	r3,a
      0001B4 E4               [12]  476 	clr	a
      0001B5 3C               [12]  477 	addc	a,r4
      0001B6 FC               [12]  478 	mov	r4,a
      0001B7 8B 82            [24]  479 	mov	dpl,r3
      0001B9 8C 83            [24]  480 	mov	dph,r4
      0001BB 8D F0            [24]  481 	mov	b,r5
      0001BD 12r00r00         [24]  482 	lcall	__gptrget
      0001C0 FB               [12]  483 	mov	r3,a
      0001C1 A3               [24]  484 	inc	dptr
      0001C2 12r00r00         [24]  485 	lcall	__gptrget
      0001C5 FC               [12]  486 	mov	r4,a
      0001C6 A3               [24]  487 	inc	dptr
      0001C7 12r00r00         [24]  488 	lcall	__gptrget
      0001CA FD               [12]  489 	mov	r5,a
      0001CB EB               [12]  490 	mov	a,r3
      0001CC 4C               [12]  491 	orl	a,r4
      0001CD 60 12            [24]  492 	jz	00108$
                                    493 ;	src/linked_list.c:52: prev = prev->next;
      0001CF 90r00r11         [24]  494 	mov	dptr,#_remove_from_buffer_list_prev_131073_56
      0001D2 EB               [12]  495 	mov	a,r3
      0001D3 F0               [24]  496 	movx	@dptr,a
      0001D4 EC               [12]  497 	mov	a,r4
      0001D5 A3               [24]  498 	inc	dptr
      0001D6 F0               [24]  499 	movx	@dptr,a
      0001D7 ED               [12]  500 	mov	a,r5
      0001D8 A3               [24]  501 	inc	dptr
      0001D9 F0               [24]  502 	movx	@dptr,a
                                    503 ;	src/linked_list.c:53: idx--;
      0001DA 1E               [12]  504 	dec	r6
      0001DB BE FF 01         [24]  505 	cjne	r6,#0xff,00163$
      0001DE 1F               [12]  506 	dec	r7
      0001DF                        507 00163$:
      0001DF 80 C0            [24]  508 	sjmp	00106$
      0001E1                        509 00108$:
                                    510 ;	src/linked_list.c:56: if (idx != 0) return false;
      0001E1 EE               [12]  511 	mov	a,r6
      0001E2 4F               [12]  512 	orl	a,r7
      0001E3 60 04            [24]  513 	jz	00110$
      0001E5 75 82 00         [24]  514 	mov	dpl,#0x00
      0001E8 22               [24]  515 	ret
      0001E9                        516 00110$:
                                    517 ;	src/linked_list.c:57: to_free = prev->next;
      0001E9 90r00r11         [24]  518 	mov	dptr,#_remove_from_buffer_list_prev_131073_56
      0001EC E0               [24]  519 	movx	a,@dptr
      0001ED FD               [12]  520 	mov	r5,a
      0001EE A3               [24]  521 	inc	dptr
      0001EF E0               [24]  522 	movx	a,@dptr
      0001F0 FE               [12]  523 	mov	r6,a
      0001F1 A3               [24]  524 	inc	dptr
      0001F2 E0               [24]  525 	movx	a,@dptr
      0001F3 FF               [12]  526 	mov	r7,a
      0001F4 74 08            [12]  527 	mov	a,#0x08
      0001F6 2D               [12]  528 	add	a,r5
      0001F7 FD               [12]  529 	mov	r5,a
      0001F8 E4               [12]  530 	clr	a
      0001F9 3E               [12]  531 	addc	a,r6
      0001FA FE               [12]  532 	mov	r6,a
      0001FB 8D 82            [24]  533 	mov	dpl,r5
      0001FD 8E 83            [24]  534 	mov	dph,r6
      0001FF 8F F0            [24]  535 	mov	b,r7
      000201 12r00r00         [24]  536 	lcall	__gptrget
      000204 FA               [12]  537 	mov	r2,a
      000205 A3               [24]  538 	inc	dptr
      000206 12r00r00         [24]  539 	lcall	__gptrget
      000209 FB               [12]  540 	mov	r3,a
      00020A A3               [24]  541 	inc	dptr
      00020B 12r00r00         [24]  542 	lcall	__gptrget
      00020E FC               [12]  543 	mov	r4,a
      00020F 90r00r0E         [24]  544 	mov	dptr,#_remove_from_buffer_list_to_free_65537_54
      000212 EA               [12]  545 	mov	a,r2
      000213 F0               [24]  546 	movx	@dptr,a
      000214 EB               [12]  547 	mov	a,r3
      000215 A3               [24]  548 	inc	dptr
      000216 F0               [24]  549 	movx	@dptr,a
      000217 EC               [12]  550 	mov	a,r4
      000218 A3               [24]  551 	inc	dptr
      000219 F0               [24]  552 	movx	@dptr,a
                                    553 ;	src/linked_list.c:58: prev->next = to_free->next;
      00021A 74 08            [12]  554 	mov	a,#0x08
      00021C 2A               [12]  555 	add	a,r2
      00021D FA               [12]  556 	mov	r2,a
      00021E E4               [12]  557 	clr	a
      00021F 3B               [12]  558 	addc	a,r3
      000220 FB               [12]  559 	mov	r3,a
      000221 8A 82            [24]  560 	mov	dpl,r2
      000223 8B 83            [24]  561 	mov	dph,r3
      000225 8C F0            [24]  562 	mov	b,r4
      000227 12r00r00         [24]  563 	lcall	__gptrget
      00022A FA               [12]  564 	mov	r2,a
      00022B A3               [24]  565 	inc	dptr
      00022C 12r00r00         [24]  566 	lcall	__gptrget
      00022F FB               [12]  567 	mov	r3,a
      000230 A3               [24]  568 	inc	dptr
      000231 12r00r00         [24]  569 	lcall	__gptrget
      000234 FC               [12]  570 	mov	r4,a
      000235 8D 82            [24]  571 	mov	dpl,r5
      000237 8E 83            [24]  572 	mov	dph,r6
      000239 8F F0            [24]  573 	mov	b,r7
      00023B EA               [12]  574 	mov	a,r2
      00023C 12r00r00         [24]  575 	lcall	__gptrput
      00023F A3               [24]  576 	inc	dptr
      000240 EB               [12]  577 	mov	a,r3
      000241 12r00r00         [24]  578 	lcall	__gptrput
      000244 A3               [24]  579 	inc	dptr
      000245 EC               [12]  580 	mov	a,r4
      000246 12r00r00         [24]  581 	lcall	__gptrput
      000249                        582 00113$:
                                    583 ;	src/linked_list.c:61: if (to_free == NULL) return false; 
      000249 90r00r0E         [24]  584 	mov	dptr,#_remove_from_buffer_list_to_free_65537_54
      00024C E0               [24]  585 	movx	a,@dptr
      00024D FE               [12]  586 	mov	r6,a
      00024E A3               [24]  587 	inc	dptr
      00024F E0               [24]  588 	movx	a,@dptr
      000250 FD               [12]  589 	mov	r5,a
      000251 A3               [24]  590 	inc	dptr
      000252 E0               [24]  591 	movx	a,@dptr
      000253 FF               [12]  592 	mov	r7,a
      000254 90r00r0E         [24]  593 	mov	dptr,#_remove_from_buffer_list_to_free_65537_54
      000257 E0               [24]  594 	movx	a,@dptr
      000258 F5 F0            [12]  595 	mov	b,a
      00025A A3               [24]  596 	inc	dptr
      00025B E0               [24]  597 	movx	a,@dptr
      00025C 45 F0            [12]  598 	orl	a,b
      00025E 70 03            [24]  599 	jnz	00115$
      000260 F5 82            [12]  600 	mov	dpl,a
      000262 22               [24]  601 	ret
      000263                        602 00115$:
                                    603 ;	src/linked_list.c:62: if (to_free->buffer != NULL) 
      000263 8E 82            [24]  604 	mov	dpl,r6
      000265 8D 83            [24]  605 	mov	dph,r5
      000267 8F F0            [24]  606 	mov	b,r7
      000269 12r00r00         [24]  607 	lcall	__gptrget
      00026C FE               [12]  608 	mov	r6,a
      00026D A3               [24]  609 	inc	dptr
      00026E 12r00r00         [24]  610 	lcall	__gptrget
      000271 FF               [12]  611 	mov	r7,a
      000272 4E               [12]  612 	orl	a,r6
      000273 60 0B            [24]  613 	jz	00117$
                                    614 ;	src/linked_list.c:64: free(to_free->buffer);
      000275 7D 00            [12]  615 	mov	r5,#0x00
      000277 8E 82            [24]  616 	mov	dpl,r6
      000279 8F 83            [24]  617 	mov	dph,r7
      00027B 8D F0            [24]  618 	mov	b,r5
      00027D 12r00r00         [24]  619 	lcall	_free
      000280                        620 00117$:
                                    621 ;	src/linked_list.c:66: free(to_free);
      000280 90r00r0E         [24]  622 	mov	dptr,#_remove_from_buffer_list_to_free_65537_54
      000283 E0               [24]  623 	movx	a,@dptr
      000284 FD               [12]  624 	mov	r5,a
      000285 A3               [24]  625 	inc	dptr
      000286 E0               [24]  626 	movx	a,@dptr
      000287 FE               [12]  627 	mov	r6,a
      000288 A3               [24]  628 	inc	dptr
      000289 E0               [24]  629 	movx	a,@dptr
      00028A FF               [12]  630 	mov	r7,a
      00028B 8D 82            [24]  631 	mov	dpl,r5
      00028D 8E 83            [24]  632 	mov	dph,r6
      00028F 8F F0            [24]  633 	mov	b,r7
      000291 12r00r00         [24]  634 	lcall	_free
                                    635 ;	src/linked_list.c:67: return true; 
      000294 75 82 01         [24]  636 	mov	dpl,#0x01
                                    637 ;	src/linked_list.c:68: }
      000297 22               [24]  638 	ret
                                    639 ;------------------------------------------------------------
                                    640 ;Allocation info for local variables in function 'free_all_elems_from_list'
                                    641 ;------------------------------------------------------------
                                    642 ;sloc0                     Allocated with name '_free_all_elems_from_list_sloc0_1_0'
                                    643 ;list                      Allocated with name '_free_all_elems_from_list_list_65536_59'
                                    644 ;buffer_to_free            Allocated with name '_free_all_elems_from_list_buffer_to_free_65536_60'
                                    645 ;------------------------------------------------------------
                                    646 ;	src/linked_list.c:70: void free_all_elems_from_list(buffer_list_t *list)
                                    647 ;	-----------------------------------------
                                    648 ;	 function free_all_elems_from_list
                                    649 ;	-----------------------------------------
      000298                        650 _free_all_elems_from_list:
      000298 AF F0            [24]  651 	mov	r7,b
      00029A AE 83            [24]  652 	mov	r6,dph
      00029C E5 82            [12]  653 	mov	a,dpl
      00029E 90r00r14         [24]  654 	mov	dptr,#_free_all_elems_from_list_list_65536_59
      0002A1 F0               [24]  655 	movx	@dptr,a
      0002A2 EE               [12]  656 	mov	a,r6
      0002A3 A3               [24]  657 	inc	dptr
      0002A4 F0               [24]  658 	movx	@dptr,a
      0002A5 EF               [12]  659 	mov	a,r7
      0002A6 A3               [24]  660 	inc	dptr
      0002A7 F0               [24]  661 	movx	@dptr,a
                                    662 ;	src/linked_list.c:72: buffer_t *buffer_to_free = list->head;
      0002A8 90r00r14         [24]  663 	mov	dptr,#_free_all_elems_from_list_list_65536_59
      0002AB E0               [24]  664 	movx	a,@dptr
      0002AC FD               [12]  665 	mov	r5,a
      0002AD A3               [24]  666 	inc	dptr
      0002AE E0               [24]  667 	movx	a,@dptr
      0002AF FE               [12]  668 	mov	r6,a
      0002B0 A3               [24]  669 	inc	dptr
      0002B1 E0               [24]  670 	movx	a,@dptr
      0002B2 FF               [12]  671 	mov	r7,a
      0002B3 8D 82            [24]  672 	mov	dpl,r5
      0002B5 8E 83            [24]  673 	mov	dph,r6
      0002B7 8F F0            [24]  674 	mov	b,r7
      0002B9 12r00r00         [24]  675 	lcall	__gptrget
      0002BC FA               [12]  676 	mov	r2,a
      0002BD A3               [24]  677 	inc	dptr
      0002BE 12r00r00         [24]  678 	lcall	__gptrget
      0002C1 FB               [12]  679 	mov	r3,a
      0002C2 A3               [24]  680 	inc	dptr
      0002C3 12r00r00         [24]  681 	lcall	__gptrget
      0002C6 FC               [12]  682 	mov	r4,a
      0002C7 90r00r17         [24]  683 	mov	dptr,#_free_all_elems_from_list_buffer_to_free_65536_60
      0002CA EA               [12]  684 	mov	a,r2
      0002CB F0               [24]  685 	movx	@dptr,a
      0002CC EB               [12]  686 	mov	a,r3
      0002CD A3               [24]  687 	inc	dptr
      0002CE F0               [24]  688 	movx	@dptr,a
      0002CF EC               [12]  689 	mov	a,r4
      0002D0 A3               [24]  690 	inc	dptr
      0002D1 F0               [24]  691 	movx	@dptr,a
                                    692 ;	src/linked_list.c:73: while(list->head != NULL)
      0002D2                        693 00103$:
      0002D2 90r00r14         [24]  694 	mov	dptr,#_free_all_elems_from_list_list_65536_59
      0002D5 E0               [24]  695 	movx	a,@dptr
      0002D6 FA               [12]  696 	mov	r2,a
      0002D7 A3               [24]  697 	inc	dptr
      0002D8 E0               [24]  698 	movx	a,@dptr
      0002D9 FB               [12]  699 	mov	r3,a
      0002DA A3               [24]  700 	inc	dptr
      0002DB E0               [24]  701 	movx	a,@dptr
      0002DC FC               [12]  702 	mov	r4,a
      0002DD 8A 82            [24]  703 	mov	dpl,r2
      0002DF 8B 83            [24]  704 	mov	dph,r3
      0002E1 8C F0            [24]  705 	mov	b,r4
      0002E3 12r00r00         [24]  706 	lcall	__gptrget
      0002E6 F5*03            [12]  707 	mov	_free_all_elems_from_list_sloc0_1_0,a
      0002E8 A3               [24]  708 	inc	dptr
      0002E9 12r00r00         [24]  709 	lcall	__gptrget
      0002EC F5*04            [12]  710 	mov	(_free_all_elems_from_list_sloc0_1_0 + 1),a
      0002EE A3               [24]  711 	inc	dptr
      0002EF 12r00r00         [24]  712 	lcall	__gptrget
      0002F2 F5*05            [12]  713 	mov	(_free_all_elems_from_list_sloc0_1_0 + 2),a
      0002F4 E5*03            [12]  714 	mov	a,_free_all_elems_from_list_sloc0_1_0
      0002F6 45*04            [12]  715 	orl	a,(_free_all_elems_from_list_sloc0_1_0 + 1)
      0002F8 70 01            [24]  716 	jnz	00120$
      0002FA 22               [24]  717 	ret
      0002FB                        718 00120$:
                                    719 ;	src/linked_list.c:75: list->head = list->head->next;
      0002FB C0 05            [24]  720 	push	ar5
      0002FD C0 06            [24]  721 	push	ar6
      0002FF C0 07            [24]  722 	push	ar7
      000301 74 08            [12]  723 	mov	a,#0x08
      000303 25*03            [12]  724 	add	a,_free_all_elems_from_list_sloc0_1_0
      000305 F8               [12]  725 	mov	r0,a
      000306 E4               [12]  726 	clr	a
      000307 35*04            [12]  727 	addc	a,(_free_all_elems_from_list_sloc0_1_0 + 1)
      000309 F9               [12]  728 	mov	r1,a
      00030A AF*05            [24]  729 	mov	r7,(_free_all_elems_from_list_sloc0_1_0 + 2)
      00030C 88 82            [24]  730 	mov	dpl,r0
      00030E 89 83            [24]  731 	mov	dph,r1
      000310 8F F0            [24]  732 	mov	b,r7
      000312 12r00r00         [24]  733 	lcall	__gptrget
      000315 F8               [12]  734 	mov	r0,a
      000316 A3               [24]  735 	inc	dptr
      000317 12r00r00         [24]  736 	lcall	__gptrget
      00031A F9               [12]  737 	mov	r1,a
      00031B A3               [24]  738 	inc	dptr
      00031C 12r00r00         [24]  739 	lcall	__gptrget
      00031F FF               [12]  740 	mov	r7,a
      000320 8A 82            [24]  741 	mov	dpl,r2
      000322 8B 83            [24]  742 	mov	dph,r3
      000324 8C F0            [24]  743 	mov	b,r4
      000326 E8               [12]  744 	mov	a,r0
      000327 12r00r00         [24]  745 	lcall	__gptrput
      00032A A3               [24]  746 	inc	dptr
      00032B E9               [12]  747 	mov	a,r1
      00032C 12r00r00         [24]  748 	lcall	__gptrput
      00032F A3               [24]  749 	inc	dptr
      000330 EF               [12]  750 	mov	a,r7
      000331 12r00r00         [24]  751 	lcall	__gptrput
                                    752 ;	src/linked_list.c:76: if (buffer_to_free->buffer != NULL)
      000334 90r00r17         [24]  753 	mov	dptr,#_free_all_elems_from_list_buffer_to_free_65536_60
      000337 E0               [24]  754 	movx	a,@dptr
      000338 FD               [12]  755 	mov	r5,a
      000339 A3               [24]  756 	inc	dptr
      00033A E0               [24]  757 	movx	a,@dptr
      00033B FE               [12]  758 	mov	r6,a
      00033C A3               [24]  759 	inc	dptr
      00033D E0               [24]  760 	movx	a,@dptr
      00033E FF               [12]  761 	mov	r7,a
      00033F 8D 82            [24]  762 	mov	dpl,r5
      000341 8E 83            [24]  763 	mov	dph,r6
      000343 8F F0            [24]  764 	mov	b,r7
      000345 12r00r00         [24]  765 	lcall	__gptrget
      000348 F5*03            [12]  766 	mov	_free_all_elems_from_list_sloc0_1_0,a
      00034A A3               [24]  767 	inc	dptr
      00034B 12r00r00         [24]  768 	lcall	__gptrget
      00034E F5*04            [12]  769 	mov	(_free_all_elems_from_list_sloc0_1_0 + 1),a
      000350 D0 07            [24]  770 	pop	ar7
      000352 D0 06            [24]  771 	pop	ar6
      000354 D0 05            [24]  772 	pop	ar5
      000356 E5*03            [12]  773 	mov	a,_free_all_elems_from_list_sloc0_1_0
      000358 45*04            [12]  774 	orl	a,(_free_all_elems_from_list_sloc0_1_0 + 1)
      00035A 60 1B            [24]  775 	jz	00102$
                                    776 ;	src/linked_list.c:78: free(buffer_to_free->buffer);
      00035C AB*03            [24]  777 	mov	r3,_free_all_elems_from_list_sloc0_1_0
      00035E AC*04            [24]  778 	mov	r4,(_free_all_elems_from_list_sloc0_1_0 + 1)
      000360 7A 00            [12]  779 	mov	r2,#0x00
      000362 8B 82            [24]  780 	mov	dpl,r3
      000364 8C 83            [24]  781 	mov	dph,r4
      000366 8A F0            [24]  782 	mov	b,r2
      000368 C0 07            [24]  783 	push	ar7
      00036A C0 06            [24]  784 	push	ar6
      00036C C0 05            [24]  785 	push	ar5
      00036E 12r00r00         [24]  786 	lcall	_free
      000371 D0 05            [24]  787 	pop	ar5
      000373 D0 06            [24]  788 	pop	ar6
      000375 D0 07            [24]  789 	pop	ar7
      000377                        790 00102$:
                                    791 ;	src/linked_list.c:80: free(buffer_to_free);
      000377 90r00r17         [24]  792 	mov	dptr,#_free_all_elems_from_list_buffer_to_free_65536_60
      00037A E0               [24]  793 	movx	a,@dptr
      00037B FA               [12]  794 	mov	r2,a
      00037C A3               [24]  795 	inc	dptr
      00037D E0               [24]  796 	movx	a,@dptr
      00037E FB               [12]  797 	mov	r3,a
      00037F A3               [24]  798 	inc	dptr
      000380 E0               [24]  799 	movx	a,@dptr
      000381 FC               [12]  800 	mov	r4,a
      000382 8A 82            [24]  801 	mov	dpl,r2
      000384 8B 83            [24]  802 	mov	dph,r3
      000386 8C F0            [24]  803 	mov	b,r4
      000388 C0 07            [24]  804 	push	ar7
      00038A C0 06            [24]  805 	push	ar6
      00038C C0 05            [24]  806 	push	ar5
      00038E 12r00r00         [24]  807 	lcall	_free
      000391 D0 05            [24]  808 	pop	ar5
      000393 D0 06            [24]  809 	pop	ar6
      000395 D0 07            [24]  810 	pop	ar7
                                    811 ;	src/linked_list.c:81: buffer_to_free = list->head;
      000397 8D 82            [24]  812 	mov	dpl,r5
      000399 8E 83            [24]  813 	mov	dph,r6
      00039B 8F F0            [24]  814 	mov	b,r7
      00039D 12r00r00         [24]  815 	lcall	__gptrget
      0003A0 FA               [12]  816 	mov	r2,a
      0003A1 A3               [24]  817 	inc	dptr
      0003A2 12r00r00         [24]  818 	lcall	__gptrget
      0003A5 FB               [12]  819 	mov	r3,a
      0003A6 A3               [24]  820 	inc	dptr
      0003A7 12r00r00         [24]  821 	lcall	__gptrget
      0003AA FC               [12]  822 	mov	r4,a
      0003AB 90r00r17         [24]  823 	mov	dptr,#_free_all_elems_from_list_buffer_to_free_65536_60
      0003AE EA               [12]  824 	mov	a,r2
      0003AF F0               [24]  825 	movx	@dptr,a
      0003B0 EB               [12]  826 	mov	a,r3
      0003B1 A3               [24]  827 	inc	dptr
      0003B2 F0               [24]  828 	movx	@dptr,a
      0003B3 EC               [12]  829 	mov	a,r4
      0003B4 A3               [24]  830 	inc	dptr
      0003B5 F0               [24]  831 	movx	@dptr,a
                                    832 ;	src/linked_list.c:83: }
      0003B6 02r02rD2         [24]  833 	ljmp	00103$
                                    834 ;------------------------------------------------------------
                                    835 ;Allocation info for local variables in function 'll_length'
                                    836 ;------------------------------------------------------------
                                    837 ;list                      Allocated with name '_ll_length_list_65536_63'
                                    838 ;size                      Allocated with name '_ll_length_size_65536_64'
                                    839 ;curr                      Allocated with name '_ll_length_curr_65536_64'
                                    840 ;------------------------------------------------------------
                                    841 ;	src/linked_list.c:85: size_t ll_length(buffer_list_t *list)
                                    842 ;	-----------------------------------------
                                    843 ;	 function ll_length
                                    844 ;	-----------------------------------------
      0003B9                        845 _ll_length:
      0003B9 AF F0            [24]  846 	mov	r7,b
      0003BB AE 83            [24]  847 	mov	r6,dph
      0003BD E5 82            [12]  848 	mov	a,dpl
      0003BF 90r00r1A         [24]  849 	mov	dptr,#_ll_length_list_65536_63
      0003C2 F0               [24]  850 	movx	@dptr,a
      0003C3 EE               [12]  851 	mov	a,r6
      0003C4 A3               [24]  852 	inc	dptr
      0003C5 F0               [24]  853 	movx	@dptr,a
      0003C6 EF               [12]  854 	mov	a,r7
      0003C7 A3               [24]  855 	inc	dptr
      0003C8 F0               [24]  856 	movx	@dptr,a
                                    857 ;	src/linked_list.c:88: buffer_t *curr = list->head;
      0003C9 90r00r1A         [24]  858 	mov	dptr,#_ll_length_list_65536_63
      0003CC E0               [24]  859 	movx	a,@dptr
      0003CD FD               [12]  860 	mov	r5,a
      0003CE A3               [24]  861 	inc	dptr
      0003CF E0               [24]  862 	movx	a,@dptr
      0003D0 FE               [12]  863 	mov	r6,a
      0003D1 A3               [24]  864 	inc	dptr
      0003D2 E0               [24]  865 	movx	a,@dptr
      0003D3 FF               [12]  866 	mov	r7,a
      0003D4 8D 82            [24]  867 	mov	dpl,r5
      0003D6 8E 83            [24]  868 	mov	dph,r6
      0003D8 8F F0            [24]  869 	mov	b,r7
      0003DA 12r00r00         [24]  870 	lcall	__gptrget
      0003DD FD               [12]  871 	mov	r5,a
      0003DE A3               [24]  872 	inc	dptr
      0003DF 12r00r00         [24]  873 	lcall	__gptrget
      0003E2 FE               [12]  874 	mov	r6,a
      0003E3 A3               [24]  875 	inc	dptr
      0003E4 12r00r00         [24]  876 	lcall	__gptrget
      0003E7 FF               [12]  877 	mov	r7,a
      0003E8 90r00r1F         [24]  878 	mov	dptr,#_ll_length_curr_65536_64
      0003EB ED               [12]  879 	mov	a,r5
      0003EC F0               [24]  880 	movx	@dptr,a
      0003ED EE               [12]  881 	mov	a,r6
      0003EE A3               [24]  882 	inc	dptr
      0003EF F0               [24]  883 	movx	@dptr,a
      0003F0 EF               [12]  884 	mov	a,r7
      0003F1 A3               [24]  885 	inc	dptr
      0003F2 F0               [24]  886 	movx	@dptr,a
                                    887 ;	src/linked_list.c:89: while(curr != NULL)
      0003F3 90r00r1D         [24]  888 	mov	dptr,#_ll_length_size_65536_64
      0003F6 E0               [24]  889 	movx	a,@dptr
      0003F7 FE               [12]  890 	mov	r6,a
      0003F8 A3               [24]  891 	inc	dptr
      0003F9 E0               [24]  892 	movx	a,@dptr
      0003FA FF               [12]  893 	mov	r7,a
      0003FB                        894 00101$:
      0003FB 90r00r1F         [24]  895 	mov	dptr,#_ll_length_curr_65536_64
      0003FE E0               [24]  896 	movx	a,@dptr
      0003FF FB               [12]  897 	mov	r3,a
      000400 A3               [24]  898 	inc	dptr
      000401 E0               [24]  899 	movx	a,@dptr
      000402 FC               [12]  900 	mov	r4,a
      000403 A3               [24]  901 	inc	dptr
      000404 E0               [24]  902 	movx	a,@dptr
      000405 FD               [12]  903 	mov	r5,a
      000406 90r00r1F         [24]  904 	mov	dptr,#_ll_length_curr_65536_64
      000409 E0               [24]  905 	movx	a,@dptr
      00040A F5 F0            [12]  906 	mov	b,a
      00040C A3               [24]  907 	inc	dptr
      00040D E0               [24]  908 	movx	a,@dptr
      00040E 45 F0            [12]  909 	orl	a,b
      000410 60 2D            [24]  910 	jz	00103$
                                    911 ;	src/linked_list.c:91: size++;
      000412 0E               [12]  912 	inc	r6
      000413 BE 00 01         [24]  913 	cjne	r6,#0x00,00116$
      000416 0F               [12]  914 	inc	r7
      000417                        915 00116$:
                                    916 ;	src/linked_list.c:92: curr = curr->next;
      000417 74 08            [12]  917 	mov	a,#0x08
      000419 2B               [12]  918 	add	a,r3
      00041A FB               [12]  919 	mov	r3,a
      00041B E4               [12]  920 	clr	a
      00041C 3C               [12]  921 	addc	a,r4
      00041D FC               [12]  922 	mov	r4,a
      00041E 8B 82            [24]  923 	mov	dpl,r3
      000420 8C 83            [24]  924 	mov	dph,r4
      000422 8D F0            [24]  925 	mov	b,r5
      000424 12r00r00         [24]  926 	lcall	__gptrget
      000427 FB               [12]  927 	mov	r3,a
      000428 A3               [24]  928 	inc	dptr
      000429 12r00r00         [24]  929 	lcall	__gptrget
      00042C FC               [12]  930 	mov	r4,a
      00042D A3               [24]  931 	inc	dptr
      00042E 12r00r00         [24]  932 	lcall	__gptrget
      000431 FD               [12]  933 	mov	r5,a
      000432 90r00r1F         [24]  934 	mov	dptr,#_ll_length_curr_65536_64
      000435 EB               [12]  935 	mov	a,r3
      000436 F0               [24]  936 	movx	@dptr,a
      000437 EC               [12]  937 	mov	a,r4
      000438 A3               [24]  938 	inc	dptr
      000439 F0               [24]  939 	movx	@dptr,a
      00043A ED               [12]  940 	mov	a,r5
      00043B A3               [24]  941 	inc	dptr
      00043C F0               [24]  942 	movx	@dptr,a
      00043D 80 BC            [24]  943 	sjmp	00101$
      00043F                        944 00103$:
                                    945 ;	src/linked_list.c:94: return size; 
      00043F 8E 82            [24]  946 	mov	dpl,r6
      000441 8F 83            [24]  947 	mov	dph,r7
                                    948 ;	src/linked_list.c:95: }
      000443 22               [24]  949 	ret
                                    950 ;------------------------------------------------------------
                                    951 ;Allocation info for local variables in function 'll_get_elem'
                                    952 ;------------------------------------------------------------
                                    953 ;elem_num                  Allocated with name '_ll_get_elem_PARM_2'
                                    954 ;list                      Allocated with name '_ll_get_elem_list_65536_66'
                                    955 ;curr                      Allocated with name '_ll_get_elem_curr_65536_67'
                                    956 ;------------------------------------------------------------
                                    957 ;	src/linked_list.c:97: buffer_t* ll_get_elem(buffer_list_t *list, size_t elem_num)
                                    958 ;	-----------------------------------------
                                    959 ;	 function ll_get_elem
                                    960 ;	-----------------------------------------
      000444                        961 _ll_get_elem:
      000444 AF F0            [24]  962 	mov	r7,b
      000446 AE 83            [24]  963 	mov	r6,dph
      000448 E5 82            [12]  964 	mov	a,dpl
      00044A 90r00r24         [24]  965 	mov	dptr,#_ll_get_elem_list_65536_66
      00044D F0               [24]  966 	movx	@dptr,a
      00044E EE               [12]  967 	mov	a,r6
      00044F A3               [24]  968 	inc	dptr
      000450 F0               [24]  969 	movx	@dptr,a
      000451 EF               [12]  970 	mov	a,r7
      000452 A3               [24]  971 	inc	dptr
      000453 F0               [24]  972 	movx	@dptr,a
                                    973 ;	src/linked_list.c:99: buffer_t *curr = list->head;
      000454 90r00r24         [24]  974 	mov	dptr,#_ll_get_elem_list_65536_66
      000457 E0               [24]  975 	movx	a,@dptr
      000458 FD               [12]  976 	mov	r5,a
      000459 A3               [24]  977 	inc	dptr
      00045A E0               [24]  978 	movx	a,@dptr
      00045B FE               [12]  979 	mov	r6,a
      00045C A3               [24]  980 	inc	dptr
      00045D E0               [24]  981 	movx	a,@dptr
      00045E FF               [12]  982 	mov	r7,a
      00045F 8D 82            [24]  983 	mov	dpl,r5
      000461 8E 83            [24]  984 	mov	dph,r6
      000463 8F F0            [24]  985 	mov	b,r7
      000465 12r00r00         [24]  986 	lcall	__gptrget
      000468 FD               [12]  987 	mov	r5,a
      000469 A3               [24]  988 	inc	dptr
      00046A 12r00r00         [24]  989 	lcall	__gptrget
      00046D FE               [12]  990 	mov	r6,a
      00046E A3               [24]  991 	inc	dptr
      00046F 12r00r00         [24]  992 	lcall	__gptrget
      000472 FF               [12]  993 	mov	r7,a
      000473 90r00r27         [24]  994 	mov	dptr,#_ll_get_elem_curr_65536_67
      000476 ED               [12]  995 	mov	a,r5
      000477 F0               [24]  996 	movx	@dptr,a
      000478 EE               [12]  997 	mov	a,r6
      000479 A3               [24]  998 	inc	dptr
      00047A F0               [24]  999 	movx	@dptr,a
      00047B EF               [12] 1000 	mov	a,r7
      00047C A3               [24] 1001 	inc	dptr
      00047D F0               [24] 1002 	movx	@dptr,a
                                   1003 ;	src/linked_list.c:100: while(curr != NULL && elem_num > 0)
      00047E 90r00r22         [24] 1004 	mov	dptr,#_ll_get_elem_PARM_2
      000481 E0               [24] 1005 	movx	a,@dptr
      000482 FE               [12] 1006 	mov	r6,a
      000483 A3               [24] 1007 	inc	dptr
      000484 E0               [24] 1008 	movx	a,@dptr
      000485 FF               [12] 1009 	mov	r7,a
      000486                       1010 00102$:
      000486 90r00r27         [24] 1011 	mov	dptr,#_ll_get_elem_curr_65536_67
      000489 E0               [24] 1012 	movx	a,@dptr
      00048A FB               [12] 1013 	mov	r3,a
      00048B A3               [24] 1014 	inc	dptr
      00048C E0               [24] 1015 	movx	a,@dptr
      00048D FC               [12] 1016 	mov	r4,a
      00048E A3               [24] 1017 	inc	dptr
      00048F E0               [24] 1018 	movx	a,@dptr
      000490 FD               [12] 1019 	mov	r5,a
      000491 90r00r27         [24] 1020 	mov	dptr,#_ll_get_elem_curr_65536_67
      000494 E0               [24] 1021 	movx	a,@dptr
      000495 F5 F0            [12] 1022 	mov	b,a
      000497 A3               [24] 1023 	inc	dptr
      000498 E0               [24] 1024 	movx	a,@dptr
      000499 45 F0            [12] 1025 	orl	a,b
      00049B 60 31            [24] 1026 	jz	00104$
      00049D EE               [12] 1027 	mov	a,r6
      00049E 4F               [12] 1028 	orl	a,r7
      00049F 60 2D            [24] 1029 	jz	00104$
                                   1030 ;	src/linked_list.c:102: curr = curr->next;
      0004A1 74 08            [12] 1031 	mov	a,#0x08
      0004A3 2B               [12] 1032 	add	a,r3
      0004A4 FB               [12] 1033 	mov	r3,a
      0004A5 E4               [12] 1034 	clr	a
      0004A6 3C               [12] 1035 	addc	a,r4
      0004A7 FC               [12] 1036 	mov	r4,a
      0004A8 8B 82            [24] 1037 	mov	dpl,r3
      0004AA 8C 83            [24] 1038 	mov	dph,r4
      0004AC 8D F0            [24] 1039 	mov	b,r5
      0004AE 12r00r00         [24] 1040 	lcall	__gptrget
      0004B1 FB               [12] 1041 	mov	r3,a
      0004B2 A3               [24] 1042 	inc	dptr
      0004B3 12r00r00         [24] 1043 	lcall	__gptrget
      0004B6 FC               [12] 1044 	mov	r4,a
      0004B7 A3               [24] 1045 	inc	dptr
      0004B8 12r00r00         [24] 1046 	lcall	__gptrget
      0004BB FD               [12] 1047 	mov	r5,a
      0004BC 90r00r27         [24] 1048 	mov	dptr,#_ll_get_elem_curr_65536_67
      0004BF EB               [12] 1049 	mov	a,r3
      0004C0 F0               [24] 1050 	movx	@dptr,a
      0004C1 EC               [12] 1051 	mov	a,r4
      0004C2 A3               [24] 1052 	inc	dptr
      0004C3 F0               [24] 1053 	movx	@dptr,a
      0004C4 ED               [12] 1054 	mov	a,r5
      0004C5 A3               [24] 1055 	inc	dptr
      0004C6 F0               [24] 1056 	movx	@dptr,a
                                   1057 ;	src/linked_list.c:103: elem_num--;
      0004C7 1E               [12] 1058 	dec	r6
      0004C8 BE FF 01         [24] 1059 	cjne	r6,#0xff,00122$
      0004CB 1F               [12] 1060 	dec	r7
      0004CC                       1061 00122$:
      0004CC 80 B8            [24] 1062 	sjmp	00102$
      0004CE                       1063 00104$:
                                   1064 ;	src/linked_list.c:105: return curr;
      0004CE 90r00r27         [24] 1065 	mov	dptr,#_ll_get_elem_curr_65536_67
      0004D1 E0               [24] 1066 	movx	a,@dptr
      0004D2 FD               [12] 1067 	mov	r5,a
      0004D3 A3               [24] 1068 	inc	dptr
      0004D4 E0               [24] 1069 	movx	a,@dptr
      0004D5 FE               [12] 1070 	mov	r6,a
      0004D6 A3               [24] 1071 	inc	dptr
      0004D7 E0               [24] 1072 	movx	a,@dptr
      0004D8 FF               [12] 1073 	mov	r7,a
      0004D9 8D 82            [24] 1074 	mov	dpl,r5
      0004DB 8E 83            [24] 1075 	mov	dph,r6
      0004DD 8F F0            [24] 1076 	mov	b,r7
                                   1077 ;	src/linked_list.c:106: }
      0004DF 22               [24] 1078 	ret
                                   1079 	.area CSEG    (CODE)
                                   1080 	.area CONST   (CODE)
                                   1081 	.area XINIT   (CODE)
                                   1082 	.area CABS    (ABS,CODE)
