                                      1 ;--------------------------------------------------------
                                      2 ; File Created by SDCC : free open source ANSI-C Compiler
                                      3 ; Version 4.2.0 #13081 (MINGW64)
                                      4 ;--------------------------------------------------------
                                      5 	.module main
                                      6 	.optsdcc -mmcs51 --model-large
                                      7 	
                                      8 ;--------------------------------------------------------
                                      9 ; Public variables in this module
                                     10 ;--------------------------------------------------------
                                     11 	.globl _main
                                     12 	.globl _high_speed_output_handler
                                     13 	.globl _enter_power_down_mode
                                     14 	.globl _enter_idle_mode
                                     15 	.globl _freeze_command_handler
                                     16 	.globl _init_watchdog
                                     17 	.globl _kick_the_dog
                                     18 	.globl _min_clock_speed_command_handler
                                     19 	.globl _max_clock_speed_command_handler
                                     20 	.globl _stop_pwm_command_handler
                                     21 	.globl _run_pwm_command_handler
                                     22 	.globl __sdcc_external_startup
                                     23 	.globl _do_nothing_isr
                                     24 	.globl _get_next_input_char
                                     25 	.globl _printf
                                     26 	.globl _CY
                                     27 	.globl _AC
                                     28 	.globl _F0
                                     29 	.globl _RS1
                                     30 	.globl _RS0
                                     31 	.globl _OV
                                     32 	.globl _F1
                                     33 	.globl _P
                                     34 	.globl _PS
                                     35 	.globl _PT1
                                     36 	.globl _PX1
                                     37 	.globl _PT0
                                     38 	.globl _PX0
                                     39 	.globl _RD
                                     40 	.globl _WR
                                     41 	.globl _T1
                                     42 	.globl _T0
                                     43 	.globl _INT1
                                     44 	.globl _INT0
                                     45 	.globl _TXD
                                     46 	.globl _RXD
                                     47 	.globl _P3_7
                                     48 	.globl _P3_6
                                     49 	.globl _P3_5
                                     50 	.globl _P3_4
                                     51 	.globl _P3_3
                                     52 	.globl _P3_2
                                     53 	.globl _P3_1
                                     54 	.globl _P3_0
                                     55 	.globl _EA
                                     56 	.globl _ES
                                     57 	.globl _ET1
                                     58 	.globl _EX1
                                     59 	.globl _ET0
                                     60 	.globl _EX0
                                     61 	.globl _P2_7
                                     62 	.globl _P2_6
                                     63 	.globl _P2_5
                                     64 	.globl _P2_4
                                     65 	.globl _P2_3
                                     66 	.globl _P2_2
                                     67 	.globl _P2_1
                                     68 	.globl _P2_0
                                     69 	.globl _SM0
                                     70 	.globl _SM1
                                     71 	.globl _SM2
                                     72 	.globl _REN
                                     73 	.globl _TB8
                                     74 	.globl _RB8
                                     75 	.globl _TI
                                     76 	.globl _RI
                                     77 	.globl _P1_7
                                     78 	.globl _P1_6
                                     79 	.globl _P1_5
                                     80 	.globl _P1_4
                                     81 	.globl _P1_3
                                     82 	.globl _P1_2
                                     83 	.globl _P1_1
                                     84 	.globl _P1_0
                                     85 	.globl _TF1
                                     86 	.globl _TR1
                                     87 	.globl _TF0
                                     88 	.globl _TR0
                                     89 	.globl _IE1
                                     90 	.globl _IT1
                                     91 	.globl _IE0
                                     92 	.globl _IT0
                                     93 	.globl _P0_7
                                     94 	.globl _P0_6
                                     95 	.globl _P0_5
                                     96 	.globl _P0_4
                                     97 	.globl _P0_3
                                     98 	.globl _P0_2
                                     99 	.globl _P0_1
                                    100 	.globl _P0_0
                                    101 	.globl _P5_7
                                    102 	.globl _P5_6
                                    103 	.globl _P5_5
                                    104 	.globl _P5_4
                                    105 	.globl _P5_3
                                    106 	.globl _P5_2
                                    107 	.globl _P5_1
                                    108 	.globl _P5_0
                                    109 	.globl _P4_7
                                    110 	.globl _P4_6
                                    111 	.globl _P4_5
                                    112 	.globl _P4_4
                                    113 	.globl _P4_3
                                    114 	.globl _P4_2
                                    115 	.globl _P4_1
                                    116 	.globl _P4_0
                                    117 	.globl _PX0L
                                    118 	.globl _PT0L
                                    119 	.globl _PX1L
                                    120 	.globl _PT1L
                                    121 	.globl _PSL
                                    122 	.globl _PT2L
                                    123 	.globl _PPCL
                                    124 	.globl _EC
                                    125 	.globl _CCF0
                                    126 	.globl _CCF1
                                    127 	.globl _CCF2
                                    128 	.globl _CCF3
                                    129 	.globl _CCF4
                                    130 	.globl _CR
                                    131 	.globl _CF
                                    132 	.globl _TF2
                                    133 	.globl _EXF2
                                    134 	.globl _RCLK
                                    135 	.globl _TCLK
                                    136 	.globl _EXEN2
                                    137 	.globl _TR2
                                    138 	.globl _C_T2
                                    139 	.globl _CP_RL2
                                    140 	.globl _T2CON_7
                                    141 	.globl _T2CON_6
                                    142 	.globl _T2CON_5
                                    143 	.globl _T2CON_4
                                    144 	.globl _T2CON_3
                                    145 	.globl _T2CON_2
                                    146 	.globl _T2CON_1
                                    147 	.globl _T2CON_0
                                    148 	.globl _PT2
                                    149 	.globl _ET2
                                    150 	.globl _B
                                    151 	.globl _ACC
                                    152 	.globl _PSW
                                    153 	.globl _IP
                                    154 	.globl _P3
                                    155 	.globl _IE
                                    156 	.globl _P2
                                    157 	.globl _SBUF
                                    158 	.globl _SCON
                                    159 	.globl _P1
                                    160 	.globl _TH1
                                    161 	.globl _TH0
                                    162 	.globl _TL1
                                    163 	.globl _TL0
                                    164 	.globl _TMOD
                                    165 	.globl _TCON
                                    166 	.globl _PCON
                                    167 	.globl _DPH
                                    168 	.globl _DPL
                                    169 	.globl _SP
                                    170 	.globl _P0
                                    171 	.globl _EECON
                                    172 	.globl _KBF
                                    173 	.globl _KBE
                                    174 	.globl _KBLS
                                    175 	.globl _BRL
                                    176 	.globl _BDRCON
                                    177 	.globl _T2MOD
                                    178 	.globl _SPDAT
                                    179 	.globl _SPSTA
                                    180 	.globl _SPCON
                                    181 	.globl _SADEN
                                    182 	.globl _SADDR
                                    183 	.globl _WDTPRG
                                    184 	.globl _WDTRST
                                    185 	.globl _P5
                                    186 	.globl _P4
                                    187 	.globl _IPH1
                                    188 	.globl _IPL1
                                    189 	.globl _IPH0
                                    190 	.globl _IPL0
                                    191 	.globl _IEN1
                                    192 	.globl _IEN0
                                    193 	.globl _CMOD
                                    194 	.globl _CL
                                    195 	.globl _CH
                                    196 	.globl _CCON
                                    197 	.globl _CCAPM4
                                    198 	.globl _CCAPM3
                                    199 	.globl _CCAPM2
                                    200 	.globl _CCAPM1
                                    201 	.globl _CCAPM0
                                    202 	.globl _CCAP4L
                                    203 	.globl _CCAP3L
                                    204 	.globl _CCAP2L
                                    205 	.globl _CCAP1L
                                    206 	.globl _CCAP0L
                                    207 	.globl _CCAP4H
                                    208 	.globl _CCAP3H
                                    209 	.globl _CCAP2H
                                    210 	.globl _CCAP1H
                                    211 	.globl _CCAP0H
                                    212 	.globl _CKCON1
                                    213 	.globl _CKCON0
                                    214 	.globl _CKRL
                                    215 	.globl _AUXR1
                                    216 	.globl _AUXR
                                    217 	.globl _TH2
                                    218 	.globl _TL2
                                    219 	.globl _RCAP2H
                                    220 	.globl _RCAP2L
                                    221 	.globl _T2CON
                                    222 ;--------------------------------------------------------
                                    223 ; special function registers
                                    224 ;--------------------------------------------------------
                                    225 	.area RSEG    (ABS,DATA)
      000000                        226 	.org 0x0000
                           0000C8   227 _T2CON	=	0x00c8
                           0000CA   228 _RCAP2L	=	0x00ca
                           0000CB   229 _RCAP2H	=	0x00cb
                           0000CC   230 _TL2	=	0x00cc
                           0000CD   231 _TH2	=	0x00cd
                           00008E   232 _AUXR	=	0x008e
                           0000A2   233 _AUXR1	=	0x00a2
                           000097   234 _CKRL	=	0x0097
                           00008F   235 _CKCON0	=	0x008f
                           0000AF   236 _CKCON1	=	0x00af
                           0000FA   237 _CCAP0H	=	0x00fa
                           0000FB   238 _CCAP1H	=	0x00fb
                           0000FC   239 _CCAP2H	=	0x00fc
                           0000FD   240 _CCAP3H	=	0x00fd
                           0000FE   241 _CCAP4H	=	0x00fe
                           0000EA   242 _CCAP0L	=	0x00ea
                           0000EB   243 _CCAP1L	=	0x00eb
                           0000EC   244 _CCAP2L	=	0x00ec
                           0000ED   245 _CCAP3L	=	0x00ed
                           0000EE   246 _CCAP4L	=	0x00ee
                           0000DA   247 _CCAPM0	=	0x00da
                           0000DB   248 _CCAPM1	=	0x00db
                           0000DC   249 _CCAPM2	=	0x00dc
                           0000DD   250 _CCAPM3	=	0x00dd
                           0000DE   251 _CCAPM4	=	0x00de
                           0000D8   252 _CCON	=	0x00d8
                           0000F9   253 _CH	=	0x00f9
                           0000E9   254 _CL	=	0x00e9
                           0000D9   255 _CMOD	=	0x00d9
                           0000A8   256 _IEN0	=	0x00a8
                           0000B1   257 _IEN1	=	0x00b1
                           0000B8   258 _IPL0	=	0x00b8
                           0000B7   259 _IPH0	=	0x00b7
                           0000B2   260 _IPL1	=	0x00b2
                           0000B3   261 _IPH1	=	0x00b3
                           0000C0   262 _P4	=	0x00c0
                           0000E8   263 _P5	=	0x00e8
                           0000A6   264 _WDTRST	=	0x00a6
                           0000A7   265 _WDTPRG	=	0x00a7
                           0000A9   266 _SADDR	=	0x00a9
                           0000B9   267 _SADEN	=	0x00b9
                           0000C3   268 _SPCON	=	0x00c3
                           0000C4   269 _SPSTA	=	0x00c4
                           0000C5   270 _SPDAT	=	0x00c5
                           0000C9   271 _T2MOD	=	0x00c9
                           00009B   272 _BDRCON	=	0x009b
                           00009A   273 _BRL	=	0x009a
                           00009C   274 _KBLS	=	0x009c
                           00009D   275 _KBE	=	0x009d
                           00009E   276 _KBF	=	0x009e
                           0000D2   277 _EECON	=	0x00d2
                           000080   278 _P0	=	0x0080
                           000081   279 _SP	=	0x0081
                           000082   280 _DPL	=	0x0082
                           000083   281 _DPH	=	0x0083
                           000087   282 _PCON	=	0x0087
                           000088   283 _TCON	=	0x0088
                           000089   284 _TMOD	=	0x0089
                           00008A   285 _TL0	=	0x008a
                           00008B   286 _TL1	=	0x008b
                           00008C   287 _TH0	=	0x008c
                           00008D   288 _TH1	=	0x008d
                           000090   289 _P1	=	0x0090
                           000098   290 _SCON	=	0x0098
                           000099   291 _SBUF	=	0x0099
                           0000A0   292 _P2	=	0x00a0
                           0000A8   293 _IE	=	0x00a8
                           0000B0   294 _P3	=	0x00b0
                           0000B8   295 _IP	=	0x00b8
                           0000D0   296 _PSW	=	0x00d0
                           0000E0   297 _ACC	=	0x00e0
                           0000F0   298 _B	=	0x00f0
                                    299 ;--------------------------------------------------------
                                    300 ; special function bits
                                    301 ;--------------------------------------------------------
                                    302 	.area RSEG    (ABS,DATA)
      000000                        303 	.org 0x0000
                           0000AD   304 _ET2	=	0x00ad
                           0000BD   305 _PT2	=	0x00bd
                           0000C8   306 _T2CON_0	=	0x00c8
                           0000C9   307 _T2CON_1	=	0x00c9
                           0000CA   308 _T2CON_2	=	0x00ca
                           0000CB   309 _T2CON_3	=	0x00cb
                           0000CC   310 _T2CON_4	=	0x00cc
                           0000CD   311 _T2CON_5	=	0x00cd
                           0000CE   312 _T2CON_6	=	0x00ce
                           0000CF   313 _T2CON_7	=	0x00cf
                           0000C8   314 _CP_RL2	=	0x00c8
                           0000C9   315 _C_T2	=	0x00c9
                           0000CA   316 _TR2	=	0x00ca
                           0000CB   317 _EXEN2	=	0x00cb
                           0000CC   318 _TCLK	=	0x00cc
                           0000CD   319 _RCLK	=	0x00cd
                           0000CE   320 _EXF2	=	0x00ce
                           0000CF   321 _TF2	=	0x00cf
                           0000DF   322 _CF	=	0x00df
                           0000DE   323 _CR	=	0x00de
                           0000DC   324 _CCF4	=	0x00dc
                           0000DB   325 _CCF3	=	0x00db
                           0000DA   326 _CCF2	=	0x00da
                           0000D9   327 _CCF1	=	0x00d9
                           0000D8   328 _CCF0	=	0x00d8
                           0000AE   329 _EC	=	0x00ae
                           0000BE   330 _PPCL	=	0x00be
                           0000BD   331 _PT2L	=	0x00bd
                           0000BC   332 _PSL	=	0x00bc
                           0000BB   333 _PT1L	=	0x00bb
                           0000BA   334 _PX1L	=	0x00ba
                           0000B9   335 _PT0L	=	0x00b9
                           0000B8   336 _PX0L	=	0x00b8
                           0000C0   337 _P4_0	=	0x00c0
                           0000C1   338 _P4_1	=	0x00c1
                           0000C2   339 _P4_2	=	0x00c2
                           0000C3   340 _P4_3	=	0x00c3
                           0000C4   341 _P4_4	=	0x00c4
                           0000C5   342 _P4_5	=	0x00c5
                           0000C6   343 _P4_6	=	0x00c6
                           0000C7   344 _P4_7	=	0x00c7
                           0000E8   345 _P5_0	=	0x00e8
                           0000E9   346 _P5_1	=	0x00e9
                           0000EA   347 _P5_2	=	0x00ea
                           0000EB   348 _P5_3	=	0x00eb
                           0000EC   349 _P5_4	=	0x00ec
                           0000ED   350 _P5_5	=	0x00ed
                           0000EE   351 _P5_6	=	0x00ee
                           0000EF   352 _P5_7	=	0x00ef
                           000080   353 _P0_0	=	0x0080
                           000081   354 _P0_1	=	0x0081
                           000082   355 _P0_2	=	0x0082
                           000083   356 _P0_3	=	0x0083
                           000084   357 _P0_4	=	0x0084
                           000085   358 _P0_5	=	0x0085
                           000086   359 _P0_6	=	0x0086
                           000087   360 _P0_7	=	0x0087
                           000088   361 _IT0	=	0x0088
                           000089   362 _IE0	=	0x0089
                           00008A   363 _IT1	=	0x008a
                           00008B   364 _IE1	=	0x008b
                           00008C   365 _TR0	=	0x008c
                           00008D   366 _TF0	=	0x008d
                           00008E   367 _TR1	=	0x008e
                           00008F   368 _TF1	=	0x008f
                           000090   369 _P1_0	=	0x0090
                           000091   370 _P1_1	=	0x0091
                           000092   371 _P1_2	=	0x0092
                           000093   372 _P1_3	=	0x0093
                           000094   373 _P1_4	=	0x0094
                           000095   374 _P1_5	=	0x0095
                           000096   375 _P1_6	=	0x0096
                           000097   376 _P1_7	=	0x0097
                           000098   377 _RI	=	0x0098
                           000099   378 _TI	=	0x0099
                           00009A   379 _RB8	=	0x009a
                           00009B   380 _TB8	=	0x009b
                           00009C   381 _REN	=	0x009c
                           00009D   382 _SM2	=	0x009d
                           00009E   383 _SM1	=	0x009e
                           00009F   384 _SM0	=	0x009f
                           0000A0   385 _P2_0	=	0x00a0
                           0000A1   386 _P2_1	=	0x00a1
                           0000A2   387 _P2_2	=	0x00a2
                           0000A3   388 _P2_3	=	0x00a3
                           0000A4   389 _P2_4	=	0x00a4
                           0000A5   390 _P2_5	=	0x00a5
                           0000A6   391 _P2_6	=	0x00a6
                           0000A7   392 _P2_7	=	0x00a7
                           0000A8   393 _EX0	=	0x00a8
                           0000A9   394 _ET0	=	0x00a9
                           0000AA   395 _EX1	=	0x00aa
                           0000AB   396 _ET1	=	0x00ab
                           0000AC   397 _ES	=	0x00ac
                           0000AF   398 _EA	=	0x00af
                           0000B0   399 _P3_0	=	0x00b0
                           0000B1   400 _P3_1	=	0x00b1
                           0000B2   401 _P3_2	=	0x00b2
                           0000B3   402 _P3_3	=	0x00b3
                           0000B4   403 _P3_4	=	0x00b4
                           0000B5   404 _P3_5	=	0x00b5
                           0000B6   405 _P3_6	=	0x00b6
                           0000B7   406 _P3_7	=	0x00b7
                           0000B0   407 _RXD	=	0x00b0
                           0000B1   408 _TXD	=	0x00b1
                           0000B2   409 _INT0	=	0x00b2
                           0000B3   410 _INT1	=	0x00b3
                           0000B4   411 _T0	=	0x00b4
                           0000B5   412 _T1	=	0x00b5
                           0000B6   413 _WR	=	0x00b6
                           0000B7   414 _RD	=	0x00b7
                           0000B8   415 _PX0	=	0x00b8
                           0000B9   416 _PT0	=	0x00b9
                           0000BA   417 _PX1	=	0x00ba
                           0000BB   418 _PT1	=	0x00bb
                           0000BC   419 _PS	=	0x00bc
                           0000D0   420 _P	=	0x00d0
                           0000D1   421 _F1	=	0x00d1
                           0000D2   422 _OV	=	0x00d2
                           0000D3   423 _RS0	=	0x00d3
                           0000D4   424 _RS1	=	0x00d4
                           0000D5   425 _F0	=	0x00d5
                           0000D6   426 _AC	=	0x00d6
                           0000D7   427 _CY	=	0x00d7
                                    428 ;--------------------------------------------------------
                                    429 ; overlayable register banks
                                    430 ;--------------------------------------------------------
                                    431 	.area REG_BANK_0	(REL,OVR,DATA)
      000000                        432 	.ds 8
                                    433 ;--------------------------------------------------------
                                    434 ; internal ram data
                                    435 ;--------------------------------------------------------
                                    436 	.area DSEG    (DATA)
                                    437 ;--------------------------------------------------------
                                    438 ; overlayable items in internal ram
                                    439 ;--------------------------------------------------------
                                    440 ;--------------------------------------------------------
                                    441 ; Stack segment in internal ram
                                    442 ;--------------------------------------------------------
                                    443 	.area	SSEG
      000000                        444 __start__stack:
      000000                        445 	.ds	1
                                    446 
                                    447 ;--------------------------------------------------------
                                    448 ; indirectly addressable internal ram data
                                    449 ;--------------------------------------------------------
                                    450 	.area ISEG    (DATA)
                                    451 ;--------------------------------------------------------
                                    452 ; absolute internal ram data
                                    453 ;--------------------------------------------------------
                                    454 	.area IABS    (ABS,DATA)
                                    455 	.area IABS    (ABS,DATA)
                                    456 ;--------------------------------------------------------
                                    457 ; bit data
                                    458 ;--------------------------------------------------------
                                    459 	.area BSEG    (BIT)
                                    460 ;--------------------------------------------------------
                                    461 ; paged external ram data
                                    462 ;--------------------------------------------------------
                                    463 	.area PSEG    (PAG,XDATA)
                                    464 ;--------------------------------------------------------
                                    465 ; external ram data
                                    466 ;--------------------------------------------------------
                                    467 	.area XSEG    (XDATA)
                                    468 ;--------------------------------------------------------
                                    469 ; absolute external ram data
                                    470 ;--------------------------------------------------------
                                    471 	.area XABS    (ABS,XDATA)
                                    472 ;--------------------------------------------------------
                                    473 ; external initialized ram data
                                    474 ;--------------------------------------------------------
                                    475 	.area XISEG   (XDATA)
                                    476 	.area HOME    (CODE)
                                    477 	.area GSINIT0 (CODE)
                                    478 	.area GSINIT1 (CODE)
                                    479 	.area GSINIT2 (CODE)
                                    480 	.area GSINIT3 (CODE)
                                    481 	.area GSINIT4 (CODE)
                                    482 	.area GSINIT5 (CODE)
                                    483 	.area GSINIT  (CODE)
                                    484 	.area GSFINAL (CODE)
                                    485 	.area CSEG    (CODE)
                                    486 ;--------------------------------------------------------
                                    487 ; interrupt vector
                                    488 ;--------------------------------------------------------
                                    489 	.area HOME    (CODE)
      000000                        490 __interrupt_vect:
      000000 02r00r00         [24]  491 	ljmp	__sdcc_gsinit_startup
      000003 02r00r00         [24]  492 	ljmp	_do_nothing_isr
                                    493 ;--------------------------------------------------------
                                    494 ; global & static initialisations
                                    495 ;--------------------------------------------------------
                                    496 	.area HOME    (CODE)
                                    497 	.area GSINIT  (CODE)
                                    498 	.area GSFINAL (CODE)
                                    499 	.area GSINIT  (CODE)
                                    500 	.globl __sdcc_gsinit_startup
                                    501 	.globl __sdcc_program_startup
                                    502 	.globl __start__stack
                                    503 	.globl __mcs51_genXINIT
                                    504 	.globl __mcs51_genXRAMCLEAR
                                    505 	.globl __mcs51_genRAMCLEAR
                                    506 	.area GSFINAL (CODE)
      000000 02r00r06         [24]  507 	ljmp	__sdcc_program_startup
                                    508 ;--------------------------------------------------------
                                    509 ; Home
                                    510 ;--------------------------------------------------------
                                    511 	.area HOME    (CODE)
                                    512 	.area HOME    (CODE)
      000006                        513 __sdcc_program_startup:
      000006 02r01r18         [24]  514 	ljmp	_main
                                    515 ;	return from main will return to caller
                                    516 ;--------------------------------------------------------
                                    517 ; code
                                    518 ;--------------------------------------------------------
                                    519 	.area CSEG    (CODE)
                                    520 ;------------------------------------------------------------
                                    521 ;Allocation info for local variables in function 'do_nothing_isr'
                                    522 ;------------------------------------------------------------
                                    523 ;	src/main.c:25: void do_nothing_isr() __interrupt(0)
                                    524 ;	-----------------------------------------
                                    525 ;	 function do_nothing_isr
                                    526 ;	-----------------------------------------
      000000                        527 _do_nothing_isr:
                           000007   528 	ar7 = 0x07
                           000006   529 	ar6 = 0x06
                           000005   530 	ar5 = 0x05
                           000004   531 	ar4 = 0x04
                           000003   532 	ar3 = 0x03
                           000002   533 	ar2 = 0x02
                           000001   534 	ar1 = 0x01
                           000000   535 	ar0 = 0x00
                                    536 ;	src/main.c:27: CKRL = 0xFF;
      000000 75 97 FF         [24]  537 	mov	_CKRL,#0xff
                                    538 ;	src/main.c:28: return;
                                    539 ;	src/main.c:29: }
      000003 32               [24]  540 	reti
                                    541 ;	eliminated unneeded mov psw,# (no regs used in bank)
                                    542 ;	eliminated unneeded push/pop not_psw
                                    543 ;	eliminated unneeded push/pop dpl
                                    544 ;	eliminated unneeded push/pop dph
                                    545 ;	eliminated unneeded push/pop b
                                    546 ;	eliminated unneeded push/pop acc
                                    547 ;------------------------------------------------------------
                                    548 ;Allocation info for local variables in function '_sdcc_external_startup'
                                    549 ;------------------------------------------------------------
                                    550 ;	src/main.c:31: int _sdcc_external_startup()
                                    551 ;	-----------------------------------------
                                    552 ;	 function _sdcc_external_startup
                                    553 ;	-----------------------------------------
      000004                        554 __sdcc_external_startup:
                                    555 ;	src/main.c:35: CKCON0 |= 0x01;
      000004 43 8F 01         [24]  556 	orl	_CKCON0,#0x01
                                    557 ;	src/main.c:39: PCON &= ~0x80;
      000007 53 87 7F         [24]  558 	anl	_PCON,#0x7f
                                    559 ;	src/main.c:40: return 0;
      00000A 90 00 00         [24]  560 	mov	dptr,#0x0000
                                    561 ;	src/main.c:41: }
      00000D 22               [24]  562 	ret
                                    563 ;------------------------------------------------------------
                                    564 ;Allocation info for local variables in function 'run_pwm_command_handler'
                                    565 ;------------------------------------------------------------
                                    566 ;	src/main.c:43: void run_pwm_command_handler()
                                    567 ;	-----------------------------------------
                                    568 ;	 function run_pwm_command_handler
                                    569 ;	-----------------------------------------
      00000E                        570 _run_pwm_command_handler:
                                    571 ;	src/main.c:45: printf("\r\nRun PWM");
      00000E 74r00            [12]  572 	mov	a,#___str_0
      000010 C0 E0            [24]  573 	push	acc
      000012 74s00            [12]  574 	mov	a,#(___str_0 >> 8)
      000014 C0 E0            [24]  575 	push	acc
      000016 74 80            [12]  576 	mov	a,#0x80
      000018 C0 E0            [24]  577 	push	acc
      00001A 12r00r00         [24]  578 	lcall	_printf
      00001D 15 81            [12]  579 	dec	sp
      00001F 15 81            [12]  580 	dec	sp
      000021 15 81            [12]  581 	dec	sp
                                    582 ;	src/main.c:46: CCAP2H = 0xAA;// 0xFF(max) / 3 (so 33percent) * 2 (so inverted)
      000023 75 FC AA         [24]  583 	mov	_CCAP2H,#0xaa
                                    584 ;	src/main.c:47: CCAPM2 = 0x42; // sets ecom and pwm
      000026 75 DC 42         [24]  585 	mov	_CCAPM2,#0x42
                                    586 ;	src/main.c:49: }
      000029 22               [24]  587 	ret
                                    588 ;------------------------------------------------------------
                                    589 ;Allocation info for local variables in function 'stop_pwm_command_handler'
                                    590 ;------------------------------------------------------------
                                    591 ;	src/main.c:51: void stop_pwm_command_handler()
                                    592 ;	-----------------------------------------
                                    593 ;	 function stop_pwm_command_handler
                                    594 ;	-----------------------------------------
      00002A                        595 _stop_pwm_command_handler:
                                    596 ;	src/main.c:53: printf("\r\nStop P1.5 Output");
      00002A 74r0A            [12]  597 	mov	a,#___str_1
      00002C C0 E0            [24]  598 	push	acc
      00002E 74s00            [12]  599 	mov	a,#(___str_1 >> 8)
      000030 C0 E0            [24]  600 	push	acc
      000032 74 80            [12]  601 	mov	a,#0x80
      000034 C0 E0            [24]  602 	push	acc
      000036 12r00r00         [24]  603 	lcall	_printf
      000039 15 81            [12]  604 	dec	sp
      00003B 15 81            [12]  605 	dec	sp
      00003D 15 81            [12]  606 	dec	sp
                                    607 ;	src/main.c:54: CCAPM2 = 0x00; //turn of the pwm signal
      00003F 75 DC 00         [24]  608 	mov	_CCAPM2,#0x00
                                    609 ;	src/main.c:55: CKRL = 0xFF;
      000042 75 97 FF         [24]  610 	mov	_CKRL,#0xff
                                    611 ;	src/main.c:56: }
      000045 22               [24]  612 	ret
                                    613 ;------------------------------------------------------------
                                    614 ;Allocation info for local variables in function 'max_clock_speed_command_handler'
                                    615 ;------------------------------------------------------------
                                    616 ;	src/main.c:58: void max_clock_speed_command_handler()
                                    617 ;	-----------------------------------------
                                    618 ;	 function max_clock_speed_command_handler
                                    619 ;	-----------------------------------------
      000046                        620 _max_clock_speed_command_handler:
                                    621 ;	src/main.c:60: printf("\r\nMax Speed clk");
      000046 74r1D            [12]  622 	mov	a,#___str_2
      000048 C0 E0            [24]  623 	push	acc
      00004A 74s00            [12]  624 	mov	a,#(___str_2 >> 8)
      00004C C0 E0            [24]  625 	push	acc
      00004E 74 80            [12]  626 	mov	a,#0x80
      000050 C0 E0            [24]  627 	push	acc
      000052 12r00r00         [24]  628 	lcall	_printf
      000055 15 81            [12]  629 	dec	sp
      000057 15 81            [12]  630 	dec	sp
      000059 15 81            [12]  631 	dec	sp
                                    632 ;	src/main.c:61: CKRL = 0xFF; //we are already at the max clock speed
      00005B 75 97 FF         [24]  633 	mov	_CKRL,#0xff
                                    634 ;	src/main.c:62: }
      00005E 22               [24]  635 	ret
                                    636 ;------------------------------------------------------------
                                    637 ;Allocation info for local variables in function 'min_clock_speed_command_handler'
                                    638 ;------------------------------------------------------------
                                    639 ;	src/main.c:64: void min_clock_speed_command_handler()
                                    640 ;	-----------------------------------------
                                    641 ;	 function min_clock_speed_command_handler
                                    642 ;	-----------------------------------------
      00005F                        643 _min_clock_speed_command_handler:
                                    644 ;	src/main.c:66: printf("\r\nMin Speed clk");
      00005F 74r2D            [12]  645 	mov	a,#___str_3
      000061 C0 E0            [24]  646 	push	acc
      000063 74s00            [12]  647 	mov	a,#(___str_3 >> 8)
      000065 C0 E0            [24]  648 	push	acc
      000067 74 80            [12]  649 	mov	a,#0x80
      000069 C0 E0            [24]  650 	push	acc
      00006B 12r00r00         [24]  651 	lcall	_printf
      00006E 15 81            [12]  652 	dec	sp
      000070 15 81            [12]  653 	dec	sp
      000072 15 81            [12]  654 	dec	sp
                                    655 ;	src/main.c:67: CKRL = 0x00;
      000074 75 97 00         [24]  656 	mov	_CKRL,#0x00
                                    657 ;	src/main.c:68: }
      000077 22               [24]  658 	ret
                                    659 ;------------------------------------------------------------
                                    660 ;Allocation info for local variables in function 'kick_the_dog'
                                    661 ;------------------------------------------------------------
                                    662 ;	src/main.c:70: void kick_the_dog()
                                    663 ;	-----------------------------------------
                                    664 ;	 function kick_the_dog
                                    665 ;	-----------------------------------------
      000078                        666 _kick_the_dog:
                                    667 ;	src/main.c:72: return;
                                    668 ;	src/main.c:73: }
      000078 22               [24]  669 	ret
                                    670 ;------------------------------------------------------------
                                    671 ;Allocation info for local variables in function 'init_watchdog'
                                    672 ;------------------------------------------------------------
                                    673 ;	src/main.c:78: void init_watchdog()
                                    674 ;	-----------------------------------------
                                    675 ;	 function init_watchdog
                                    676 ;	-----------------------------------------
      000079                        677 _init_watchdog:
                                    678 ;	src/main.c:80: CMOD |= 0x40;
      000079 43 D9 40         [24]  679 	orl	_CMOD,#0x40
                                    680 ;	src/main.c:81: CCAP4L = 0x00;
      00007C 75 EE 00         [24]  681 	mov	_CCAP4L,#0x00
                                    682 ;	src/main.c:82: CCAP4H = 0x00;
      00007F 75 FE 00         [24]  683 	mov	_CCAP4H,#0x00
                                    684 ;	src/main.c:83: kick_the_dog();
      000082 12r00r78         [24]  685 	lcall	_kick_the_dog
                                    686 ;	src/main.c:84: CCAPM4 = 0x48;
      000085 75 DE 48         [24]  687 	mov	_CCAPM4,#0x48
                                    688 ;	src/main.c:85: }
      000088 22               [24]  689 	ret
                                    690 ;------------------------------------------------------------
                                    691 ;Allocation info for local variables in function 'freeze_command_handler'
                                    692 ;------------------------------------------------------------
                                    693 ;	src/main.c:87: void freeze_command_handler()
                                    694 ;	-----------------------------------------
                                    695 ;	 function freeze_command_handler
                                    696 ;	-----------------------------------------
      000089                        697 _freeze_command_handler:
                                    698 ;	src/main.c:89: printf("\r\nFreezing (triggers watchdog)");
      000089 74r3D            [12]  699 	mov	a,#___str_4
      00008B C0 E0            [24]  700 	push	acc
      00008D 74s00            [12]  701 	mov	a,#(___str_4 >> 8)
      00008F C0 E0            [24]  702 	push	acc
      000091 74 80            [12]  703 	mov	a,#0x80
      000093 C0 E0            [24]  704 	push	acc
      000095 12r00r00         [24]  705 	lcall	_printf
      000098 15 81            [12]  706 	dec	sp
      00009A 15 81            [12]  707 	dec	sp
      00009C 15 81            [12]  708 	dec	sp
                                    709 ;	src/main.c:90: init_watchdog();
      00009E 12r00r79         [24]  710 	lcall	_init_watchdog
      0000A1                        711 00103$:
                                    712 ;	src/main.c:92: }
      0000A1 80 FE            [24]  713 	sjmp	00103$
                                    714 ;------------------------------------------------------------
                                    715 ;Allocation info for local variables in function 'enter_idle_mode'
                                    716 ;------------------------------------------------------------
                                    717 ;	src/main.c:94: void enter_idle_mode()
                                    718 ;	-----------------------------------------
                                    719 ;	 function enter_idle_mode
                                    720 ;	-----------------------------------------
      0000A3                        721 _enter_idle_mode:
                                    722 ;	src/main.c:96: printf("\r\nEnter Idle Mode");
      0000A3 74r5C            [12]  723 	mov	a,#___str_5
      0000A5 C0 E0            [24]  724 	push	acc
      0000A7 74s00            [12]  725 	mov	a,#(___str_5 >> 8)
      0000A9 C0 E0            [24]  726 	push	acc
      0000AB 74 80            [12]  727 	mov	a,#0x80
      0000AD C0 E0            [24]  728 	push	acc
      0000AF 12r00r00         [24]  729 	lcall	_printf
      0000B2 15 81            [12]  730 	dec	sp
      0000B4 15 81            [12]  731 	dec	sp
      0000B6 15 81            [12]  732 	dec	sp
                                    733 ;	src/main.c:98: PCON |= 0x01;
      0000B8 43 87 01         [24]  734 	orl	_PCON,#0x01
                                    735 ;	src/main.c:99: printf("\r\nExiting Idle Mode");
      0000BB 74r6E            [12]  736 	mov	a,#___str_6
      0000BD C0 E0            [24]  737 	push	acc
      0000BF 74s00            [12]  738 	mov	a,#(___str_6 >> 8)
      0000C1 C0 E0            [24]  739 	push	acc
      0000C3 74 80            [12]  740 	mov	a,#0x80
      0000C5 C0 E0            [24]  741 	push	acc
      0000C7 12r00r00         [24]  742 	lcall	_printf
      0000CA 15 81            [12]  743 	dec	sp
      0000CC 15 81            [12]  744 	dec	sp
      0000CE 15 81            [12]  745 	dec	sp
                                    746 ;	src/main.c:100: }
      0000D0 22               [24]  747 	ret
                                    748 ;------------------------------------------------------------
                                    749 ;Allocation info for local variables in function 'enter_power_down_mode'
                                    750 ;------------------------------------------------------------
                                    751 ;	src/main.c:102: void enter_power_down_mode()
                                    752 ;	-----------------------------------------
                                    753 ;	 function enter_power_down_mode
                                    754 ;	-----------------------------------------
      0000D1                        755 _enter_power_down_mode:
                                    756 ;	src/main.c:104: printf("\r\nEnter Power Down Mode");
      0000D1 74r82            [12]  757 	mov	a,#___str_7
      0000D3 C0 E0            [24]  758 	push	acc
      0000D5 74s00            [12]  759 	mov	a,#(___str_7 >> 8)
      0000D7 C0 E0            [24]  760 	push	acc
      0000D9 74 80            [12]  761 	mov	a,#0x80
      0000DB C0 E0            [24]  762 	push	acc
      0000DD 12r00r00         [24]  763 	lcall	_printf
      0000E0 15 81            [12]  764 	dec	sp
      0000E2 15 81            [12]  765 	dec	sp
      0000E4 15 81            [12]  766 	dec	sp
                                    767 ;	src/main.c:105: PCON |= 0x02;
      0000E6 43 87 02         [24]  768 	orl	_PCON,#0x02
                                    769 ;	src/main.c:106: printf("\r\nExiting Power Down Mode");
      0000E9 74r9A            [12]  770 	mov	a,#___str_8
      0000EB C0 E0            [24]  771 	push	acc
      0000ED 74s00            [12]  772 	mov	a,#(___str_8 >> 8)
      0000EF C0 E0            [24]  773 	push	acc
      0000F1 74 80            [12]  774 	mov	a,#0x80
      0000F3 C0 E0            [24]  775 	push	acc
      0000F5 12r00r00         [24]  776 	lcall	_printf
      0000F8 15 81            [12]  777 	dec	sp
      0000FA 15 81            [12]  778 	dec	sp
      0000FC 15 81            [12]  779 	dec	sp
                                    780 ;	src/main.c:107: }
      0000FE 22               [24]  781 	ret
                                    782 ;------------------------------------------------------------
                                    783 ;Allocation info for local variables in function 'high_speed_output_handler'
                                    784 ;------------------------------------------------------------
                                    785 ;	src/main.c:109: void high_speed_output_handler()
                                    786 ;	-----------------------------------------
                                    787 ;	 function high_speed_output_handler
                                    788 ;	-----------------------------------------
      0000FF                        789 _high_speed_output_handler:
                                    790 ;	src/main.c:111: printf("\r\n Doing high speed output");
      0000FF 74rB4            [12]  791 	mov	a,#___str_9
      000101 C0 E0            [24]  792 	push	acc
      000103 74s00            [12]  793 	mov	a,#(___str_9 >> 8)
      000105 C0 E0            [24]  794 	push	acc
      000107 74 80            [12]  795 	mov	a,#0x80
      000109 C0 E0            [24]  796 	push	acc
      00010B 12r00r00         [24]  797 	lcall	_printf
      00010E 15 81            [12]  798 	dec	sp
      000110 15 81            [12]  799 	dec	sp
      000112 15 81            [12]  800 	dec	sp
                                    801 ;	src/main.c:112: CCAPM2 = 0x4C;
      000114 75 DC 4C         [24]  802 	mov	_CCAPM2,#0x4c
                                    803 ;	src/main.c:114: }
      000117 22               [24]  804 	ret
                                    805 ;------------------------------------------------------------
                                    806 ;Allocation info for local variables in function 'main'
                                    807 ;------------------------------------------------------------
                                    808 ;c                         Allocated with name '_main_c_65536_88'
                                    809 ;received_char             Allocated with name '_main_received_char_196609_91'
                                    810 ;------------------------------------------------------------
                                    811 ;	src/main.c:116: void main()
                                    812 ;	-----------------------------------------
                                    813 ;	 function main
                                    814 ;	-----------------------------------------
      000118                        815 _main:
                                    816 ;	src/main.c:119: CR = 1; //turns on PCA
                                    817 ;	assignBit
      000118 D2 DE            [12]  818 	setb	_CR
                                    819 ;	src/main.c:122: IT0 = 1;
                                    820 ;	assignBit
      00011A D2 88            [12]  821 	setb	_IT0
                                    822 ;	src/main.c:123: EX0 = 1; 
                                    823 ;	assignBit
      00011C D2 A8            [12]  824 	setb	_EX0
                                    825 ;	src/main.c:124: EA = 1;
                                    826 ;	assignBit
      00011E D2 AF            [12]  827 	setb	_EA
      000120                        828 00114$:
                                    829 ;	src/main.c:127: printf("\r\nEnter a char: ");
      000120 74rCF            [12]  830 	mov	a,#___str_10
      000122 C0 E0            [24]  831 	push	acc
      000124 74s00            [12]  832 	mov	a,#(___str_10 >> 8)
      000126 C0 E0            [24]  833 	push	acc
      000128 74 80            [12]  834 	mov	a,#0x80
      00012A C0 E0            [24]  835 	push	acc
      00012C 12r00r00         [24]  836 	lcall	_printf
      00012F 15 81            [12]  837 	dec	sp
      000131 15 81            [12]  838 	dec	sp
      000133 15 81            [12]  839 	dec	sp
                                    840 ;	src/main.c:129: char received_char = get_next_input_char();
      000135 12r00r00         [24]  841 	lcall	_get_next_input_char
      000138 AF 82            [24]  842 	mov	r7,dpl
                                    843 ;	src/main.c:130: switch(received_char)
      00013A BF 66 03         [24]  844 	cjne	r7,#0x66,00157$
      00013D 02r02r44         [24]  845 	ljmp	00106$
      000140                        846 00157$:
      000140 BF 68 03         [24]  847 	cjne	r7,#0x68,00158$
      000143 02r02r4E         [24]  848 	ljmp	00108$
      000146                        849 00158$:
      000146 BF 69 03         [24]  850 	cjne	r7,#0x69,00159$
      000149 02r02r49         [24]  851 	ljmp	00107$
      00014C                        852 00159$:
      00014C BF 6C 03         [24]  853 	cjne	r7,#0x6c,00160$
      00014F 02r02r3F         [24]  854 	ljmp	00105$
      000152                        855 00160$:
      000152 BF 6D 02         [24]  856 	cjne	r7,#0x6d,00161$
      000155 80 1A            [24]  857 	sjmp	00101$
      000157                        858 00161$:
      000157 BF 70 03         [24]  859 	cjne	r7,#0x70,00162$
      00015A 02r02r53         [24]  860 	ljmp	00109$
      00015D                        861 00162$:
      00015D BF 72 03         [24]  862 	cjne	r7,#0x72,00163$
      000160 02r02r30         [24]  863 	ljmp	00102$
      000163                        864 00163$:
      000163 BF 73 03         [24]  865 	cjne	r7,#0x73,00164$
      000166 02r02r35         [24]  866 	ljmp	00103$
      000169                        867 00164$:
      000169 BF 77 03         [24]  868 	cjne	r7,#0x77,00165$
      00016C 02r02r3A         [24]  869 	ljmp	00104$
      00016F                        870 00165$:
                                    871 ;	src/main.c:132: case 'm':
      00016F 80 AF            [24]  872 	sjmp	00114$
      000171                        873 00101$:
                                    874 ;	src/main.c:133: printf("\r\n Menu");
      000171 74rE0            [12]  875 	mov	a,#___str_11
      000173 C0 E0            [24]  876 	push	acc
      000175 74s00            [12]  877 	mov	a,#(___str_11 >> 8)
      000177 C0 E0            [24]  878 	push	acc
      000179 74 80            [12]  879 	mov	a,#0x80
      00017B C0 E0            [24]  880 	push	acc
      00017D 12r00r00         [24]  881 	lcall	_printf
      000180 15 81            [12]  882 	dec	sp
      000182 15 81            [12]  883 	dec	sp
      000184 15 81            [12]  884 	dec	sp
                                    885 ;	src/main.c:134: printf("\r\nr: run pwm");
      000186 74rE8            [12]  886 	mov	a,#___str_12
      000188 C0 E0            [24]  887 	push	acc
      00018A 74s00            [12]  888 	mov	a,#(___str_12 >> 8)
      00018C C0 E0            [24]  889 	push	acc
      00018E 74 80            [12]  890 	mov	a,#0x80
      000190 C0 E0            [24]  891 	push	acc
      000192 12r00r00         [24]  892 	lcall	_printf
      000195 15 81            [12]  893 	dec	sp
      000197 15 81            [12]  894 	dec	sp
      000199 15 81            [12]  895 	dec	sp
                                    896 ;	src/main.c:135: printf("\r\ns: stop p1.5 output");
      00019B 74rF5            [12]  897 	mov	a,#___str_13
      00019D C0 E0            [24]  898 	push	acc
      00019F 74s00            [12]  899 	mov	a,#(___str_13 >> 8)
      0001A1 C0 E0            [24]  900 	push	acc
      0001A3 74 80            [12]  901 	mov	a,#0x80
      0001A5 C0 E0            [24]  902 	push	acc
      0001A7 12r00r00         [24]  903 	lcall	_printf
      0001AA 15 81            [12]  904 	dec	sp
      0001AC 15 81            [12]  905 	dec	sp
      0001AE 15 81            [12]  906 	dec	sp
                                    907 ;	src/main.c:136: printf("\r\nw: max clock speed");
      0001B0 74r0B            [12]  908 	mov	a,#___str_14
      0001B2 C0 E0            [24]  909 	push	acc
      0001B4 74s01            [12]  910 	mov	a,#(___str_14 >> 8)
      0001B6 C0 E0            [24]  911 	push	acc
      0001B8 74 80            [12]  912 	mov	a,#0x80
      0001BA C0 E0            [24]  913 	push	acc
      0001BC 12r00r00         [24]  914 	lcall	_printf
      0001BF 15 81            [12]  915 	dec	sp
      0001C1 15 81            [12]  916 	dec	sp
      0001C3 15 81            [12]  917 	dec	sp
                                    918 ;	src/main.c:137: printf("\r\nl: min clock speed");
      0001C5 74r20            [12]  919 	mov	a,#___str_15
      0001C7 C0 E0            [24]  920 	push	acc
      0001C9 74s01            [12]  921 	mov	a,#(___str_15 >> 8)
      0001CB C0 E0            [24]  922 	push	acc
      0001CD 74 80            [12]  923 	mov	a,#0x80
      0001CF C0 E0            [24]  924 	push	acc
      0001D1 12r00r00         [24]  925 	lcall	_printf
      0001D4 15 81            [12]  926 	dec	sp
      0001D6 15 81            [12]  927 	dec	sp
      0001D8 15 81            [12]  928 	dec	sp
                                    929 ;	src/main.c:138: printf("\r\nf: freeze (triggers watchdog)");
      0001DA 74r35            [12]  930 	mov	a,#___str_16
      0001DC C0 E0            [24]  931 	push	acc
      0001DE 74s01            [12]  932 	mov	a,#(___str_16 >> 8)
      0001E0 C0 E0            [24]  933 	push	acc
      0001E2 74 80            [12]  934 	mov	a,#0x80
      0001E4 C0 E0            [24]  935 	push	acc
      0001E6 12r00r00         [24]  936 	lcall	_printf
      0001E9 15 81            [12]  937 	dec	sp
      0001EB 15 81            [12]  938 	dec	sp
      0001ED 15 81            [12]  939 	dec	sp
                                    940 ;	src/main.c:139: printf("\r\nh: high speed output");
      0001EF 74r55            [12]  941 	mov	a,#___str_17
      0001F1 C0 E0            [24]  942 	push	acc
      0001F3 74s01            [12]  943 	mov	a,#(___str_17 >> 8)
      0001F5 C0 E0            [24]  944 	push	acc
      0001F7 74 80            [12]  945 	mov	a,#0x80
      0001F9 C0 E0            [24]  946 	push	acc
      0001FB 12r00r00         [24]  947 	lcall	_printf
      0001FE 15 81            [12]  948 	dec	sp
      000200 15 81            [12]  949 	dec	sp
      000202 15 81            [12]  950 	dec	sp
                                    951 ;	src/main.c:140: printf("\r\np: power down mode");
      000204 74r6C            [12]  952 	mov	a,#___str_18
      000206 C0 E0            [24]  953 	push	acc
      000208 74s01            [12]  954 	mov	a,#(___str_18 >> 8)
      00020A C0 E0            [24]  955 	push	acc
      00020C 74 80            [12]  956 	mov	a,#0x80
      00020E C0 E0            [24]  957 	push	acc
      000210 12r00r00         [24]  958 	lcall	_printf
      000213 15 81            [12]  959 	dec	sp
      000215 15 81            [12]  960 	dec	sp
      000217 15 81            [12]  961 	dec	sp
                                    962 ;	src/main.c:141: printf("\r\ni: enter idle mode for a bit");
      000219 74r81            [12]  963 	mov	a,#___str_19
      00021B C0 E0            [24]  964 	push	acc
      00021D 74s01            [12]  965 	mov	a,#(___str_19 >> 8)
      00021F C0 E0            [24]  966 	push	acc
      000221 74 80            [12]  967 	mov	a,#0x80
      000223 C0 E0            [24]  968 	push	acc
      000225 12r00r00         [24]  969 	lcall	_printf
      000228 15 81            [12]  970 	dec	sp
      00022A 15 81            [12]  971 	dec	sp
      00022C 15 81            [12]  972 	dec	sp
                                    973 ;	src/main.c:142: break;
                                    974 ;	src/main.c:143: case 'r':
      00022E 80 26            [24]  975 	sjmp	00111$
      000230                        976 00102$:
                                    977 ;	src/main.c:144: run_pwm_command_handler();
      000230 12r00r0E         [24]  978 	lcall	_run_pwm_command_handler
                                    979 ;	src/main.c:145: break;
                                    980 ;	src/main.c:146: case 's':
      000233 80 21            [24]  981 	sjmp	00111$
      000235                        982 00103$:
                                    983 ;	src/main.c:147: stop_pwm_command_handler();
      000235 12r00r2A         [24]  984 	lcall	_stop_pwm_command_handler
                                    985 ;	src/main.c:148: break;
                                    986 ;	src/main.c:149: case 'w':
      000238 80 1C            [24]  987 	sjmp	00111$
      00023A                        988 00104$:
                                    989 ;	src/main.c:150: max_clock_speed_command_handler();
      00023A 12r00r46         [24]  990 	lcall	_max_clock_speed_command_handler
                                    991 ;	src/main.c:151: break;
                                    992 ;	src/main.c:152: case 'l':
      00023D 80 17            [24]  993 	sjmp	00111$
      00023F                        994 00105$:
                                    995 ;	src/main.c:153: min_clock_speed_command_handler();
      00023F 12r00r5F         [24]  996 	lcall	_min_clock_speed_command_handler
                                    997 ;	src/main.c:154: break;
                                    998 ;	src/main.c:155: case 'f':
      000242 80 12            [24]  999 	sjmp	00111$
      000244                       1000 00106$:
                                   1001 ;	src/main.c:156: freeze_command_handler();
      000244 12r00r89         [24] 1002 	lcall	_freeze_command_handler
                                   1003 ;	src/main.c:157: break;
                                   1004 ;	src/main.c:158: case 'i':
      000247 80 0D            [24] 1005 	sjmp	00111$
      000249                       1006 00107$:
                                   1007 ;	src/main.c:159: enter_idle_mode();
      000249 12r00rA3         [24] 1008 	lcall	_enter_idle_mode
                                   1009 ;	src/main.c:160: break;
                                   1010 ;	src/main.c:161: case 'h':
      00024C 80 08            [24] 1011 	sjmp	00111$
      00024E                       1012 00108$:
                                   1013 ;	src/main.c:162: high_speed_output_handler();
      00024E 12r00rFF         [24] 1014 	lcall	_high_speed_output_handler
                                   1015 ;	src/main.c:163: break;
                                   1016 ;	src/main.c:164: case 'p':
      000251 80 03            [24] 1017 	sjmp	00111$
      000253                       1018 00109$:
                                   1019 ;	src/main.c:165: enter_power_down_mode();
      000253 12r00rD1         [24] 1020 	lcall	_enter_power_down_mode
                                   1021 ;	src/main.c:169: }
      000256                       1022 00111$:
                                   1023 ;	src/main.c:170: printf("\r\nEND COMMAND");
      000256 74rA0            [12] 1024 	mov	a,#___str_20
      000258 C0 E0            [24] 1025 	push	acc
      00025A 74s01            [12] 1026 	mov	a,#(___str_20 >> 8)
      00025C C0 E0            [24] 1027 	push	acc
      00025E 74 80            [12] 1028 	mov	a,#0x80
      000260 C0 E0            [24] 1029 	push	acc
      000262 12r00r00         [24] 1030 	lcall	_printf
      000265 15 81            [12] 1031 	dec	sp
      000267 15 81            [12] 1032 	dec	sp
      000269 15 81            [12] 1033 	dec	sp
                                   1034 ;	src/main.c:173: }
      00026B 02r01r20         [24] 1035 	ljmp	00114$
                                   1036 	.area CSEG    (CODE)
                                   1037 	.area CONST   (CODE)
                                   1038 	.area CONST   (CODE)
      000000                       1039 ___str_0:
      000000 0D                    1040 	.db 0x0d
      000001 0A                    1041 	.db 0x0a
      000002 52 75 6E 20 50 57 4D  1042 	.ascii "Run PWM"
      000009 00                    1043 	.db 0x00
                                   1044 	.area CSEG    (CODE)
                                   1045 	.area CONST   (CODE)
      00000A                       1046 ___str_1:
      00000A 0D                    1047 	.db 0x0d
      00000B 0A                    1048 	.db 0x0a
      00000C 53 74 6F 70 20 50 31  1049 	.ascii "Stop P1.5 Output"
             2E 35 20 4F 75 74 70
             75 74
      00001C 00                    1050 	.db 0x00
                                   1051 	.area CSEG    (CODE)
                                   1052 	.area CONST   (CODE)
      00001D                       1053 ___str_2:
      00001D 0D                    1054 	.db 0x0d
      00001E 0A                    1055 	.db 0x0a
      00001F 4D 61 78 20 53 70 65  1056 	.ascii "Max Speed clk"
             65 64 20 63 6C 6B
      00002C 00                    1057 	.db 0x00
                                   1058 	.area CSEG    (CODE)
                                   1059 	.area CONST   (CODE)
      00002D                       1060 ___str_3:
      00002D 0D                    1061 	.db 0x0d
      00002E 0A                    1062 	.db 0x0a
      00002F 4D 69 6E 20 53 70 65  1063 	.ascii "Min Speed clk"
             65 64 20 63 6C 6B
      00003C 00                    1064 	.db 0x00
                                   1065 	.area CSEG    (CODE)
                                   1066 	.area CONST   (CODE)
      00003D                       1067 ___str_4:
      00003D 0D                    1068 	.db 0x0d
      00003E 0A                    1069 	.db 0x0a
      00003F 46 72 65 65 7A 69 6E  1070 	.ascii "Freezing (triggers watchdog)"
             67 20 28 74 72 69 67
             67 65 72 73 20 77 61
             74 63 68 64 6F 67 29
      00005B 00                    1071 	.db 0x00
                                   1072 	.area CSEG    (CODE)
                                   1073 	.area CONST   (CODE)
      00005C                       1074 ___str_5:
      00005C 0D                    1075 	.db 0x0d
      00005D 0A                    1076 	.db 0x0a
      00005E 45 6E 74 65 72 20 49  1077 	.ascii "Enter Idle Mode"
             64 6C 65 20 4D 6F 64
             65
      00006D 00                    1078 	.db 0x00
                                   1079 	.area CSEG    (CODE)
                                   1080 	.area CONST   (CODE)
      00006E                       1081 ___str_6:
      00006E 0D                    1082 	.db 0x0d
      00006F 0A                    1083 	.db 0x0a
      000070 45 78 69 74 69 6E 67  1084 	.ascii "Exiting Idle Mode"
             20 49 64 6C 65 20 4D
             6F 64 65
      000081 00                    1085 	.db 0x00
                                   1086 	.area CSEG    (CODE)
                                   1087 	.area CONST   (CODE)
      000082                       1088 ___str_7:
      000082 0D                    1089 	.db 0x0d
      000083 0A                    1090 	.db 0x0a
      000084 45 6E 74 65 72 20 50  1091 	.ascii "Enter Power Down Mode"
             6F 77 65 72 20 44 6F
             77 6E 20 4D 6F 64 65
      000099 00                    1092 	.db 0x00
                                   1093 	.area CSEG    (CODE)
                                   1094 	.area CONST   (CODE)
      00009A                       1095 ___str_8:
      00009A 0D                    1096 	.db 0x0d
      00009B 0A                    1097 	.db 0x0a
      00009C 45 78 69 74 69 6E 67  1098 	.ascii "Exiting Power Down Mode"
             20 50 6F 77 65 72 20
             44 6F 77 6E 20 4D 6F
             64 65
      0000B3 00                    1099 	.db 0x00
                                   1100 	.area CSEG    (CODE)
                                   1101 	.area CONST   (CODE)
      0000B4                       1102 ___str_9:
      0000B4 0D                    1103 	.db 0x0d
      0000B5 0A                    1104 	.db 0x0a
      0000B6 20 44 6F 69 6E 67 20  1105 	.ascii " Doing high speed output"
             68 69 67 68 20 73 70
             65 65 64 20 6F 75 74
             70 75 74
      0000CE 00                    1106 	.db 0x00
                                   1107 	.area CSEG    (CODE)
                                   1108 	.area CONST   (CODE)
      0000CF                       1109 ___str_10:
      0000CF 0D                    1110 	.db 0x0d
      0000D0 0A                    1111 	.db 0x0a
      0000D1 45 6E 74 65 72 20 61  1112 	.ascii "Enter a char: "
             20 63 68 61 72 3A 20
      0000DF 00                    1113 	.db 0x00
                                   1114 	.area CSEG    (CODE)
                                   1115 	.area CONST   (CODE)
      0000E0                       1116 ___str_11:
      0000E0 0D                    1117 	.db 0x0d
      0000E1 0A                    1118 	.db 0x0a
      0000E2 20 4D 65 6E 75        1119 	.ascii " Menu"
      0000E7 00                    1120 	.db 0x00
                                   1121 	.area CSEG    (CODE)
                                   1122 	.area CONST   (CODE)
      0000E8                       1123 ___str_12:
      0000E8 0D                    1124 	.db 0x0d
      0000E9 0A                    1125 	.db 0x0a
      0000EA 72 3A 20 72 75 6E 20  1126 	.ascii "r: run pwm"
             70 77 6D
      0000F4 00                    1127 	.db 0x00
                                   1128 	.area CSEG    (CODE)
                                   1129 	.area CONST   (CODE)
      0000F5                       1130 ___str_13:
      0000F5 0D                    1131 	.db 0x0d
      0000F6 0A                    1132 	.db 0x0a
      0000F7 73 3A 20 73 74 6F 70  1133 	.ascii "s: stop p1.5 output"
             20 70 31 2E 35 20 6F
             75 74 70 75 74
      00010A 00                    1134 	.db 0x00
                                   1135 	.area CSEG    (CODE)
                                   1136 	.area CONST   (CODE)
      00010B                       1137 ___str_14:
      00010B 0D                    1138 	.db 0x0d
      00010C 0A                    1139 	.db 0x0a
      00010D 77 3A 20 6D 61 78 20  1140 	.ascii "w: max clock speed"
             63 6C 6F 63 6B 20 73
             70 65 65 64
      00011F 00                    1141 	.db 0x00
                                   1142 	.area CSEG    (CODE)
                                   1143 	.area CONST   (CODE)
      000120                       1144 ___str_15:
      000120 0D                    1145 	.db 0x0d
      000121 0A                    1146 	.db 0x0a
      000122 6C 3A 20 6D 69 6E 20  1147 	.ascii "l: min clock speed"
             63 6C 6F 63 6B 20 73
             70 65 65 64
      000134 00                    1148 	.db 0x00
                                   1149 	.area CSEG    (CODE)
                                   1150 	.area CONST   (CODE)
      000135                       1151 ___str_16:
      000135 0D                    1152 	.db 0x0d
      000136 0A                    1153 	.db 0x0a
      000137 66 3A 20 66 72 65 65  1154 	.ascii "f: freeze (triggers watchdog)"
             7A 65 20 28 74 72 69
             67 67 65 72 73 20 77
             61 74 63 68 64 6F 67
             29
      000154 00                    1155 	.db 0x00
                                   1156 	.area CSEG    (CODE)
                                   1157 	.area CONST   (CODE)
      000155                       1158 ___str_17:
      000155 0D                    1159 	.db 0x0d
      000156 0A                    1160 	.db 0x0a
      000157 68 3A 20 68 69 67 68  1161 	.ascii "h: high speed output"
             20 73 70 65 65 64 20
             6F 75 74 70 75 74
      00016B 00                    1162 	.db 0x00
                                   1163 	.area CSEG    (CODE)
                                   1164 	.area CONST   (CODE)
      00016C                       1165 ___str_18:
      00016C 0D                    1166 	.db 0x0d
      00016D 0A                    1167 	.db 0x0a
      00016E 70 3A 20 70 6F 77 65  1168 	.ascii "p: power down mode"
             72 20 64 6F 77 6E 20
             6D 6F 64 65
      000180 00                    1169 	.db 0x00
                                   1170 	.area CSEG    (CODE)
                                   1171 	.area CONST   (CODE)
      000181                       1172 ___str_19:
      000181 0D                    1173 	.db 0x0d
      000182 0A                    1174 	.db 0x0a
      000183 69 3A 20 65 6E 74 65  1175 	.ascii "i: enter idle mode for a bit"
             72 20 69 64 6C 65 20
             6D 6F 64 65 20 66 6F
             72 20 61 20 62 69 74
      00019F 00                    1176 	.db 0x00
                                   1177 	.area CSEG    (CODE)
                                   1178 	.area CONST   (CODE)
      0001A0                       1179 ___str_20:
      0001A0 0D                    1180 	.db 0x0d
      0001A1 0A                    1181 	.db 0x0a
      0001A2 45 4E 44 20 43 4F 4D  1182 	.ascii "END COMMAND"
             4D 41 4E 44
      0001AD 00                    1183 	.db 0x00
                                   1184 	.area CSEG    (CODE)
                                   1185 	.area XINIT   (CODE)
                                   1186 	.area CABS    (ABS,CODE)
